2023-10-16 08:54:43,773 - tensorflow - INFO - Using MirroredStrategy with devices ('/job:localhost/replica:0/task:0/device:GPU:0', '/job:localhost/replica:0/task:0/device:GPU:1')
2023-10-16 08:54:43,774 - DataProvider - INFO - Skipping Dataset validation...
2023-10-17 06:47:33,386 - tensorflow - INFO - Using MirroredStrategy with devices ('/job:localhost/replica:0/task:0/device:GPU:0', '/job:localhost/replica:0/task:0/device:GPU:1')
2023-10-17 06:47:33,387 - DataProvider - INFO - Skipping Dataset validation...
2023-10-17 07:03:03,347 - tensorflow - INFO - Using MirroredStrategy with devices ('/job:localhost/replica:0/task:0/device:GPU:0', '/job:localhost/replica:0/task:0/device:GPU:1')
2023-10-17 07:03:03,348 - DataProvider - INFO - Skipping Dataset validation...
2023-10-17 07:03:12,732 - tensorflow - INFO - batch_all_reduce: 98 all-reduces with algorithm = nccl, num_packs = 1
2023-10-17 07:03:26,849 - tensorflow - INFO - batch_all_reduce: 98 all-reduces with algorithm = nccl, num_packs = 1
2023-10-17 07:08:48,631 - tensorflow - INFO - Using MirroredStrategy with devices ('/job:localhost/replica:0/task:0/device:GPU:0', '/job:localhost/replica:0/task:0/device:GPU:1')
2023-10-17 07:08:48,632 - DataProvider - INFO - Skipping Dataset validation...
2023-10-17 07:08:57,727 - tensorflow - INFO - batch_all_reduce: 98 all-reduces with algorithm = nccl, num_packs = 1
2023-10-17 07:09:11,935 - tensorflow - INFO - batch_all_reduce: 98 all-reduces with algorithm = nccl, num_packs = 1
2023-10-17 07:11:02,328 - root - INFO - Epoch 0; loss: 3.2184641361236572; CER: 0.022005649283528328; WER: 0.07542520016431808; val_loss: 9.607139587402344; val_CER: 0.04625329002737999; val_WER: 0.13845278322696686
2023-10-17 07:12:28,681 - root - INFO - Epoch 1; loss: 3.2903552055358887; CER: 0.02223365753889084; WER: 0.07159062474966049; val_loss: 9.485960960388184; val_CER: 0.0488203689455986; val_WER: 0.14794526994228363
2023-10-17 07:13:50,283 - root - INFO - Epoch 2; loss: 2.9077062606811523; CER: 0.019059835001826286; WER: 0.06599677354097366; val_loss: 10.70875072479248; val_CER: 0.05565231293439865; val_WER: 0.14930182695388794
2023-10-17 07:15:13,317 - root - INFO - Epoch 3; loss: 2.946730136871338; CER: 0.02128242887556553; WER: 0.0681600496172905; val_loss: 8.884526252746582; val_CER: 0.04391512647271156; val_WER: 0.13217106461524963
2023-10-17 07:16:35,118 - root - INFO - Epoch 4; loss: 2.6624820232391357; CER: 0.017853574827313423; WER: 0.06253592669963837; val_loss: 8.944077491760254; val_CER: 0.048553526401519775; val_WER: 0.14418993890285492
2023-10-17 07:16:38,282 - tf2onnx.tfonnx - INFO - Using tensorflow=2.12.0, onnx=1.14.1, tf2onnx=1.15.1/37820d
2023-10-17 07:16:38,282 - tf2onnx.tfonnx - INFO - Using opset <onnx, 15>
2023-10-17 07:16:38,419 - tf2onnx.tf_utils - INFO - Computed 0 values for constant folding
2023-10-17 07:16:38,422 - tf2onnx.tf_utils - INFO - Computed 0 values for constant folding
2023-10-17 07:16:38,424 - tf2onnx.tf_utils - INFO - Computed 0 values for constant folding
2023-10-17 07:16:38,429 - tf2onnx.tf_utils - INFO - Computed 0 values for constant folding
2023-10-17 07:16:38,435 - tf2onnx.tf_utils - INFO - Computed 0 values for constant folding
2023-10-17 07:16:38,440 - tf2onnx.tf_utils - INFO - Computed 0 values for constant folding
2023-10-17 07:16:38,442 - tf2onnx.tf_utils - INFO - Computed 0 values for constant folding
2023-10-17 07:16:38,444 - tf2onnx.tf_utils - INFO - Computed 0 values for constant folding
2023-10-17 07:16:38,515 - tf2onnx.tf_utils - INFO - Computed 2 values for constant folding
2023-10-17 07:16:38,607 - tf2onnx.tfonnx - INFO - folding node using tf type=StridedSlice, name=model_3/bidirectional_6/forward_lstm_6/PartitionedCall/strided_slice
2023-10-17 07:16:38,608 - tf2onnx.tfonnx - INFO - folding node using tf type=StridedSlice, name=model_3/bidirectional_6/backward_lstm_6/PartitionedCall/strided_slice
2023-10-17 07:16:38,831 - tf2onnx.optimizer - INFO - Optimizing ONNX model
2023-10-17 07:16:40,314 - tf2onnx.optimizer - INFO - After optimization: BatchNormalization -18 (18->0), Cast -8 (17->9), Concat -8 (17->9), Const -173 (243->70), Expand -6 (8->2), Gather +3 (2->5), Identity -2 (2->0), Shape -2 (6->4), Slice -2 (9->7), Squeeze -5 (9->4), Transpose -86 (90->4), Unsqueeze -25 (29->4)
2023-10-17 07:42:27,062 - tensorflow - INFO - Using MirroredStrategy with devices ('/job:localhost/replica:0/task:0/device:GPU:0', '/job:localhost/replica:0/task:0/device:GPU:1')
2023-10-17 07:42:27,063 - DataProvider - INFO - Skipping Dataset validation...
2023-10-17 07:42:36,009 - tensorflow - INFO - batch_all_reduce: 98 all-reduces with algorithm = nccl, num_packs = 1
2023-10-17 07:42:49,854 - tensorflow - INFO - batch_all_reduce: 98 all-reduces with algorithm = nccl, num_packs = 1
2023-10-17 07:44:44,951 - root - INFO - Epoch 0; loss: 3.2975358963012695; CER: 0.022586647421121597; WER: 0.07654837518930435; val_loss: 8.995488166809082; val_CER: 0.0441463477909565; val_WER: 0.1301094889640808
2023-10-17 07:46:06,403 - root - INFO - Epoch 1; loss: 3.0014922618865967; CER: 0.019421782344579697; WER: 0.067291758954525; val_loss: 8.661197662353516; val_CER: 0.040098581463098526; val_WER: 0.12970803678035736
2023-10-17 07:47:28,713 - root - INFO - Epoch 2; loss: 2.760578155517578; CER: 0.017070872709155083; WER: 0.06128239259123802; val_loss: 9.077926635742188; val_CER: 0.04018934816122055; val_WER: 0.12680567800998688
2023-10-17 07:49:50,098 - root - INFO - Epoch 3; loss: 2.528398036956787; CER: 0.01579262502491474; WER: 0.058706142008304596; val_loss: 8.4691801071167; val_CER: 0.04006084427237511; val_WER: 0.12232910096645355
2023-10-17 07:51:11,231 - root - INFO - Epoch 4; loss: 2.596433401107788; CER: 0.017703011631965637; WER: 0.06258136034011841; val_loss: 8.974689483642578; val_CER: 0.05591132491827011; val_WER: 0.16170336306095123
2023-10-17 07:52:33,811 - root - INFO - Epoch 5; loss: 2.57328462600708; CER: 0.015749434009194374; WER: 0.05459345504641533; val_loss: 9.133258819580078; val_CER: 0.04611761495471001; val_WER: 0.14146552979946136
2023-10-17 07:53:54,462 - root - INFO - Epoch 6; loss: 2.3991734981536865; CER: 0.016691770404577255; WER: 0.05903938040137291; val_loss: 8.613892555236816; val_CER: 0.04472259432077408; val_WER: 0.1259319931268692
2023-10-17 07:55:16,251 - root - INFO - Epoch 7; loss: 2.616205930709839; CER: 0.018889008089900017; WER: 0.06251953542232513; val_loss: 7.9089765548706055; val_CER: 0.04936053603887558; val_WER: 0.1377282589673996
2023-10-17 07:56:36,985 - root - INFO - Epoch 8; loss: 2.390669345855713; CER: 0.014746337197721004; WER: 0.05312161520123482; val_loss: 8.789102554321289; val_CER: 0.046376343816518784; val_WER: 0.13935059309005737
2023-10-17 07:57:58,270 - root - INFO - Epoch 9; loss: 2.252028703689575; CER: 0.014924048446118832; WER: 0.05285884439945221; val_loss: 8.242219924926758; val_CER: 0.03727342188358307; val_WER: 0.11733757704496384
2023-10-17 07:59:18,906 - root - INFO - Epoch 10; loss: 2.1027936935424805; CER: 0.014021098613739014; WER: 0.05053946375846863; val_loss: 8.725143432617188; val_CER: 0.043299563229084015; val_WER: 0.12103912979364395
2023-10-17 08:00:40,636 - root - INFO - Epoch 11; loss: 2.1888747215270996; CER: 0.014922965317964554; WER: 0.052654724568128586; val_loss: 9.01675796508789; val_CER: 0.03890836983919144; val_WER: 0.12987542152404785
2023-10-17 08:02:01,326 - root - INFO - Epoch 12; loss: 1.9817301034927368; CER: 0.012687868438661098; WER: 0.04441333934664726; val_loss: 8.945109367370605; val_CER: 0.03925866633653641; val_WER: 0.11764953285455704
2023-10-17 08:03:22,599 - root - INFO - Epoch 13; loss: 2.4559082984924316; CER: 0.01549205370247364; WER: 0.05332445725798607; val_loss: 72.06566619873047; val_CER: 0.34790459275245667; val_WER: 0.5945424437522888
2023-10-17 08:04:44,001 - root - INFO - Epoch 14; loss: 2.632615089416504; CER: 0.017230745404958725; WER: 0.05674367398023605; val_loss: 8.346809387207031; val_CER: 0.03452514111995697; val_WER: 0.11024267226457596
2023-10-17 08:06:03,934 - root - INFO - Epoch 15; loss: 2.413194417953491; CER: 0.015331204049289227; WER: 0.05025317892432213; val_loss: 8.918079376220703; val_CER: 0.03720206394791603; val_WER: 0.11980190873146057
2023-10-17 08:07:24,566 - root - INFO - Epoch 16; loss: 2.1871633529663086; CER: 0.015542393550276756; WER: 0.05327828601002693; val_loss: 9.208523750305176; val_CER: 0.04885027930140495; val_WER: 0.13956670463085175
2023-10-17 08:08:44,098 - root - INFO - Epoch 17; loss: 1.8982820510864258; CER: 0.012896895408630371; WER: 0.04500540718436241; val_loss: 8.986374855041504; val_CER: 0.040623120963573456; val_WER: 0.12180783599615097
2023-10-17 08:10:05,114 - root - INFO - Epoch 18; loss: 1.8984928131103516; CER: 0.011654593981802464; WER: 0.04222411662340164; val_loss: 9.119234085083008; val_CER: 0.04353886842727661; val_WER: 0.11728435754776001
2023-10-17 08:11:24,530 - root - INFO - Epoch 19; loss: 1.5988693237304688; CER: 0.011018959805369377; WER: 0.03902030736207962; val_loss: 8.82945728302002; val_CER: 0.04909387230873108; val_WER: 0.1334102302789688
2023-10-17 08:48:43,653 - tensorflow - INFO - Error reported to Coordinator: 
Traceback (most recent call last):
  File "/opt/conda/lib/python3.10/site-packages/tensorflow/python/training/coordinator.py", line 293, in stop_on_exception
    yield
  File "/opt/conda/lib/python3.10/site-packages/tensorflow/python/distribute/mirrored_run.py", line 226, in _call_for_each_replica
    t.has_paused.wait()
  File "/opt/conda/lib/python3.10/threading.py", line 607, in wait
    signaled = self._cond.wait(timeout)
  File "/opt/conda/lib/python3.10/threading.py", line 320, in wait
    waiter.acquire()
KeyboardInterrupt
2023-10-17 08:52:10,762 - tensorflow - INFO - batch_all_reduce: 98 all-reduces with algorithm = nccl, num_packs = 1
2023-10-17 08:52:24,542 - tensorflow - INFO - batch_all_reduce: 98 all-reduces with algorithm = nccl, num_packs = 1
2023-10-17 08:54:45,872 - root - INFO - Epoch 0; loss: 3.1580700874328613; CER: 0.022395743057131767; WER: 0.07625673711299896; val_loss: 8.996871948242188; val_CER: 0.04267333075404167; val_WER: 0.1270299255847931
2023-10-17 08:56:16,578 - root - INFO - Epoch 1; loss: 2.8739163875579834; CER: 0.019771020859479904; WER: 0.06748542189598083; val_loss: 9.14521312713623; val_CER: 0.0448087640106678; val_WER: 0.13197486102581024
2023-10-17 08:57:37,869 - root - INFO - Epoch 2; loss: 2.961602210998535; CER: 0.018998147919774055; WER: 0.06524405628442764; val_loss: 9.808016777038574; val_CER: 0.04750806838274002; val_WER: 0.14196960628032684
2023-10-17 08:59:00,990 - root - INFO - Epoch 3; loss: 2.7277605533599854; CER: 0.017906805500388145; WER: 0.0611269474029541; val_loss: 8.933783531188965; val_CER: 0.039071083068847656; val_WER: 0.12217114865779877
2023-10-17 09:01:21,507 - root - INFO - Epoch 4; loss: 2.6747469902038574; CER: 0.017108745872974396; WER: 0.060435160994529724; val_loss: 8.575325012207031; val_CER: 0.04421423375606537; val_WER: 0.12637263536453247
2023-10-17 09:02:44,070 - root - INFO - Epoch 5; loss: 2.6600944995880127; CER: 0.017895342782139778; WER: 0.06324104219675064; val_loss: 9.087592124938965; val_CER: 0.040286507457494736; val_WER: 0.12758569419384003
2023-10-17 09:05:04,268 - root - INFO - Epoch 6; loss: 2.5218586921691895; CER: 0.015926644206047058; WER: 0.05443940311670303; val_loss: 9.062615394592285; val_CER: 0.04219469428062439; val_WER: 0.12189151346683502
2023-10-17 09:06:26,603 - root - INFO - Epoch 7; loss: 2.674612283706665; CER: 0.017329996451735497; WER: 0.059189703315496445; val_loss: 8.73819351196289; val_CER: 0.03784952312707901; val_WER: 0.11591896414756775
2023-10-17 09:07:48,604 - root - INFO - Epoch 8; loss: 2.444899559020996; CER: 0.016521351411938667; WER: 0.059703484177589417; val_loss: 8.753950119018555; val_CER: 0.03984580188989639; val_WER: 0.12253012508153915
2023-10-17 09:09:09,917 - root - INFO - Epoch 9; loss: 2.6234378814697266; CER: 0.018030885607004166; WER: 0.06188387796282768; val_loss: 8.826607704162598; val_CER: 0.03654959052801132; val_WER: 0.11347682774066925
2023-10-17 09:10:32,097 - root - INFO - Epoch 10; loss: 2.508401870727539; CER: 0.01706310547888279; WER: 0.06011436507105827; val_loss: 9.595924377441406; val_CER: 0.053138211369514465; val_WER: 0.15946854650974274
2023-10-17 09:12:53,923 - root - INFO - Epoch 11; loss: 2.5303637981414795; CER: 0.016409536823630333; WER: 0.055024199187755585; val_loss: 9.05022144317627; val_CER: 0.0432673878967762; val_WER: 0.12440462410449982
2023-10-17 09:14:15,469 - root - INFO - Epoch 12; loss: 2.4426963329315186; CER: 0.015404119156301022; WER: 0.053995274007320404; val_loss: 9.283530235290527; val_CER: 0.05035613849759102; val_WER: 0.15175054967403412
2023-10-17 09:15:36,829 - root - INFO - Epoch 13; loss: 2.46258544921875; CER: 0.016133388504385948; WER: 0.055061906576156616; val_loss: 8.775217056274414; val_CER: 0.035033565014600754; val_WER: 0.11568307131528854
2023-10-17 09:17:00,263 - root - INFO - Epoch 14; loss: 2.058534622192383; CER: 0.013873008079826832; WER: 0.04748288914561272; val_loss: 7.738121509552002; val_CER: 0.034688930958509445; val_WER: 0.10319698601961136
2023-10-17 09:19:19,871 - root - INFO - Epoch 15; loss: 2.059598445892334; CER: 0.012495999224483967; WER: 0.04471047595143318; val_loss: 9.01354694366455; val_CER: 0.039238132536411285; val_WER: 0.11967936158180237
2023-10-17 09:20:42,974 - root - INFO - Epoch 16; loss: 2.4191360473632812; CER: 0.015447254292666912; WER: 0.053167201578617096; val_loss: 9.504308700561523; val_CER: 0.03930234909057617; val_WER: 0.12351177632808685
2023-10-17 09:21:39,491 - tensorflow - INFO - batch_all_reduce: 98 all-reduces with algorithm = nccl, num_packs = 1
2023-10-17 09:21:53,321 - tensorflow - INFO - batch_all_reduce: 98 all-reduces with algorithm = nccl, num_packs = 1
2023-10-17 09:24:14,300 - root - INFO - Epoch 0; loss: 2.9726407527923584; CER: 0.020815111696720123; WER: 0.0707709863781929; val_loss: 9.02574348449707; val_CER: 0.04308074340224266; val_WER: 0.1279270201921463
2023-10-17 09:25:36,462 - root - INFO - Epoch 1; loss: 2.894517183303833; CER: 0.020745083689689636; WER: 0.06870507448911667; val_loss: 10.354721069335938; val_CER: 0.04575686901807785; val_WER: 0.1445910483598709
2023-10-17 09:26:59,443 - root - INFO - Epoch 2; loss: 2.732797861099243; CER: 0.016884926706552505; WER: 0.061222225427627563; val_loss: 9.02836799621582; val_CER: 0.043215617537498474; val_WER: 0.12685717642307281
2023-10-17 09:28:21,247 - root - INFO - Epoch 3; loss: 2.8099350929260254; CER: 0.018156398087739944; WER: 0.05911511555314064; val_loss: 9.501049995422363; val_CER: 0.051224950700998306; val_WER: 0.14431996643543243
2023-10-17 09:29:43,333 - root - INFO - Epoch 4; loss: 2.3843507766723633; CER: 0.016219064593315125; WER: 0.05756402760744095; val_loss: 8.666158676147461; val_CER: 0.03530338034033775; val_WER: 0.11038034409284592
2023-10-17 09:31:10,225 - root - INFO - Epoch 5; loss: 2.415870189666748; CER: 0.015479913912713528; WER: 0.053622812032699585; val_loss: 8.973041534423828; val_CER: 0.039395179599523544; val_WER: 0.12443019449710846
2023-10-17 09:33:27,963 - root - INFO - Epoch 6; loss: 2.3929405212402344; CER: 0.015891030430793762; WER: 0.0556277371942997; val_loss: 9.241517066955566; val_CER: 0.04563131928443909; val_WER: 0.1340915411710739
2023-10-17 09:34:50,018 - root - INFO - Epoch 7; loss: 2.7349252700805664; CER: 0.01820952445268631; WER: 0.06019941344857216; val_loss: 9.000926971435547; val_CER: 0.041008271276950836; val_WER: 0.1191142201423645
2023-10-17 09:37:11,355 - root - INFO - Epoch 8; loss: 2.3292148113250732; CER: 0.015395204536616802; WER: 0.05511755123734474; val_loss: 8.78511905670166; val_CER: 0.042541030794382095; val_WER: 0.13439278304576874
2023-10-17 09:38:32,856 - root - INFO - Epoch 9; loss: 2.182987689971924; CER: 0.014701738022267818; WER: 0.05297879874706268; val_loss: 8.7711763381958; val_CER: 0.03921489045023918; val_WER: 0.12052608281373978
2023-10-17 09:39:54,170 - root - INFO - Epoch 10; loss: 2.177748680114746; CER: 0.014604348689317703; WER: 0.04847410321235657; val_loss: 8.35021686553955; val_CER: 0.04335770756006241; val_WER: 0.12848567962646484
2023-10-17 09:41:17,256 - root - INFO - Epoch 11; loss: 1.9377081394195557; CER: 0.011799330823123455; WER: 0.041856326162815094; val_loss: 9.204748153686523; val_CER: 0.0396060086786747; val_WER: 0.11823797225952148
2023-10-17 09:42:38,695 - root - INFO - Epoch 12; loss: 2.0230565071105957; CER: 0.013883394189178944; WER: 0.0483405739068985; val_loss: 8.703721046447754; val_CER: 0.04157758876681328; val_WER: 0.12380527704954147
2023-10-17 09:44:01,133 - root - INFO - Epoch 13; loss: 1.9549598693847656; CER: 0.014296741224825382; WER: 0.048688292503356934; val_loss: 9.141197204589844; val_CER: 0.0489896722137928; val_WER: 0.1368655562400818
2023-10-17 09:46:27,931 - root - INFO - Epoch 14; loss: 1.917170524597168; CER: 0.01302242185920477; WER: 0.04383138567209244; val_loss: 8.981590270996094; val_CER: 0.03608597069978714; val_WER: 0.10272587835788727
2023-10-17 09:47:49,230 - root - INFO - Epoch 15; loss: 1.8926455974578857; CER: 0.011843271553516388; WER: 0.03968564793467522; val_loss: 8.759444236755371; val_CER: 0.048919208347797394; val_WER: 0.13913115859031677
2023-10-17 09:49:11,163 - root - INFO - Epoch 16; loss: 1.905883550643921; CER: 0.012268793769180775; WER: 0.042167626321315765; val_loss: 8.715773582458496; val_CER: 0.04196527227759361; val_WER: 0.11606912314891815
2023-10-17 09:50:32,713 - root - INFO - Epoch 17; loss: 2.1380341053009033; CER: 0.012339199893176556; WER: 0.044508520513772964; val_loss: 8.744988441467285; val_CER: 0.04319348558783531; val_WER: 0.12613293528556824
2023-10-17 09:51:55,314 - root - INFO - Epoch 18; loss: 1.9968658685684204; CER: 0.013963660225272179; WER: 0.04508848488330841; val_loss: 8.342314720153809; val_CER: 0.03448530286550522; val_WER: 0.11402329802513123
2023-10-17 09:53:17,369 - root - INFO - Epoch 19; loss: 1.967118263244629; CER: 0.011937269009649754; WER: 0.04227825999259949; val_loss: 9.201651573181152; val_CER: 0.03543741628527641; val_WER: 0.11132139712572098
2023-10-17 09:54:38,890 - root - INFO - Epoch 20; loss: 1.7403987646102905; CER: 0.012112249620258808; WER: 0.041005536913871765; val_loss: 8.835639953613281; val_CER: 0.03933129832148552; val_WER: 0.12110049277544022
2023-10-17 09:56:01,177 - root - INFO - Epoch 21; loss: 1.7113467454910278; CER: 0.011877172626554966; WER: 0.04153767228126526; val_loss: 8.441122055053711; val_CER: 0.04129377380013466; val_WER: 0.12859664857387543
2023-10-17 09:57:22,855 - root - INFO - Epoch 22; loss: 1.811130166053772; CER: 0.012010828591883183; WER: 0.0422050841152668; val_loss: 8.547236442565918; val_CER: 0.037842974066734314; val_WER: 0.11949930340051651
2023-10-17 09:58:45,164 - root - INFO - Epoch 23; loss: 1.7189080715179443; CER: 0.010830827988684177; WER: 0.038885436952114105; val_loss: 8.888915061950684; val_CER: 0.04117473214864731; val_WER: 0.12346681952476501
2023-10-17 10:00:06,647 - root - INFO - Epoch 24; loss: 1.5171034336090088; CER: 0.011789203621447086; WER: 0.04095502942800522; val_loss: 8.826701164245605; val_CER: 0.04424513131380081; val_WER: 0.11897759884595871
2023-10-17 10:01:29,145 - root - INFO - Epoch 25; loss: 1.5580730438232422; CER: 0.010611926205456257; WER: 0.03821083530783653; val_loss: 8.641439437866211; val_CER: 0.04334374517202377; val_WER: 0.12336508929729462
2023-10-17 10:02:56,514 - root - INFO - Epoch 26; loss: 1.4687857627868652; CER: 0.010150288231670856; WER: 0.03408409655094147; val_loss: 9.049108505249023; val_CER: 0.038285862654447556; val_WER: 0.10557495057582855
2023-10-17 10:04:17,772 - root - INFO - Epoch 27; loss: 1.5239969491958618; CER: 0.009553277865052223; WER: 0.032913316041231155; val_loss: 8.647197723388672; val_CER: 0.03680552914738655; val_WER: 0.1166246309876442
2023-10-17 10:05:41,296 - root - INFO - Epoch 28; loss: 1.416947364807129; CER: 0.009271678514778614; WER: 0.032554227858781815; val_loss: 7.877840518951416; val_CER: 0.03725221008062363; val_WER: 0.1131507158279419
2023-10-17 10:08:01,211 - root - INFO - Epoch 29; loss: 1.5340907573699951; CER: 0.009870877489447594; WER: 0.030432147905230522; val_loss: 9.031596183776855; val_CER: 0.042154859751462936; val_WER: 0.12031605839729309
2023-10-17 10:09:23,273 - root - INFO - Epoch 30; loss: 1.5562211275100708; CER: 0.008516499772667885; WER: 0.028809431940317154; val_loss: 8.797362327575684; val_CER: 0.034925367683172226; val_WER: 0.1020699217915535
2023-10-17 10:10:49,630 - root - INFO - Epoch 31; loss: 1.3252836465835571; CER: 0.008728070184588432; WER: 0.030449755489826202; val_loss: 9.469111442565918; val_CER: 0.042002320289611816; val_WER: 0.1214352622628212
2023-10-17 10:13:06,492 - root - INFO - Epoch 32; loss: 1.5271860361099243; CER: 0.010085133835673332; WER: 0.03571303188800812; val_loss: 8.930281639099121; val_CER: 0.03981047496199608; val_WER: 0.11237400770187378
2023-10-17 10:14:29,059 - root - INFO - Epoch 33; loss: 1.2757902145385742; CER: 0.008203343488276005; WER: 0.029258640483021736; val_loss: 8.699779510498047; val_CER: 0.03853393718600273; val_WER: 0.11788654327392578
2023-10-17 10:15:49,465 - root - INFO - Epoch 34; loss: 1.337612509727478; CER: 0.00795736350119114; WER: 0.025848915800452232; val_loss: 10.09301471710205; val_CER: 0.04320002347230911; val_WER: 0.12878839671611786
2023-10-17 10:17:11,930 - root - INFO - Epoch 35; loss: 1.4288848638534546; CER: 0.00819358229637146; WER: 0.02860005386173725; val_loss: 8.13192081451416; val_CER: 0.03413982316851616; val_WER: 0.10311081260442734
2023-10-17 10:18:33,749 - root - INFO - Epoch 36; loss: 1.2590925693511963; CER: 0.007748851086944342; WER: 0.026976866647601128; val_loss: 8.593461990356445; val_CER: 0.03152673691511154; val_WER: 0.09345594793558121
2023-10-17 10:19:57,032 - root - INFO - Epoch 37; loss: 1.1931731700897217; CER: 0.006438797805458307; WER: 0.02413938008248806; val_loss: 8.919520378112793; val_CER: 0.04185975342988968; val_WER: 0.11483784019947052
2023-10-17 10:21:18,967 - root - INFO - Epoch 38; loss: 1.3175324201583862; CER: 0.009138399735093117; WER: 0.02901638299226761; val_loss: 8.6089506149292; val_CER: 0.04238012805581093; val_WER: 0.12202135473489761
2023-10-17 10:23:40,491 - root - INFO - Epoch 39; loss: 1.1194515228271484; CER: 0.006517913192510605; WER: 0.023214878514409065; val_loss: 8.548356056213379; val_CER: 0.03483419492840767; val_WER: 0.10427527129650116
2023-10-17 10:25:02,063 - root - INFO - Epoch 40; loss: 1.187376856803894; CER: 0.007643421646207571; WER: 0.026530852541327477; val_loss: 8.995505332946777; val_CER: 0.03514695167541504; val_WER: 0.10985929518938065
2023-10-17 10:26:23,017 - root - INFO - Epoch 41; loss: 1.1937919855117798; CER: 0.007122529670596123; WER: 0.022349253296852112; val_loss: 8.911824226379395; val_CER: 0.03502008691430092; val_WER: 0.10343856364488602
2023-10-17 10:27:44,817 - root - INFO - Epoch 42; loss: 1.106198787689209; CER: 0.006461793556809425; WER: 0.024548813700675964; val_loss: 8.95129108428955; val_CER: 0.03213582932949066; val_WER: 0.09651986509561539
2023-10-17 10:29:04,926 - root - INFO - Epoch 43; loss: 1.1471389532089233; CER: 0.007212611380964518; WER: 0.024214837700128555; val_loss: 8.070527076721191; val_CER: 0.04138759896159172; val_WER: 0.11842081695795059
2023-10-17 10:30:28,262 - root - INFO - Epoch 44; loss: 1.22100031375885; CER: 0.008257178589701653; WER: 0.02809183858335018; val_loss: 7.98836612701416; val_CER: 0.03609481081366539; val_WER: 0.11611999571323395
2023-10-17 10:31:50,007 - root - INFO - Epoch 45; loss: 1.0701985359191895; CER: 0.0062482766807079315; WER: 0.023085610941052437; val_loss: 8.663966178894043; val_CER: 0.03456505760550499; val_WER: 0.1078944131731987
2023-10-17 10:33:12,039 - root - INFO - Epoch 46; loss: 1.0714857578277588; CER: 0.00709658395498991; WER: 0.02538098394870758; val_loss: 8.980463027954102; val_CER: 0.03621571883559227; val_WER: 0.10349114239215851
2023-10-17 10:34:38,548 - root - INFO - Epoch 47; loss: 0.8420138359069824; CER: 0.004808560945093632; WER: 0.018984055146574974; val_loss: 8.326269149780273; val_CER: 0.03264771029353142; val_WER: 0.10331092774868011
2023-10-17 10:35:58,705 - root - INFO - Epoch 48; loss: 1.0691163539886475; CER: 0.005095311906188726; WER: 0.017812063917517662; val_loss: 8.373605728149414; val_CER: 0.034461695700883865; val_WER: 0.10874037444591522
2023-10-17 10:37:20,258 - root - INFO - Epoch 49; loss: 0.9482496380805969; CER: 0.00702637666836381; WER: 0.022992858663201332; val_loss: 8.886002540588379; val_CER: 0.03796454146504402; val_WER: 0.10775292664766312
2023-10-17 10:37:23,219 - tf2onnx.tfonnx - INFO - Using tensorflow=2.12.0, onnx=1.14.1, tf2onnx=1.15.1/37820d
2023-10-17 10:37:23,219 - tf2onnx.tfonnx - INFO - Using opset <onnx, 15>
2023-10-17 10:37:23,360 - tf2onnx.tf_utils - INFO - Computed 0 values for constant folding
2023-10-17 10:37:23,365 - tf2onnx.tf_utils - INFO - Computed 0 values for constant folding
2023-10-17 10:37:23,367 - tf2onnx.tf_utils - INFO - Computed 0 values for constant folding
2023-10-17 10:37:23,370 - tf2onnx.tf_utils - INFO - Computed 0 values for constant folding
2023-10-17 10:37:23,375 - tf2onnx.tf_utils - INFO - Computed 0 values for constant folding
2023-10-17 10:37:23,380 - tf2onnx.tf_utils - INFO - Computed 0 values for constant folding
2023-10-17 10:37:23,383 - tf2onnx.tf_utils - INFO - Computed 0 values for constant folding
2023-10-17 10:37:23,387 - tf2onnx.tf_utils - INFO - Computed 0 values for constant folding
2023-10-17 10:37:23,457 - tf2onnx.tf_utils - INFO - Computed 2 values for constant folding
2023-10-17 10:37:23,550 - tf2onnx.tfonnx - INFO - folding node using tf type=StridedSlice, name=model/bidirectional/forward_lstm/PartitionedCall/strided_slice
2023-10-17 10:37:23,550 - tf2onnx.tfonnx - INFO - folding node using tf type=StridedSlice, name=model/bidirectional/backward_lstm/PartitionedCall/strided_slice
2023-10-17 10:37:23,779 - tf2onnx.optimizer - INFO - Optimizing ONNX model
2023-10-17 10:37:24,548 - tf2onnx.optimizer - INFO - After optimization: BatchNormalization -18 (18->0), Cast -8 (17->9), Concat -8 (17->9), Const -173 (243->70), Expand -6 (8->2), Gather +3 (2->5), Identity -2 (2->0), Shape -2 (6->4), Slice -2 (9->7), Squeeze -5 (9->4), Transpose -86 (90->4), Unsqueeze -25 (29->4)
