2023-10-15 10:07:31,610 - tensorflow - INFO - batch_all_reduce: 98 all-reduces with algorithm = nccl, num_packs = 1
2023-10-15 10:07:45,575 - tensorflow - INFO - batch_all_reduce: 98 all-reduces with algorithm = nccl, num_packs = 1
2023-10-15 10:10:09,033 - root - INFO - Epoch 0; loss: 491.1166687011719; CER: 1.390110731124878; WER: 1.017499566078186; val_loss: 263.7081298828125; val_CER: 0.9709697365760803; val_WER: 1.0
2023-10-15 10:11:32,218 - root - INFO - Epoch 1; loss: 243.70877075195312; CER: 0.9717392921447754; WER: 1.0; val_loss: 237.11764526367188; val_CER: 0.9722474217414856; val_WER: 1.0
2023-10-15 10:12:53,805 - root - INFO - Epoch 2; loss: 197.90151977539062; CER: 0.9024070501327515; WER: 1.0143436193466187; val_loss: 269.9059143066406; val_CER: 0.9724118709564209; val_WER: 1.0
2023-10-15 10:14:16,232 - root - INFO - Epoch 3; loss: 174.7546844482422; CER: 0.915762722492218; WER: 1.001234531402588; val_loss: 281.33544921875; val_CER: 0.970601499080658; val_WER: 1.0
2023-10-15 10:15:37,670 - root - INFO - Epoch 4; loss: 168.9558563232422; CER: 0.9304472208023071; WER: 1.0004115104675293; val_loss: 269.3871765136719; val_CER: 0.9714637994766235; val_WER: 1.0
2023-10-15 10:17:00,755 - root - INFO - Epoch 5; loss: 165.68692016601562; CER: 0.926939845085144; WER: 1.0003200769424438; val_loss: 213.6593780517578; val_CER: 0.95427405834198; val_WER: 1.0
2023-10-15 10:19:22,174 - root - INFO - Epoch 6; loss: 164.22935485839844; CER: 0.9207030534744263; WER: 0.9994982481002808; val_loss: 174.842041015625; val_CER: 0.9383037090301514; val_WER: 1.0
2023-10-15 10:21:44,297 - root - INFO - Epoch 7; loss: 162.85487365722656; CER: 0.9166085720062256; WER: 1.0002025365829468; val_loss: 174.64895629882812; val_CER: 0.9308223128318787; val_WER: 1.0
2023-10-15 10:23:11,245 - root - INFO - Epoch 8; loss: 161.5725555419922; CER: 0.9148717522621155; WER: 0.9994412660598755; val_loss: 170.63592529296875; val_CER: 0.9235172867774963; val_WER: 0.9991769194602966
2023-10-15 10:25:29,229 - root - INFO - Epoch 9; loss: 160.34019470214844; CER: 0.9139482378959656; WER: 0.9996241331100464; val_loss: 172.29580688476562; val_CER: 0.9235507845878601; val_WER: 1.0
2023-10-15 10:26:52,798 - root - INFO - Epoch 10; loss: 159.8130645751953; CER: 0.9121568202972412; WER: 1.0003540515899658; val_loss: 166.84866333007812; val_CER: 0.9229350090026855; val_WER: 1.0
2023-10-15 10:28:14,382 - root - INFO - Epoch 11; loss: 159.10638427734375; CER: 0.9130955934524536; WER: 1.0008885860443115; val_loss: 209.25799560546875; val_CER: 0.9340534210205078; val_WER: 0.9991769194602966
2023-10-15 10:29:37,251 - root - INFO - Epoch 12; loss: 158.24441528320312; CER: 0.911483645439148; WER: 0.9995744824409485; val_loss: 166.17047119140625; val_CER: 0.9377871751785278; val_WER: 1.0
2023-10-15 10:31:03,660 - root - INFO - Epoch 13; loss: 157.1377716064453; CER: 0.8374807238578796; WER: 1.0279381275177002; val_loss: 156.3385467529297; val_CER: 0.9516732692718506; val_WER: 1.0037037134170532
2023-10-15 10:32:25,619 - root - INFO - Epoch 14; loss: 155.5075225830078; CER: 0.8494682908058167; WER: 1.0182889699935913; val_loss: 162.2438507080078; val_CER: 0.9715712070465088; val_WER: 1.0
2023-10-15 10:34:48,315 - root - INFO - Epoch 15; loss: 153.98748779296875; CER: 0.8784049153327942; WER: 1.0016117095947266; val_loss: 154.70175170898438; val_CER: 0.9382283687591553; val_WER: 1.0
2023-10-15 10:37:10,078 - root - INFO - Epoch 16; loss: 151.9794464111328; CER: 0.8651847243309021; WER: 1.0007132291793823; val_loss: 177.17515563964844; val_CER: 0.9019938707351685; val_WER: 1.0
2023-10-15 10:38:32,463 - root - INFO - Epoch 17; loss: 149.35472106933594; CER: 0.8781588673591614; WER: 1.0053224563598633; val_loss: 155.73121643066406; val_CER: 0.9685119390487671; val_WER: 1.0
2023-10-15 10:39:53,471 - root - INFO - Epoch 18; loss: 144.8437042236328; CER: 0.9541875720024109; WER: 1.0; val_loss: 160.26007080078125; val_CER: 0.9718613028526306; val_WER: 1.0
2023-10-15 10:41:14,928 - root - INFO - Epoch 19; loss: 132.77987670898438; CER: 0.9841872453689575; WER: 1.0; val_loss: 151.98736572265625; val_CER: 1.0; val_WER: 1.0
2023-10-15 10:42:35,696 - root - INFO - Epoch 20; loss: 128.6736297607422; CER: 0.9696716070175171; WER: 1.000182867050171; val_loss: 128.9862518310547; val_CER: 1.0; val_WER: 1.0
2023-10-15 10:43:56,336 - root - INFO - Epoch 21; loss: 127.90306091308594; CER: 0.9363465309143066; WER: 1.001524567604065; val_loss: 128.42515563964844; val_CER: 0.9721189141273499; val_WER: 1.0
2023-10-15 10:45:21,162 - root - INFO - Epoch 22; loss: 127.46863555908203; CER: 0.8993889689445496; WER: 1.0111377239227295; val_loss: 129.9657440185547; val_CER: 0.9725938439369202; val_WER: 1.0
2023-10-15 10:46:40,816 - root - INFO - Epoch 23; loss: 126.93009948730469; CER: 0.8660516142845154; WER: 1.0310512781143188; val_loss: 127.59979248046875; val_CER: 0.9600284099578857; val_WER: 1.0
2023-10-15 10:48:01,601 - root - INFO - Epoch 24; loss: 126.57805633544922; CER: 0.836319088935852; WER: 1.0432970523834229; val_loss: 127.09439086914062; val_CER: 0.9605677723884583; val_WER: 1.0
2023-10-15 10:49:22,631 - root - INFO - Epoch 25; loss: 126.26284790039062; CER: 0.8312715291976929; WER: 1.0392237901687622; val_loss: 127.06085968017578; val_CER: 0.9560019969940186; val_WER: 1.0
2023-10-15 10:50:43,982 - root - INFO - Epoch 26; loss: 125.86800384521484; CER: 0.8174538612365723; WER: 1.0335445404052734; val_loss: 127.37836456298828; val_CER: 0.9447394013404846; val_WER: 1.0
2023-10-15 10:52:10,522 - root - INFO - Epoch 27; loss: 125.57431030273438; CER: 0.8239130973815918; WER: 1.036633849143982; val_loss: 124.8372802734375; val_CER: 0.9383859634399414; val_WER: 1.0
2023-10-15 10:53:31,091 - root - INFO - Epoch 28; loss: 125.1014175415039; CER: 0.8335267305374146; WER: 1.023512601852417; val_loss: 124.55361938476562; val_CER: 0.9391087293624878; val_WER: 1.0
2023-10-15 10:54:52,845 - root - INFO - Epoch 29; loss: 124.84215545654297; CER: 0.8411681652069092; WER: 1.0161190032958984; val_loss: 123.75704193115234; val_CER: 0.9397478699684143; val_WER: 1.0
2023-10-15 10:56:13,004 - root - INFO - Epoch 30; loss: 124.6248550415039; CER: 0.8397557735443115; WER: 1.0138200521469116; val_loss: 123.93981170654297; val_CER: 0.9219867587089539; val_WER: 1.0
2023-10-15 10:57:39,163 - root - INFO - Epoch 31; loss: 124.06364440917969; CER: 0.8287011384963989; WER: 1.0160949230194092; val_loss: 123.4293441772461; val_CER: 0.9135595560073853; val_WER: 1.0
2023-10-15 10:59:01,376 - root - INFO - Epoch 32; loss: 123.6452407836914; CER: 0.8171717524528503; WER: 1.0148149728775024; val_loss: 122.84242248535156; val_CER: 0.8811418414115906; val_WER: 1.0
2023-10-15 11:00:21,902 - root - INFO - Epoch 33; loss: 122.81028747558594; CER: 0.7779167294502258; WER: 1.0424262285232544; val_loss: 120.58692932128906; val_CER: 0.8223264813423157; val_WER: 1.0
2023-10-15 11:01:43,823 - root - INFO - Epoch 34; loss: 119.47208404541016; CER: 0.7494505643844604; WER: 1.0359117984771729; val_loss: 115.306396484375; val_CER: 0.7558103799819946; val_WER: 1.0
2023-10-15 11:03:03,975 - root - INFO - Epoch 35; loss: 112.70732879638672; CER: 0.7107091546058655; WER: 1.0087499618530273; val_loss: 110.78661346435547; val_CER: 0.7149750590324402; val_WER: 1.0
2023-10-15 11:04:28,491 - root - INFO - Epoch 36; loss: 106.58594512939453; CER: 0.6718738675117493; WER: 1.009978175163269; val_loss: 111.29855346679688; val_CER: 0.6640733480453491; val_WER: 1.0598543882369995
2023-10-15 11:05:49,417 - root - INFO - Epoch 37; loss: 103.38310241699219; CER: 0.6590269804000854; WER: 1.010465383529663; val_loss: 101.03178405761719; val_CER: 0.6661326289176941; val_WER: 1.0025253295898438
2023-10-15 11:07:11,008 - root - INFO - Epoch 38; loss: 99.42979431152344; CER: 0.640333354473114; WER: 1.0094431638717651; val_loss: 96.80927276611328; val_CER: 0.647193968296051; val_WER: 1.0037068128585815
2023-10-15 11:08:36,870 - root - INFO - Epoch 39; loss: 96.23249053955078; CER: 0.6223198771476746; WER: 1.0062925815582275; val_loss: 95.25405883789062; val_CER: 0.6309118866920471; val_WER: 1.0050157308578491
2023-10-15 11:10:53,547 - root - INFO - Epoch 40; loss: 93.36221313476562; CER: 0.601352334022522; WER: 0.9993434548377991; val_loss: 93.27606964111328; val_CER: 0.6127164959907532; val_WER: 0.9949475526809692
2023-10-15 11:12:14,081 - root - INFO - Epoch 41; loss: 90.57190704345703; CER: 0.5874341130256653; WER: 0.9946284890174866; val_loss: 89.75630187988281; val_CER: 0.5878158211708069; val_WER: 0.9808324575424194
2023-10-15 11:13:36,138 - root - INFO - Epoch 42; loss: 87.74506378173828; CER: 0.5754551887512207; WER: 0.9894557595252991; val_loss: 88.17426300048828; val_CER: 0.5765606164932251; val_WER: 0.9870570302009583
2023-10-15 11:14:58,486 - root - INFO - Epoch 43; loss: 85.19253540039062; CER: 0.5569753050804138; WER: 0.9809791445732117; val_loss: 86.57958221435547; val_CER: 0.5704197883605957; val_WER: 0.9832503795623779
2023-10-15 11:16:18,807 - root - INFO - Epoch 44; loss: 82.72132110595703; CER: 0.5446606278419495; WER: 0.9749526977539062; val_loss: 80.27503967285156; val_CER: 0.5420251488685608; val_WER: 0.9779188632965088
2023-10-15 11:17:40,960 - root - INFO - Epoch 45; loss: 79.98016357421875; CER: 0.5325731635093689; WER: 0.9722025394439697; val_loss: 78.82131958007812; val_CER: 0.536085307598114; val_WER: 0.977867841720581
2023-10-15 11:19:00,071 - root - INFO - Epoch 46; loss: 77.53730773925781; CER: 0.522081732749939; WER: 0.9649688601493835; val_loss: 77.33061218261719; val_CER: 0.5237476229667664; val_WER: 0.9583655595779419
2023-10-15 11:20:20,253 - root - INFO - Epoch 47; loss: 75.1697998046875; CER: 0.50714510679245; WER: 0.9555882811546326; val_loss: 76.11442565917969; val_CER: 0.5302861928939819; val_WER: 0.9616859555244446
2023-10-15 11:21:41,293 - root - INFO - Epoch 48; loss: 73.01021575927734; CER: 0.496101975440979; WER: 0.9394440054893494; val_loss: 70.7342758178711; val_CER: 0.49557626247406006; val_WER: 0.9327381253242493
2023-10-15 11:23:01,422 - root - INFO - Epoch 49; loss: 70.62019348144531; CER: 0.48175811767578125; WER: 0.9353635907173157; val_loss: 68.36173248291016; val_CER: 0.4786848723888397; val_WER: 0.9245774149894714
2023-10-15 11:24:24,572 - root - INFO - Epoch 50; loss: 68.4061508178711; CER: 0.46530336141586304; WER: 0.9144400358200073; val_loss: 68.478515625; val_CER: 0.47181248664855957; val_WER: 0.9254311323165894
2023-10-15 11:25:46,377 - root - INFO - Epoch 51; loss: 66.21206665039062; CER: 0.4555201530456543; WER: 0.9065687656402588; val_loss: 65.93968963623047; val_CER: 0.4598560333251953; val_WER: 0.9063091278076172
2023-10-15 11:27:07,034 - root - INFO - Epoch 52; loss: 64.25467681884766; CER: 0.44049811363220215; WER: 0.8938317894935608; val_loss: 62.952449798583984; val_CER: 0.448003351688385; val_WER: 0.8965140581130981
2023-10-15 11:28:26,134 - root - INFO - Epoch 53; loss: 62.038326263427734; CER: 0.4269067943096161; WER: 0.8750171065330505; val_loss: 60.18754196166992; val_CER: 0.4270598888397217; val_WER: 0.8808162808418274
2023-10-15 11:29:46,622 - root - INFO - Epoch 54; loss: 59.98163986206055; CER: 0.4100116193294525; WER: 0.8560388088226318; val_loss: 59.21010971069336; val_CER: 0.41693025827407837; val_WER: 0.8524115681648254
2023-10-15 11:31:06,238 - root - INFO - Epoch 55; loss: 57.88238525390625; CER: 0.3993184268474579; WER: 0.8507126569747925; val_loss: 54.83576583862305; val_CER: 0.3769265115261078; val_WER: 0.8141213655471802
2023-10-15 11:32:27,103 - root - INFO - Epoch 56; loss: 55.942134857177734; CER: 0.38375625014305115; WER: 0.8277472853660583; val_loss: 56.33498764038086; val_CER: 0.38555219769477844; val_WER: 0.8334127068519592
2023-10-15 11:33:50,020 - root - INFO - Epoch 57; loss: 53.753135681152344; CER: 0.37264132499694824; WER: 0.8146112561225891; val_loss: 52.097618103027344; val_CER: 0.35300830006599426; val_WER: 0.7842468023300171
2023-10-15 11:35:11,127 - root - INFO - Epoch 58; loss: 51.64332580566406; CER: 0.3590153455734253; WER: 0.7976499199867249; val_loss: 50.553340911865234; val_CER: 0.3560757637023926; val_WER: 0.7991154193878174
2023-10-15 11:36:32,489 - root - INFO - Epoch 59; loss: 49.7581901550293; CER: 0.3397856652736664; WER: 0.772688627243042; val_loss: 48.002593994140625; val_CER: 0.3253972828388214; val_WER: 0.7469411492347717
2023-10-15 11:37:53,083 - root - INFO - Epoch 60; loss: 47.804298400878906; CER: 0.3285989761352539; WER: 0.757802426815033; val_loss: 45.076297760009766; val_CER: 0.31187868118286133; val_WER: 0.7377861738204956
2023-10-15 11:39:16,445 - root - INFO - Epoch 61; loss: 45.99486541748047; CER: 0.3145073354244232; WER: 0.7351905703544617; val_loss: 43.03874206542969; val_CER: 0.2957877814769745; val_WER: 0.7191200256347656
2023-10-15 11:40:36,243 - root - INFO - Epoch 62; loss: 44.458065032958984; CER: 0.30492547154426575; WER: 0.7184172868728638; val_loss: 40.61860656738281; val_CER: 0.26245594024658203; val_WER: 0.6547020077705383
2023-10-15 11:41:57,694 - root - INFO - Epoch 63; loss: 42.40464401245117; CER: 0.2880328893661499; WER: 0.6911348104476929; val_loss: 39.664737701416016; val_CER: 0.2665514349937439; val_WER: 0.6576842069625854
2023-10-15 11:43:18,897 - root - INFO - Epoch 64; loss: 41.197181701660156; CER: 0.2832525670528412; WER: 0.6787629127502441; val_loss: 37.562255859375; val_CER: 0.2514154016971588; val_WER: 0.6350311636924744
2023-10-15 11:44:39,794 - root - INFO - Epoch 65; loss: 39.64609146118164; CER: 0.27461689710617065; WER: 0.6722599864006042; val_loss: 36.60805130004883; val_CER: 0.2431820034980774; val_WER: 0.6115599274635315
2023-10-15 11:46:06,692 - root - INFO - Epoch 66; loss: 38.52819061279297; CER: 0.26063764095306396; WER: 0.6534997820854187; val_loss: 34.28498077392578; val_CER: 0.23395437002182007; val_WER: 0.612568199634552
2023-10-15 11:47:27,053 - root - INFO - Epoch 67; loss: 37.128082275390625; CER: 0.25452208518981934; WER: 0.6336294412612915; val_loss: 32.69329071044922; val_CER: 0.22100859880447388; val_WER: 0.5669353008270264
2023-10-15 11:48:47,177 - root - INFO - Epoch 68; loss: 35.51264572143555; CER: 0.24207434058189392; WER: 0.6205246448516846; val_loss: 31.995506286621094; val_CER: 0.21211880445480347; val_WER: 0.5487807393074036
2023-10-15 11:50:06,962 - root - INFO - Epoch 69; loss: 34.56824493408203; CER: 0.23345668613910675; WER: 0.6033751368522644; val_loss: 31.183116912841797; val_CER: 0.20512306690216064; val_WER: 0.5295188426971436
2023-10-15 11:51:30,673 - root - INFO - Epoch 70; loss: 33.47298812866211; CER: 0.23149102926254272; WER: 0.599395215511322; val_loss: 30.514049530029297; val_CER: 0.2017510086297989; val_WER: 0.5205197334289551
2023-10-15 11:52:50,879 - root - INFO - Epoch 71; loss: 32.43523025512695; CER: 0.22278092801570892; WER: 0.5830186605453491; val_loss: 29.476497650146484; val_CER: 0.20410305261611938; val_WER: 0.5365684032440186
2023-10-15 11:54:12,542 - root - INFO - Epoch 72; loss: 31.235549926757812; CER: 0.21025894582271576; WER: 0.5685340166091919; val_loss: 28.454858779907227; val_CER: 0.20126383006572723; val_WER: 0.5311789512634277
2023-10-15 11:55:33,553 - root - INFO - Epoch 73; loss: 30.17454719543457; CER: 0.20295853912830353; WER: 0.5514581799507141; val_loss: 27.27846336364746; val_CER: 0.18905463814735413; val_WER: 0.5055140256881714
2023-10-15 11:56:54,519 - root - INFO - Epoch 74; loss: 29.470874786376953; CER: 0.20214441418647766; WER: 0.5484027862548828; val_loss: 26.69907569885254; val_CER: 0.18059559166431427; val_WER: 0.48837247490882874
2023-10-15 11:58:16,304 - root - INFO - Epoch 75; loss: 29.070058822631836; CER: 0.20048925280570984; WER: 0.540556788444519; val_loss: 26.097471237182617; val_CER: 0.18008758127689362; val_WER: 0.49417802691459656
2023-10-15 11:59:37,414 - root - INFO - Epoch 76; loss: 27.78046989440918; CER: 0.1894647628068924; WER: 0.5291933417320251; val_loss: 25.33707046508789; val_CER: 0.16779857873916626; val_WER: 0.4643905758857727
2023-10-15 12:00:58,246 - root - INFO - Epoch 77; loss: 27.074520111083984; CER: 0.18419474363327026; WER: 0.5168072581291199; val_loss: 24.59288215637207; val_CER: 0.16890835762023926; val_WER: 0.44769030809402466
2023-10-15 12:02:20,250 - root - INFO - Epoch 78; loss: 26.65631103515625; CER: 0.18303251266479492; WER: 0.5167313814163208; val_loss: 23.930147171020508; val_CER: 0.16697216033935547; val_WER: 0.48906171321868896
2023-10-15 12:03:42,139 - root - INFO - Epoch 79; loss: 25.52073097229004; CER: 0.17278927564620972; WER: 0.4913010001182556; val_loss: 23.605356216430664; val_CER: 0.14932496845722198; val_WER: 0.45780423283576965
2023-10-15 12:05:08,019 - root - INFO - Epoch 80; loss: 25.043241500854492; CER: 0.17185264825820923; WER: 0.49013862013816833; val_loss: 22.196006774902344; val_CER: 0.14917701482772827; val_WER: 0.4567100703716278
2023-10-15 12:06:28,169 - root - INFO - Epoch 81; loss: 24.26117515563965; CER: 0.17005985975265503; WER: 0.484869122505188; val_loss: 21.98294448852539; val_CER: 0.1365896463394165; val_WER: 0.4170871376991272
2023-10-15 12:07:48,130 - root - INFO - Epoch 82; loss: 23.376611709594727; CER: 0.16481001675128937; WER: 0.47334545850753784; val_loss: 21.36184310913086; val_CER: 0.14017456769943237; val_WER: 0.43544209003448486
2023-10-15 12:09:08,194 - root - INFO - Epoch 83; loss: 22.53226661682129; CER: 0.15835143625736237; WER: 0.4601861834526062; val_loss: 20.138286590576172; val_CER: 0.14408248662948608; val_WER: 0.41816508769989014
2023-10-15 12:10:28,823 - root - INFO - Epoch 84; loss: 21.027475357055664; CER: 0.138264462351799; WER: 0.4131917953491211; val_loss: 18.626544952392578; val_CER: 0.11724071204662323; val_WER: 0.3367931544780731
2023-10-15 12:11:50,148 - root - INFO - Epoch 85; loss: 19.543254852294922; CER: 0.11898747086524963; WER: 0.3610212802886963; val_loss: 18.112632751464844; val_CER: 0.11186740547418594; val_WER: 0.34103071689605713
2023-10-15 12:13:11,328 - root - INFO - Epoch 86; loss: 19.058334350585938; CER: 0.12133429944515228; WER: 0.36218398809432983; val_loss: 17.35508918762207; val_CER: 0.10973392426967621; val_WER: 0.3154696822166443
2023-10-15 12:14:32,655 - root - INFO - Epoch 87; loss: 18.784303665161133; CER: 0.1193401962518692; WER: 0.3626529276371002; val_loss: 17.181978225708008; val_CER: 0.11513577401638031; val_WER: 0.3495528995990753
2023-10-15 12:15:52,963 - root - INFO - Epoch 88; loss: 18.175048828125; CER: 0.11699990928173065; WER: 0.35050296783447266; val_loss: 16.04863929748535; val_CER: 0.10038306564092636; val_WER: 0.31068775057792664
2023-10-15 12:17:16,024 - root - INFO - Epoch 89; loss: 17.544862747192383; CER: 0.10998687148094177; WER: 0.33865460753440857; val_loss: 16.06629180908203; val_CER: 0.09222662448883057; val_WER: 0.2897304594516754
2023-10-15 12:18:36,897 - root - INFO - Epoch 90; loss: 16.984893798828125; CER: 0.10803251713514328; WER: 0.3312450647354126; val_loss: 15.797293663024902; val_CER: 0.09797719866037369; val_WER: 0.28924423456192017
2023-10-15 12:19:57,953 - root - INFO - Epoch 91; loss: 16.959335327148438; CER: 0.10450788587331772; WER: 0.324148565530777; val_loss: 16.26661491394043; val_CER: 0.10436659306287766; val_WER: 0.30830156803131104
2023-10-15 12:21:17,825 - root - INFO - Epoch 92; loss: 16.174837112426758; CER: 0.10079877823591232; WER: 0.3121909499168396; val_loss: 14.998687744140625; val_CER: 0.1018366813659668; val_WER: 0.31228601932525635
2023-10-15 12:22:38,621 - root - INFO - Epoch 93; loss: 15.490032196044922; CER: 0.09489047527313232; WER: 0.30133533477783203; val_loss: 14.827192306518555; val_CER: 0.09441107511520386; val_WER: 0.2856491208076477
2023-10-15 12:23:58,964 - root - INFO - Epoch 94; loss: 15.233660697937012; CER: 0.09575310349464417; WER: 0.2972404658794403; val_loss: 14.074609756469727; val_CER: 0.08589514344930649; val_WER: 0.2539200186729431
2023-10-15 12:25:19,778 - root - INFO - Epoch 95; loss: 14.447360038757324; CER: 0.09349573403596878; WER: 0.28811487555503845; val_loss: 13.85039234161377; val_CER: 0.08258890360593796; val_WER: 0.24436970055103302
2023-10-15 12:26:39,690 - root - INFO - Epoch 96; loss: 14.4068021774292; CER: 0.09081903100013733; WER: 0.2887428402900696; val_loss: 13.92568302154541; val_CER: 0.08608920127153397; val_WER: 0.25232914090156555
2023-10-15 12:27:59,984 - root - INFO - Epoch 97; loss: 14.034537315368652; CER: 0.08715169876813889; WER: 0.2708648443222046; val_loss: 13.900638580322266; val_CER: 0.0771091878414154; val_WER: 0.23445668816566467
2023-10-15 12:29:18,840 - root - INFO - Epoch 98; loss: 13.380760192871094; CER: 0.08264268934726715; WER: 0.26599448919296265; val_loss: 13.546595573425293; val_CER: 0.07911128550767899; val_WER: 0.24947404861450195
2023-10-15 12:30:40,022 - root - INFO - Epoch 99; loss: 13.210928916931152; CER: 0.08325222879648209; WER: 0.2656049430370331; val_loss: 13.331114768981934; val_CER: 0.07610371708869934; val_WER: 0.2391761988401413
2023-10-15 12:32:00,601 - root - INFO - Epoch 100; loss: 12.826882362365723; CER: 0.08146090060472488; WER: 0.25989606976509094; val_loss: 13.280996322631836; val_CER: 0.08188243955373764; val_WER: 0.24580959975719452
2023-10-15 12:33:20,950 - root - INFO - Epoch 101; loss: 12.417797088623047; CER: 0.07635448127985; WER: 0.24544884264469147; val_loss: 13.003009796142578; val_CER: 0.07359015196561813; val_WER: 0.2267250269651413
2023-10-15 12:34:42,196 - root - INFO - Epoch 102; loss: 12.505526542663574; CER: 0.07608389854431152; WER: 0.24443097412586212; val_loss: 12.774754524230957; val_CER: 0.07298994064331055; val_WER: 0.23100893199443817
2023-10-15 12:36:02,456 - root - INFO - Epoch 103; loss: 12.038025856018066; CER: 0.07421628385782242; WER: 0.24153171479701996; val_loss: 12.801088333129883; val_CER: 0.07160717248916626; val_WER: 0.23458392918109894
2023-10-15 12:37:23,003 - root - INFO - Epoch 104; loss: 11.547823905944824; CER: 0.0730355754494667; WER: 0.2390998750925064; val_loss: 12.500889778137207; val_CER: 0.06347859650850296; val_WER: 0.20835857093334198
2023-10-15 12:38:42,702 - root - INFO - Epoch 105; loss: 13.504796028137207; CER: 0.08754117041826248; WER: 0.2718220055103302; val_loss: 17.508119583129883; val_CER: 0.11359391361474991; val_WER: 0.32495826482772827
2023-10-15 12:40:03,488 - root - INFO - Epoch 106; loss: 13.45460319519043; CER: 0.08443878591060638; WER: 0.2678404152393341; val_loss: 13.128718376159668; val_CER: 0.08203266561031342; val_WER: 0.25755199790000916
2023-10-15 12:41:23,895 - root - INFO - Epoch 107; loss: 12.485540390014648; CER: 0.07955926656723022; WER: 0.24660345911979675; val_loss: 24.953943252563477; val_CER: 0.15115661919116974; val_WER: 0.3916724920272827
2023-10-15 12:42:44,058 - root - INFO - Epoch 108; loss: 11.93515396118164; CER: 0.07482793182134628; WER: 0.23755183815956116; val_loss: 11.949596405029297; val_CER: 0.07425602525472641; val_WER: 0.2256501466035843
2023-10-15 12:44:04,747 - root - INFO - Epoch 109; loss: 10.83337688446045; CER: 0.0658356174826622; WER: 0.21248847246170044; val_loss: 11.37502670288086; val_CER: 0.06754381954669952; val_WER: 0.21150311827659607
2023-10-15 12:45:24,343 - root - INFO - Epoch 110; loss: 10.521025657653809; CER: 0.06420410424470901; WER: 0.21033988893032074; val_loss: 11.581208229064941; val_CER: 0.0666603073477745; val_WER: 0.19809643924236298
2023-10-15 12:46:43,660 - root - INFO - Epoch 111; loss: 10.12852954864502; CER: 0.05856894701719284; WER: 0.196359321475029; val_loss: 10.852209091186523; val_CER: 0.06678245216608047; val_WER: 0.2090013474225998
2023-10-15 12:48:03,136 - root - INFO - Epoch 112; loss: 9.841141700744629; CER: 0.0563611201941967; WER: 0.18970662355422974; val_loss: 11.06495189666748; val_CER: 0.06352546811103821; val_WER: 0.20601209998130798
2023-10-15 12:49:22,525 - root - INFO - Epoch 113; loss: 9.532665252685547; CER: 0.058344993740320206; WER: 0.19281069934368134; val_loss: 11.067177772521973; val_CER: 0.06747836619615555; val_WER: 0.20162783563137054
2023-10-15 12:50:41,926 - root - INFO - Epoch 114; loss: 9.49650764465332; CER: 0.05571319907903671; WER: 0.18422643840312958; val_loss: 11.027074813842773; val_CER: 0.06619241833686829; val_WER: 0.2025548368692398
2023-10-15 12:52:02,546 - root - INFO - Epoch 115; loss: 9.185174942016602; CER: 0.057536955922842026; WER: 0.18728864192962646; val_loss: 10.73047161102295; val_CER: 0.058799151331186295; val_WER: 0.17678828537464142
2023-10-15 12:53:25,022 - root - INFO - Epoch 116; loss: 9.169487953186035; CER: 0.05601591244339943; WER: 0.18307122588157654; val_loss: 10.720064163208008; val_CER: 0.05831155925989151; val_WER: 0.19286823272705078
2023-10-15 12:54:44,641 - root - INFO - Epoch 117; loss: 8.874152183532715; CER: 0.05401080846786499; WER: 0.17964646220207214; val_loss: 10.544781684875488; val_CER: 0.0588461235165596; val_WER: 0.19546090066432953
2023-10-15 12:56:06,323 - root - INFO - Epoch 118; loss: 8.542145729064941; CER: 0.05240560322999954; WER: 0.17480337619781494; val_loss: 10.268887519836426; val_CER: 0.05890738219022751; val_WER: 0.17794696986675262
2023-10-15 12:57:27,015 - root - INFO - Epoch 119; loss: 8.387560844421387; CER: 0.05013499781489372; WER: 0.16558246314525604; val_loss: 10.396344184875488; val_CER: 0.05762843042612076; val_WER: 0.17739157378673553
2023-10-15 12:58:48,776 - root - INFO - Epoch 120; loss: 8.325488090515137; CER: 0.048606496304273605; WER: 0.16705843806266785; val_loss: 10.515888214111328; val_CER: 0.054222386330366135; val_WER: 0.17183290421962738
2023-10-15 13:00:08,354 - root - INFO - Epoch 121; loss: 8.32542896270752; CER: 0.049354370683431625; WER: 0.16693614423274994; val_loss: 10.024654388427734; val_CER: 0.04923154041171074; val_WER: 0.1574396938085556
2023-10-15 13:01:27,233 - root - INFO - Epoch 122; loss: 7.917599201202393; CER: 0.047776561230421066; WER: 0.16228735446929932; val_loss: 10.001065254211426; val_CER: 0.06313461065292358; val_WER: 0.19052612781524658
2023-10-15 13:02:46,401 - root - INFO - Epoch 123; loss: 7.9915361404418945; CER: 0.04812765121459961; WER: 0.16130590438842773; val_loss: 9.822047233581543; val_CER: 0.0649261325597763; val_WER: 0.19730281829833984
2023-10-15 13:04:05,520 - root - INFO - Epoch 124; loss: 7.723957061767578; CER: 0.04443291202187538; WER: 0.15180760622024536; val_loss: 10.290112495422363; val_CER: 0.050273552536964417; val_WER: 0.17020072042942047
2023-10-15 13:05:26,161 - root - INFO - Epoch 125; loss: 7.558894634246826; CER: 0.04375991225242615; WER: 0.14940372109413147; val_loss: 10.145194053649902; val_CER: 0.052537500858306885; val_WER: 0.1688542515039444
2023-10-15 13:06:45,434 - root - INFO - Epoch 126; loss: 7.523052215576172; CER: 0.04448139667510986; WER: 0.14760731160640717; val_loss: 10.134233474731445; val_CER: 0.059808406978845596; val_WER: 0.190642312169075
2023-10-15 13:08:04,979 - root - INFO - Epoch 127; loss: 7.231228828430176; CER: 0.04390645772218704; WER: 0.14659841358661652; val_loss: 9.654158592224121; val_CER: 0.055954352021217346; val_WER: 0.16342347860336304
2023-10-15 13:09:24,855 - root - INFO - Epoch 128; loss: 7.224460601806641; CER: 0.043267764151096344; WER: 0.14695104956626892; val_loss: 9.62779712677002; val_CER: 0.05315306410193443; val_WER: 0.16904263198375702
2023-10-15 13:10:47,012 - root - INFO - Epoch 129; loss: 7.193053722381592; CER: 0.042626187205314636; WER: 0.14519113302230835; val_loss: 9.733813285827637; val_CER: 0.04929816722869873; val_WER: 0.1594519466161728
2023-10-15 13:12:06,490 - root - INFO - Epoch 130; loss: 6.9504780769348145; CER: 0.04302850365638733; WER: 0.14618776738643646; val_loss: 9.86845874786377; val_CER: 0.05377200245857239; val_WER: 0.1680908501148224
2023-10-15 13:13:26,783 - root - INFO - Epoch 131; loss: 6.801978588104248; CER: 0.040840622037649155; WER: 0.1394558995962143; val_loss: 9.585744857788086; val_CER: 0.05380908027291298; val_WER: 0.172991082072258
2023-10-15 13:14:46,149 - root - INFO - Epoch 132; loss: 6.62336540222168; CER: 0.039005909115076065; WER: 0.1336238831281662; val_loss: 9.398435592651367; val_CER: 0.05820552259683609; val_WER: 0.18120741844177246
2023-10-15 13:16:07,450 - root - INFO - Epoch 133; loss: 6.686496734619141; CER: 0.03909994661808014; WER: 0.134868323802948; val_loss: 9.227751731872559; val_CER: 0.05135573819279671; val_WER: 0.17365801334381104
2023-10-15 13:17:28,590 - root - INFO - Epoch 134; loss: 6.527278900146484; CER: 0.03836347535252571; WER: 0.13057082891464233; val_loss: 9.641644477844238; val_CER: 0.0562957301735878; val_WER: 0.17438392341136932
2023-10-15 13:18:49,134 - root - INFO - Epoch 135; loss: 6.51092529296875; CER: 0.03987814113497734; WER: 0.13316991925239563; val_loss: 8.905767440795898; val_CER: 0.05911862477660179; val_WER: 0.18215832114219666
2023-10-15 13:20:09,582 - root - INFO - Epoch 136; loss: 5.974423408508301; CER: 0.03731652721762657; WER: 0.13031281530857086; val_loss: 9.120453834533691; val_CER: 0.05518897995352745; val_WER: 0.17029410600662231
2023-10-15 13:21:28,485 - root - INFO - Epoch 137; loss: 5.904519081115723; CER: 0.03614898771047592; WER: 0.12513302266597748; val_loss: 9.27692985534668; val_CER: 0.05695809796452522; val_WER: 0.17635934054851532
2023-10-15 13:22:48,732 - root - INFO - Epoch 138; loss: 6.295589923858643; CER: 0.037299707531929016; WER: 0.13048306107521057; val_loss: 9.879500389099121; val_CER: 0.04506843164563179; val_WER: 0.14622800052165985
2023-10-15 13:24:08,151 - root - INFO - Epoch 139; loss: 6.316041946411133; CER: 0.037155941128730774; WER: 0.12691862881183624; val_loss: 9.177730560302734; val_CER: 0.04658063128590584; val_WER: 0.15156769752502441
2023-10-15 13:25:33,081 - root - INFO - Epoch 140; loss: 6.076214790344238; CER: 0.03782075643539429; WER: 0.1305244266986847; val_loss: 9.210639953613281; val_CER: 0.0523056723177433; val_WER: 0.1651415377855301
2023-10-15 13:26:52,231 - root - INFO - Epoch 141; loss: 5.87209939956665; CER: 0.036638084799051285; WER: 0.12482299655675888; val_loss: 9.385637283325195; val_CER: 0.059825409203767776; val_WER: 0.1791175752878189
2023-10-15 13:28:11,185 - root - INFO - Epoch 142; loss: 5.8397674560546875; CER: 0.033807121217250824; WER: 0.11737176030874252; val_loss: 9.075173377990723; val_CER: 0.05164719745516777; val_WER: 0.16068145632743835
2023-10-15 13:29:30,534 - root - INFO - Epoch 143; loss: 5.5550923347473145; CER: 0.033516936004161835; WER: 0.11665277928113937; val_loss: 9.20105266571045; val_CER: 0.049221497029066086; val_WER: 0.15908853709697723
2023-10-15 13:30:51,359 - root - INFO - Epoch 144; loss: 5.550551891326904; CER: 0.03447240591049194; WER: 0.11457209289073944; val_loss: 9.10366439819336; val_CER: 0.04741833359003067; val_WER: 0.14457879960536957
2023-10-15 13:32:10,857 - root - INFO - Epoch 145; loss: 5.478052139282227; CER: 0.03331034630537033; WER: 0.11354381591081619; val_loss: 8.568325996398926; val_CER: 0.05324345827102661; val_WER: 0.16798225045204163
2023-10-15 13:33:31,266 - root - INFO - Epoch 146; loss: 5.398089408874512; CER: 0.03278886526823044; WER: 0.1137075424194336; val_loss: 8.567400932312012; val_CER: 0.051331404596567154; val_WER: 0.16378378868103027
2023-10-15 13:34:51,525 - root - INFO - Epoch 147; loss: 5.3394317626953125; CER: 0.03419715538620949; WER: 0.11636008322238922; val_loss: 8.753378868103027; val_CER: 0.044051989912986755; val_WER: 0.13417194783687592
2023-10-15 13:36:12,976 - root - INFO - Epoch 148; loss: 5.349327564239502; CER: 0.03152535483241081; WER: 0.10762818902730942; val_loss: 8.684015274047852; val_CER: 0.05314066633582115; val_WER: 0.15650887787342072
2023-10-15 13:37:31,389 - root - INFO - Epoch 149; loss: 5.094878673553467; CER: 0.030503153800964355; WER: 0.10655093193054199; val_loss: 8.733125686645508; val_CER: 0.04722102731466293; val_WER: 0.1444430947303772
2023-10-15 13:38:52,789 - root - INFO - Epoch 150; loss: 5.121189117431641; CER: 0.030066009610891342; WER: 0.10813257098197937; val_loss: 8.822361946105957; val_CER: 0.04745183885097504; val_WER: 0.15272891521453857
2023-10-15 13:40:12,642 - root - INFO - Epoch 151; loss: 4.898827075958252; CER: 0.029758211225271225; WER: 0.10128279030323029; val_loss: 8.559515953063965; val_CER: 0.051761649549007416; val_WER: 0.15958172082901
2023-10-15 13:41:34,095 - root - INFO - Epoch 152; loss: 4.793368339538574; CER: 0.029758179560303688; WER: 0.10410238057374954; val_loss: 8.767538070678711; val_CER: 0.04801435396075249; val_WER: 0.14893443882465363
2023-10-15 13:42:58,801 - root - INFO - Epoch 153; loss: 4.7751874923706055; CER: 0.029270954430103302; WER: 0.1025177389383316; val_loss: 7.872081279754639; val_CER: 0.053144633769989014; val_WER: 0.16048109531402588
2023-10-15 13:44:17,590 - root - INFO - Epoch 154; loss: 4.79197359085083; CER: 0.029651563614606857; WER: 0.09836892038583755; val_loss: 8.319876670837402; val_CER: 0.04570763558149338; val_WER: 0.14446140825748444
2023-10-15 13:45:36,604 - root - INFO - Epoch 155; loss: 4.773475646972656; CER: 0.027562309056520462; WER: 0.09820430725812912; val_loss: 8.494731903076172; val_CER: 0.04506255313754082; val_WER: 0.13581807911396027
2023-10-15 13:46:59,198 - root - INFO - Epoch 156; loss: 4.754647254943848; CER: 0.027434607967734337; WER: 0.09541460126638412; val_loss: 8.719893455505371; val_CER: 0.0427832268178463; val_WER: 0.1374892145395279
2023-10-15 13:48:19,014 - root - INFO - Epoch 157; loss: 4.628462314605713; CER: 0.028431221842765808; WER: 0.09683791548013687; val_loss: 8.700347900390625; val_CER: 0.05165673419833183; val_WER: 0.15516297519207
2023-10-15 13:49:40,501 - root - INFO - Epoch 158; loss: 4.635532855987549; CER: 0.028260430321097374; WER: 0.09922657907009125; val_loss: 8.068439483642578; val_CER: 0.048364292830228806; val_WER: 0.1440625637769699
2023-10-15 13:51:02,891 - root - INFO - Epoch 159; loss: 4.477460861206055; CER: 0.027322614565491676; WER: 0.09745211154222488; val_loss: 8.471649169921875; val_CER: 0.04987975209951401; val_WER: 0.15364064276218414
2023-10-15 13:52:22,137 - root - INFO - Epoch 160; loss: 4.468676567077637; CER: 0.02654396742582321; WER: 0.09246746450662613; val_loss: 8.715597152709961; val_CER: 0.038033898919820786; val_WER: 0.1275026649236679
2023-10-15 13:53:41,603 - root - INFO - Epoch 161; loss: 4.450648307800293; CER: 0.026228059083223343; WER: 0.09191804379224777; val_loss: 8.273674964904785; val_CER: 0.040487006306648254; val_WER: 0.1307431310415268
2023-10-15 13:55:01,535 - root - INFO - Epoch 162; loss: 4.417759895324707; CER: 0.02603164128959179; WER: 0.0910813957452774; val_loss: 8.720864295959473; val_CER: 0.04984969645738602; val_WER: 0.15487299859523773
2023-10-15 13:56:22,789 - root - INFO - Epoch 163; loss: 4.436568737030029; CER: 0.025870712473988533; WER: 0.08867044001817703; val_loss: 8.522324562072754; val_CER: 0.0474572479724884; val_WER: 0.14888989925384521
2023-10-15 13:57:44,879 - root - INFO - Epoch 164; loss: 4.1700544357299805; CER: 0.026257799938321114; WER: 0.08939868211746216; val_loss: 8.438509941101074; val_CER: 0.05306733027100563; val_WER: 0.1602790653705597
2023-10-15 13:59:04,292 - root - INFO - Epoch 165; loss: 4.233395576477051; CER: 0.024586383253335953; WER: 0.08911542594432831; val_loss: 8.519283294677734; val_CER: 0.054059408605098724; val_WER: 0.1625274121761322
2023-10-15 14:00:25,487 - root - INFO - Epoch 166; loss: 4.123948574066162; CER: 0.02373449131846428; WER: 0.08488397300243378; val_loss: 8.67376708984375; val_CER: 0.04729054495692253; val_WER: 0.14484107494354248
2023-10-15 14:01:45,074 - root - INFO - Epoch 167; loss: 3.997169256210327; CER: 0.022872740402817726; WER: 0.08579487353563309; val_loss: 8.494372367858887; val_CER: 0.04854960739612579; val_WER: 0.1485980898141861
2023-10-15 14:03:03,474 - root - INFO - Epoch 168; loss: 4.143896102905273; CER: 0.024362029507756233; WER: 0.08456815779209137; val_loss: 8.144219398498535; val_CER: 0.044401947408914566; val_WER: 0.14026294648647308
2023-10-15 14:04:25,389 - root - INFO - Epoch 169; loss: 4.33904504776001; CER: 0.02630571648478508; WER: 0.08642322570085526; val_loss: 8.479358673095703; val_CER: 0.0450734943151474; val_WER: 0.13823355734348297
2023-10-15 14:05:45,770 - root - INFO - Epoch 170; loss: 4.161978244781494; CER: 0.02562515065073967; WER: 0.08703911304473877; val_loss: 8.4613676071167; val_CER: 0.04360320046544075; val_WER: 0.13144609332084656
2023-10-15 14:07:07,112 - root - INFO - Epoch 171; loss: 3.891106367111206; CER: 0.022592760622501373; WER: 0.07897104322910309; val_loss: 8.358587265014648; val_CER: 0.045106131583452225; val_WER: 0.14169426262378693
2023-10-15 14:08:26,983 - root - INFO - Epoch 172; loss: 3.8389999866485596; CER: 0.023244019597768784; WER: 0.08324803411960602; val_loss: 8.210613250732422; val_CER: 0.04023140296339989; val_WER: 0.12595921754837036
2023-10-15 14:09:45,493 - root - INFO - Epoch 173; loss: 3.764772653579712; CER: 0.02220095507800579; WER: 0.08051757514476776; val_loss: 8.363106727600098; val_CER: 0.04275990277528763; val_WER: 0.13198988139629364
2023-10-15 14:11:06,394 - root - INFO - Epoch 174; loss: 3.881185293197632; CER: 0.02235984057188034; WER: 0.08076158910989761; val_loss: 8.047623634338379; val_CER: 0.04188546910881996; val_WER: 0.13615873456001282
2023-10-15 14:11:09,318 - tf2onnx.tfonnx - INFO - Using tensorflow=2.12.0, onnx=1.14.0, tf2onnx=1.15.1/37820d
2023-10-15 14:11:09,318 - tf2onnx.tfonnx - INFO - Using opset <onnx, 15>
2023-10-15 14:11:09,453 - tf2onnx.tf_utils - INFO - Computed 0 values for constant folding
2023-10-15 14:11:09,458 - tf2onnx.tf_utils - INFO - Computed 0 values for constant folding
2023-10-15 14:11:09,460 - tf2onnx.tf_utils - INFO - Computed 0 values for constant folding
2023-10-15 14:11:09,462 - tf2onnx.tf_utils - INFO - Computed 0 values for constant folding
2023-10-15 14:11:09,464 - tf2onnx.tf_utils - INFO - Computed 0 values for constant folding
2023-10-15 14:11:09,469 - tf2onnx.tf_utils - INFO - Computed 0 values for constant folding
2023-10-15 14:11:09,474 - tf2onnx.tf_utils - INFO - Computed 0 values for constant folding
2023-10-15 14:11:09,479 - tf2onnx.tf_utils - INFO - Computed 0 values for constant folding
2023-10-15 14:11:09,550 - tf2onnx.tf_utils - INFO - Computed 2 values for constant folding
2023-10-15 14:11:09,640 - tf2onnx.tfonnx - INFO - folding node using tf type=StridedSlice, name=model/bidirectional/forward_lstm/PartitionedCall/strided_slice
2023-10-15 14:11:09,640 - tf2onnx.tfonnx - INFO - folding node using tf type=StridedSlice, name=model/bidirectional/backward_lstm/PartitionedCall/strided_slice
2023-10-15 14:11:09,862 - tf2onnx.optimizer - INFO - Optimizing ONNX model
2023-10-15 14:11:10,651 - tf2onnx.optimizer - INFO - After optimization: BatchNormalization -18 (18->0), Cast -8 (17->9), Concat -8 (17->9), Const -173 (243->70), Expand -6 (8->2), Gather +3 (2->5), Identity -2 (2->0), Shape -2 (6->4), Slice -2 (9->7), Squeeze -5 (9->4), Transpose -86 (90->4), Unsqueeze -25 (29->4)
