2023-10-16 08:54:43,773 - tensorflow - INFO - Using MirroredStrategy with devices ('/job:localhost/replica:0/task:0/device:GPU:0', '/job:localhost/replica:0/task:0/device:GPU:1')
2023-10-16 08:54:43,774 - DataProvider - INFO - Skipping Dataset validation...
2023-10-17 06:47:33,386 - tensorflow - INFO - Using MirroredStrategy with devices ('/job:localhost/replica:0/task:0/device:GPU:0', '/job:localhost/replica:0/task:0/device:GPU:1')
2023-10-17 06:47:33,387 - DataProvider - INFO - Skipping Dataset validation...
2023-10-17 07:03:03,347 - tensorflow - INFO - Using MirroredStrategy with devices ('/job:localhost/replica:0/task:0/device:GPU:0', '/job:localhost/replica:0/task:0/device:GPU:1')
2023-10-17 07:03:03,348 - DataProvider - INFO - Skipping Dataset validation...
2023-10-17 07:03:12,732 - tensorflow - INFO - batch_all_reduce: 98 all-reduces with algorithm = nccl, num_packs = 1
2023-10-17 07:03:26,849 - tensorflow - INFO - batch_all_reduce: 98 all-reduces with algorithm = nccl, num_packs = 1
2023-10-17 07:08:48,631 - tensorflow - INFO - Using MirroredStrategy with devices ('/job:localhost/replica:0/task:0/device:GPU:0', '/job:localhost/replica:0/task:0/device:GPU:1')
2023-10-17 07:08:48,632 - DataProvider - INFO - Skipping Dataset validation...
2023-10-17 07:08:57,727 - tensorflow - INFO - batch_all_reduce: 98 all-reduces with algorithm = nccl, num_packs = 1
2023-10-17 07:09:11,935 - tensorflow - INFO - batch_all_reduce: 98 all-reduces with algorithm = nccl, num_packs = 1
2023-10-17 07:11:02,328 - root - INFO - Epoch 0; loss: 3.2184641361236572; CER: 0.022005649283528328; WER: 0.07542520016431808; val_loss: 9.607139587402344; val_CER: 0.04625329002737999; val_WER: 0.13845278322696686
2023-10-17 07:12:28,681 - root - INFO - Epoch 1; loss: 3.2903552055358887; CER: 0.02223365753889084; WER: 0.07159062474966049; val_loss: 9.485960960388184; val_CER: 0.0488203689455986; val_WER: 0.14794526994228363
2023-10-17 07:13:50,283 - root - INFO - Epoch 2; loss: 2.9077062606811523; CER: 0.019059835001826286; WER: 0.06599677354097366; val_loss: 10.70875072479248; val_CER: 0.05565231293439865; val_WER: 0.14930182695388794
2023-10-17 07:15:13,317 - root - INFO - Epoch 3; loss: 2.946730136871338; CER: 0.02128242887556553; WER: 0.0681600496172905; val_loss: 8.884526252746582; val_CER: 0.04391512647271156; val_WER: 0.13217106461524963
2023-10-17 07:16:35,118 - root - INFO - Epoch 4; loss: 2.6624820232391357; CER: 0.017853574827313423; WER: 0.06253592669963837; val_loss: 8.944077491760254; val_CER: 0.048553526401519775; val_WER: 0.14418993890285492
2023-10-17 07:16:38,282 - tf2onnx.tfonnx - INFO - Using tensorflow=2.12.0, onnx=1.14.1, tf2onnx=1.15.1/37820d
2023-10-17 07:16:38,282 - tf2onnx.tfonnx - INFO - Using opset <onnx, 15>
2023-10-17 07:16:38,419 - tf2onnx.tf_utils - INFO - Computed 0 values for constant folding
2023-10-17 07:16:38,422 - tf2onnx.tf_utils - INFO - Computed 0 values for constant folding
2023-10-17 07:16:38,424 - tf2onnx.tf_utils - INFO - Computed 0 values for constant folding
2023-10-17 07:16:38,429 - tf2onnx.tf_utils - INFO - Computed 0 values for constant folding
2023-10-17 07:16:38,435 - tf2onnx.tf_utils - INFO - Computed 0 values for constant folding
2023-10-17 07:16:38,440 - tf2onnx.tf_utils - INFO - Computed 0 values for constant folding
2023-10-17 07:16:38,442 - tf2onnx.tf_utils - INFO - Computed 0 values for constant folding
2023-10-17 07:16:38,444 - tf2onnx.tf_utils - INFO - Computed 0 values for constant folding
2023-10-17 07:16:38,515 - tf2onnx.tf_utils - INFO - Computed 2 values for constant folding
2023-10-17 07:16:38,607 - tf2onnx.tfonnx - INFO - folding node using tf type=StridedSlice, name=model_3/bidirectional_6/forward_lstm_6/PartitionedCall/strided_slice
2023-10-17 07:16:38,608 - tf2onnx.tfonnx - INFO - folding node using tf type=StridedSlice, name=model_3/bidirectional_6/backward_lstm_6/PartitionedCall/strided_slice
2023-10-17 07:16:38,831 - tf2onnx.optimizer - INFO - Optimizing ONNX model
2023-10-17 07:16:40,314 - tf2onnx.optimizer - INFO - After optimization: BatchNormalization -18 (18->0), Cast -8 (17->9), Concat -8 (17->9), Const -173 (243->70), Expand -6 (8->2), Gather +3 (2->5), Identity -2 (2->0), Shape -2 (6->4), Slice -2 (9->7), Squeeze -5 (9->4), Transpose -86 (90->4), Unsqueeze -25 (29->4)
2023-10-17 07:42:27,062 - tensorflow - INFO - Using MirroredStrategy with devices ('/job:localhost/replica:0/task:0/device:GPU:0', '/job:localhost/replica:0/task:0/device:GPU:1')
2023-10-17 07:42:27,063 - DataProvider - INFO - Skipping Dataset validation...
2023-10-17 07:42:36,009 - tensorflow - INFO - batch_all_reduce: 98 all-reduces with algorithm = nccl, num_packs = 1
2023-10-17 07:42:49,854 - tensorflow - INFO - batch_all_reduce: 98 all-reduces with algorithm = nccl, num_packs = 1
2023-10-17 07:44:44,951 - root - INFO - Epoch 0; loss: 3.2975358963012695; CER: 0.022586647421121597; WER: 0.07654837518930435; val_loss: 8.995488166809082; val_CER: 0.0441463477909565; val_WER: 0.1301094889640808
2023-10-17 07:46:06,403 - root - INFO - Epoch 1; loss: 3.0014922618865967; CER: 0.019421782344579697; WER: 0.067291758954525; val_loss: 8.661197662353516; val_CER: 0.040098581463098526; val_WER: 0.12970803678035736
2023-10-17 07:47:28,713 - root - INFO - Epoch 2; loss: 2.760578155517578; CER: 0.017070872709155083; WER: 0.06128239259123802; val_loss: 9.077926635742188; val_CER: 0.04018934816122055; val_WER: 0.12680567800998688
2023-10-17 07:49:50,098 - root - INFO - Epoch 3; loss: 2.528398036956787; CER: 0.01579262502491474; WER: 0.058706142008304596; val_loss: 8.4691801071167; val_CER: 0.04006084427237511; val_WER: 0.12232910096645355
2023-10-17 07:51:11,231 - root - INFO - Epoch 4; loss: 2.596433401107788; CER: 0.017703011631965637; WER: 0.06258136034011841; val_loss: 8.974689483642578; val_CER: 0.05591132491827011; val_WER: 0.16170336306095123
2023-10-17 07:52:33,811 - root - INFO - Epoch 5; loss: 2.57328462600708; CER: 0.015749434009194374; WER: 0.05459345504641533; val_loss: 9.133258819580078; val_CER: 0.04611761495471001; val_WER: 0.14146552979946136
2023-10-17 07:53:54,462 - root - INFO - Epoch 6; loss: 2.3991734981536865; CER: 0.016691770404577255; WER: 0.05903938040137291; val_loss: 8.613892555236816; val_CER: 0.04472259432077408; val_WER: 0.1259319931268692
2023-10-17 07:55:16,251 - root - INFO - Epoch 7; loss: 2.616205930709839; CER: 0.018889008089900017; WER: 0.06251953542232513; val_loss: 7.9089765548706055; val_CER: 0.04936053603887558; val_WER: 0.1377282589673996
2023-10-17 07:56:36,985 - root - INFO - Epoch 8; loss: 2.390669345855713; CER: 0.014746337197721004; WER: 0.05312161520123482; val_loss: 8.789102554321289; val_CER: 0.046376343816518784; val_WER: 0.13935059309005737
2023-10-17 07:57:58,270 - root - INFO - Epoch 9; loss: 2.252028703689575; CER: 0.014924048446118832; WER: 0.05285884439945221; val_loss: 8.242219924926758; val_CER: 0.03727342188358307; val_WER: 0.11733757704496384
2023-10-17 07:59:18,906 - root - INFO - Epoch 10; loss: 2.1027936935424805; CER: 0.014021098613739014; WER: 0.05053946375846863; val_loss: 8.725143432617188; val_CER: 0.043299563229084015; val_WER: 0.12103912979364395
2023-10-17 08:00:40,636 - root - INFO - Epoch 11; loss: 2.1888747215270996; CER: 0.014922965317964554; WER: 0.052654724568128586; val_loss: 9.01675796508789; val_CER: 0.03890836983919144; val_WER: 0.12987542152404785
2023-10-17 08:02:01,326 - root - INFO - Epoch 12; loss: 1.9817301034927368; CER: 0.012687868438661098; WER: 0.04441333934664726; val_loss: 8.945109367370605; val_CER: 0.03925866633653641; val_WER: 0.11764953285455704
2023-10-17 08:03:22,599 - root - INFO - Epoch 13; loss: 2.4559082984924316; CER: 0.01549205370247364; WER: 0.05332445725798607; val_loss: 72.06566619873047; val_CER: 0.34790459275245667; val_WER: 0.5945424437522888
2023-10-17 08:04:44,001 - root - INFO - Epoch 14; loss: 2.632615089416504; CER: 0.017230745404958725; WER: 0.05674367398023605; val_loss: 8.346809387207031; val_CER: 0.03452514111995697; val_WER: 0.11024267226457596
2023-10-17 08:06:03,934 - root - INFO - Epoch 15; loss: 2.413194417953491; CER: 0.015331204049289227; WER: 0.05025317892432213; val_loss: 8.918079376220703; val_CER: 0.03720206394791603; val_WER: 0.11980190873146057
2023-10-17 08:07:24,566 - root - INFO - Epoch 16; loss: 2.1871633529663086; CER: 0.015542393550276756; WER: 0.05327828601002693; val_loss: 9.208523750305176; val_CER: 0.04885027930140495; val_WER: 0.13956670463085175
2023-10-17 08:08:44,098 - root - INFO - Epoch 17; loss: 1.8982820510864258; CER: 0.012896895408630371; WER: 0.04500540718436241; val_loss: 8.986374855041504; val_CER: 0.040623120963573456; val_WER: 0.12180783599615097
2023-10-17 08:10:05,114 - root - INFO - Epoch 18; loss: 1.8984928131103516; CER: 0.011654593981802464; WER: 0.04222411662340164; val_loss: 9.119234085083008; val_CER: 0.04353886842727661; val_WER: 0.11728435754776001
2023-10-17 08:11:24,530 - root - INFO - Epoch 19; loss: 1.5988693237304688; CER: 0.011018959805369377; WER: 0.03902030736207962; val_loss: 8.82945728302002; val_CER: 0.04909387230873108; val_WER: 0.1334102302789688
2023-10-17 08:48:43,653 - tensorflow - INFO - Error reported to Coordinator: 
Traceback (most recent call last):
  File "/opt/conda/lib/python3.10/site-packages/tensorflow/python/training/coordinator.py", line 293, in stop_on_exception
    yield
  File "/opt/conda/lib/python3.10/site-packages/tensorflow/python/distribute/mirrored_run.py", line 226, in _call_for_each_replica
    t.has_paused.wait()
  File "/opt/conda/lib/python3.10/threading.py", line 607, in wait
    signaled = self._cond.wait(timeout)
  File "/opt/conda/lib/python3.10/threading.py", line 320, in wait
    waiter.acquire()
KeyboardInterrupt
2023-10-17 08:52:10,762 - tensorflow - INFO - batch_all_reduce: 98 all-reduces with algorithm = nccl, num_packs = 1
2023-10-17 08:52:24,542 - tensorflow - INFO - batch_all_reduce: 98 all-reduces with algorithm = nccl, num_packs = 1
2023-10-17 08:54:45,872 - root - INFO - Epoch 0; loss: 3.1580700874328613; CER: 0.022395743057131767; WER: 0.07625673711299896; val_loss: 8.996871948242188; val_CER: 0.04267333075404167; val_WER: 0.1270299255847931
2023-10-17 08:56:16,578 - root - INFO - Epoch 1; loss: 2.8739163875579834; CER: 0.019771020859479904; WER: 0.06748542189598083; val_loss: 9.14521312713623; val_CER: 0.0448087640106678; val_WER: 0.13197486102581024
2023-10-17 08:57:37,869 - root - INFO - Epoch 2; loss: 2.961602210998535; CER: 0.018998147919774055; WER: 0.06524405628442764; val_loss: 9.808016777038574; val_CER: 0.04750806838274002; val_WER: 0.14196960628032684
2023-10-17 08:59:00,990 - root - INFO - Epoch 3; loss: 2.7277605533599854; CER: 0.017906805500388145; WER: 0.0611269474029541; val_loss: 8.933783531188965; val_CER: 0.039071083068847656; val_WER: 0.12217114865779877
2023-10-17 09:01:21,507 - root - INFO - Epoch 4; loss: 2.6747469902038574; CER: 0.017108745872974396; WER: 0.060435160994529724; val_loss: 8.575325012207031; val_CER: 0.04421423375606537; val_WER: 0.12637263536453247
2023-10-17 09:02:44,070 - root - INFO - Epoch 5; loss: 2.6600944995880127; CER: 0.017895342782139778; WER: 0.06324104219675064; val_loss: 9.087592124938965; val_CER: 0.040286507457494736; val_WER: 0.12758569419384003
2023-10-17 09:05:04,268 - root - INFO - Epoch 6; loss: 2.5218586921691895; CER: 0.015926644206047058; WER: 0.05443940311670303; val_loss: 9.062615394592285; val_CER: 0.04219469428062439; val_WER: 0.12189151346683502
2023-10-17 09:06:26,603 - root - INFO - Epoch 7; loss: 2.674612283706665; CER: 0.017329996451735497; WER: 0.059189703315496445; val_loss: 8.73819351196289; val_CER: 0.03784952312707901; val_WER: 0.11591896414756775
2023-10-17 09:07:48,604 - root - INFO - Epoch 8; loss: 2.444899559020996; CER: 0.016521351411938667; WER: 0.059703484177589417; val_loss: 8.753950119018555; val_CER: 0.03984580188989639; val_WER: 0.12253012508153915
2023-10-17 09:09:09,917 - root - INFO - Epoch 9; loss: 2.6234378814697266; CER: 0.018030885607004166; WER: 0.06188387796282768; val_loss: 8.826607704162598; val_CER: 0.03654959052801132; val_WER: 0.11347682774066925
2023-10-17 09:10:32,097 - root - INFO - Epoch 10; loss: 2.508401870727539; CER: 0.01706310547888279; WER: 0.06011436507105827; val_loss: 9.595924377441406; val_CER: 0.053138211369514465; val_WER: 0.15946854650974274
2023-10-17 09:12:53,923 - root - INFO - Epoch 11; loss: 2.5303637981414795; CER: 0.016409536823630333; WER: 0.055024199187755585; val_loss: 9.05022144317627; val_CER: 0.0432673878967762; val_WER: 0.12440462410449982
2023-10-17 09:14:15,469 - root - INFO - Epoch 12; loss: 2.4426963329315186; CER: 0.015404119156301022; WER: 0.053995274007320404; val_loss: 9.283530235290527; val_CER: 0.05035613849759102; val_WER: 0.15175054967403412
2023-10-17 09:15:36,829 - root - INFO - Epoch 13; loss: 2.46258544921875; CER: 0.016133388504385948; WER: 0.055061906576156616; val_loss: 8.775217056274414; val_CER: 0.035033565014600754; val_WER: 0.11568307131528854
2023-10-17 09:17:00,263 - root - INFO - Epoch 14; loss: 2.058534622192383; CER: 0.013873008079826832; WER: 0.04748288914561272; val_loss: 7.738121509552002; val_CER: 0.034688930958509445; val_WER: 0.10319698601961136
2023-10-17 09:19:19,871 - root - INFO - Epoch 15; loss: 2.059598445892334; CER: 0.012495999224483967; WER: 0.04471047595143318; val_loss: 9.01354694366455; val_CER: 0.039238132536411285; val_WER: 0.11967936158180237
2023-10-17 09:20:42,974 - root - INFO - Epoch 16; loss: 2.4191360473632812; CER: 0.015447254292666912; WER: 0.053167201578617096; val_loss: 9.504308700561523; val_CER: 0.03930234909057617; val_WER: 0.12351177632808685
2023-10-17 09:21:39,491 - tensorflow - INFO - batch_all_reduce: 98 all-reduces with algorithm = nccl, num_packs = 1
2023-10-17 09:21:53,321 - tensorflow - INFO - batch_all_reduce: 98 all-reduces with algorithm = nccl, num_packs = 1
2023-10-17 09:24:14,300 - root - INFO - Epoch 0; loss: 2.9726407527923584; CER: 0.020815111696720123; WER: 0.0707709863781929; val_loss: 9.02574348449707; val_CER: 0.04308074340224266; val_WER: 0.1279270201921463
2023-10-17 09:25:36,462 - root - INFO - Epoch 1; loss: 2.894517183303833; CER: 0.020745083689689636; WER: 0.06870507448911667; val_loss: 10.354721069335938; val_CER: 0.04575686901807785; val_WER: 0.1445910483598709
2023-10-17 09:26:59,443 - root - INFO - Epoch 2; loss: 2.732797861099243; CER: 0.016884926706552505; WER: 0.061222225427627563; val_loss: 9.02836799621582; val_CER: 0.043215617537498474; val_WER: 0.12685717642307281
2023-10-17 09:28:21,247 - root - INFO - Epoch 3; loss: 2.8099350929260254; CER: 0.018156398087739944; WER: 0.05911511555314064; val_loss: 9.501049995422363; val_CER: 0.051224950700998306; val_WER: 0.14431996643543243
2023-10-17 09:29:43,333 - root - INFO - Epoch 4; loss: 2.3843507766723633; CER: 0.016219064593315125; WER: 0.05756402760744095; val_loss: 8.666158676147461; val_CER: 0.03530338034033775; val_WER: 0.11038034409284592
2023-10-17 09:31:10,225 - root - INFO - Epoch 5; loss: 2.415870189666748; CER: 0.015479913912713528; WER: 0.053622812032699585; val_loss: 8.973041534423828; val_CER: 0.039395179599523544; val_WER: 0.12443019449710846
2023-10-17 09:33:27,963 - root - INFO - Epoch 6; loss: 2.3929405212402344; CER: 0.015891030430793762; WER: 0.0556277371942997; val_loss: 9.241517066955566; val_CER: 0.04563131928443909; val_WER: 0.1340915411710739
2023-10-17 09:34:50,018 - root - INFO - Epoch 7; loss: 2.7349252700805664; CER: 0.01820952445268631; WER: 0.06019941344857216; val_loss: 9.000926971435547; val_CER: 0.041008271276950836; val_WER: 0.1191142201423645
2023-10-17 09:37:11,355 - root - INFO - Epoch 8; loss: 2.3292148113250732; CER: 0.015395204536616802; WER: 0.05511755123734474; val_loss: 8.78511905670166; val_CER: 0.042541030794382095; val_WER: 0.13439278304576874
2023-10-17 09:38:32,856 - root - INFO - Epoch 9; loss: 2.182987689971924; CER: 0.014701738022267818; WER: 0.05297879874706268; val_loss: 8.7711763381958; val_CER: 0.03921489045023918; val_WER: 0.12052608281373978
2023-10-17 09:39:54,170 - root - INFO - Epoch 10; loss: 2.177748680114746; CER: 0.014604348689317703; WER: 0.04847410321235657; val_loss: 8.35021686553955; val_CER: 0.04335770756006241; val_WER: 0.12848567962646484
2023-10-17 09:41:17,256 - root - INFO - Epoch 11; loss: 1.9377081394195557; CER: 0.011799330823123455; WER: 0.041856326162815094; val_loss: 9.204748153686523; val_CER: 0.0396060086786747; val_WER: 0.11823797225952148
2023-10-17 09:42:38,695 - root - INFO - Epoch 12; loss: 2.0230565071105957; CER: 0.013883394189178944; WER: 0.0483405739068985; val_loss: 8.703721046447754; val_CER: 0.04157758876681328; val_WER: 0.12380527704954147
2023-10-17 09:44:01,133 - root - INFO - Epoch 13; loss: 1.9549598693847656; CER: 0.014296741224825382; WER: 0.048688292503356934; val_loss: 9.141197204589844; val_CER: 0.0489896722137928; val_WER: 0.1368655562400818
2023-10-17 09:46:27,931 - root - INFO - Epoch 14; loss: 1.917170524597168; CER: 0.01302242185920477; WER: 0.04383138567209244; val_loss: 8.981590270996094; val_CER: 0.03608597069978714; val_WER: 0.10272587835788727
2023-10-17 09:47:49,230 - root - INFO - Epoch 15; loss: 1.8926455974578857; CER: 0.011843271553516388; WER: 0.03968564793467522; val_loss: 8.759444236755371; val_CER: 0.048919208347797394; val_WER: 0.13913115859031677
2023-10-17 09:49:11,163 - root - INFO - Epoch 16; loss: 1.905883550643921; CER: 0.012268793769180775; WER: 0.042167626321315765; val_loss: 8.715773582458496; val_CER: 0.04196527227759361; val_WER: 0.11606912314891815
2023-10-17 09:50:32,713 - root - INFO - Epoch 17; loss: 2.1380341053009033; CER: 0.012339199893176556; WER: 0.044508520513772964; val_loss: 8.744988441467285; val_CER: 0.04319348558783531; val_WER: 0.12613293528556824
2023-10-17 09:51:55,314 - root - INFO - Epoch 18; loss: 1.9968658685684204; CER: 0.013963660225272179; WER: 0.04508848488330841; val_loss: 8.342314720153809; val_CER: 0.03448530286550522; val_WER: 0.11402329802513123
2023-10-17 09:53:17,369 - root - INFO - Epoch 19; loss: 1.967118263244629; CER: 0.011937269009649754; WER: 0.04227825999259949; val_loss: 9.201651573181152; val_CER: 0.03543741628527641; val_WER: 0.11132139712572098
2023-10-17 09:54:38,890 - root - INFO - Epoch 20; loss: 1.7403987646102905; CER: 0.012112249620258808; WER: 0.041005536913871765; val_loss: 8.835639953613281; val_CER: 0.03933129832148552; val_WER: 0.12110049277544022
2023-10-17 09:56:01,177 - root - INFO - Epoch 21; loss: 1.7113467454910278; CER: 0.011877172626554966; WER: 0.04153767228126526; val_loss: 8.441122055053711; val_CER: 0.04129377380013466; val_WER: 0.12859664857387543
2023-10-17 09:57:22,855 - root - INFO - Epoch 22; loss: 1.811130166053772; CER: 0.012010828591883183; WER: 0.0422050841152668; val_loss: 8.547236442565918; val_CER: 0.037842974066734314; val_WER: 0.11949930340051651
2023-10-17 09:58:45,164 - root - INFO - Epoch 23; loss: 1.7189080715179443; CER: 0.010830827988684177; WER: 0.038885436952114105; val_loss: 8.888915061950684; val_CER: 0.04117473214864731; val_WER: 0.12346681952476501
2023-10-17 10:00:06,647 - root - INFO - Epoch 24; loss: 1.5171034336090088; CER: 0.011789203621447086; WER: 0.04095502942800522; val_loss: 8.826701164245605; val_CER: 0.04424513131380081; val_WER: 0.11897759884595871
2023-10-17 10:01:29,145 - root - INFO - Epoch 25; loss: 1.5580730438232422; CER: 0.010611926205456257; WER: 0.03821083530783653; val_loss: 8.641439437866211; val_CER: 0.04334374517202377; val_WER: 0.12336508929729462
2023-10-17 10:02:56,514 - root - INFO - Epoch 26; loss: 1.4687857627868652; CER: 0.010150288231670856; WER: 0.03408409655094147; val_loss: 9.049108505249023; val_CER: 0.038285862654447556; val_WER: 0.10557495057582855
2023-10-17 10:04:17,772 - root - INFO - Epoch 27; loss: 1.5239969491958618; CER: 0.009553277865052223; WER: 0.032913316041231155; val_loss: 8.647197723388672; val_CER: 0.03680552914738655; val_WER: 0.1166246309876442
2023-10-17 10:05:41,296 - root - INFO - Epoch 28; loss: 1.416947364807129; CER: 0.009271678514778614; WER: 0.032554227858781815; val_loss: 7.877840518951416; val_CER: 0.03725221008062363; val_WER: 0.1131507158279419
2023-10-17 10:08:01,211 - root - INFO - Epoch 29; loss: 1.5340907573699951; CER: 0.009870877489447594; WER: 0.030432147905230522; val_loss: 9.031596183776855; val_CER: 0.042154859751462936; val_WER: 0.12031605839729309
2023-10-17 10:09:23,273 - root - INFO - Epoch 30; loss: 1.5562211275100708; CER: 0.008516499772667885; WER: 0.028809431940317154; val_loss: 8.797362327575684; val_CER: 0.034925367683172226; val_WER: 0.1020699217915535
2023-10-17 10:10:49,630 - root - INFO - Epoch 31; loss: 1.3252836465835571; CER: 0.008728070184588432; WER: 0.030449755489826202; val_loss: 9.469111442565918; val_CER: 0.042002320289611816; val_WER: 0.1214352622628212
2023-10-17 10:13:06,492 - root - INFO - Epoch 32; loss: 1.5271860361099243; CER: 0.010085133835673332; WER: 0.03571303188800812; val_loss: 8.930281639099121; val_CER: 0.03981047496199608; val_WER: 0.11237400770187378
2023-10-17 10:14:29,059 - root - INFO - Epoch 33; loss: 1.2757902145385742; CER: 0.008203343488276005; WER: 0.029258640483021736; val_loss: 8.699779510498047; val_CER: 0.03853393718600273; val_WER: 0.11788654327392578
2023-10-17 10:15:49,465 - root - INFO - Epoch 34; loss: 1.337612509727478; CER: 0.00795736350119114; WER: 0.025848915800452232; val_loss: 10.09301471710205; val_CER: 0.04320002347230911; val_WER: 0.12878839671611786
2023-10-17 10:17:11,930 - root - INFO - Epoch 35; loss: 1.4288848638534546; CER: 0.00819358229637146; WER: 0.02860005386173725; val_loss: 8.13192081451416; val_CER: 0.03413982316851616; val_WER: 0.10311081260442734
2023-10-17 10:18:33,749 - root - INFO - Epoch 36; loss: 1.2590925693511963; CER: 0.007748851086944342; WER: 0.026976866647601128; val_loss: 8.593461990356445; val_CER: 0.03152673691511154; val_WER: 0.09345594793558121
2023-10-17 10:19:57,032 - root - INFO - Epoch 37; loss: 1.1931731700897217; CER: 0.006438797805458307; WER: 0.02413938008248806; val_loss: 8.919520378112793; val_CER: 0.04185975342988968; val_WER: 0.11483784019947052
2023-10-17 10:21:18,967 - root - INFO - Epoch 38; loss: 1.3175324201583862; CER: 0.009138399735093117; WER: 0.02901638299226761; val_loss: 8.6089506149292; val_CER: 0.04238012805581093; val_WER: 0.12202135473489761
2023-10-17 10:23:40,491 - root - INFO - Epoch 39; loss: 1.1194515228271484; CER: 0.006517913192510605; WER: 0.023214878514409065; val_loss: 8.548356056213379; val_CER: 0.03483419492840767; val_WER: 0.10427527129650116
2023-10-17 10:25:02,063 - root - INFO - Epoch 40; loss: 1.187376856803894; CER: 0.007643421646207571; WER: 0.026530852541327477; val_loss: 8.995505332946777; val_CER: 0.03514695167541504; val_WER: 0.10985929518938065
2023-10-17 10:26:23,017 - root - INFO - Epoch 41; loss: 1.1937919855117798; CER: 0.007122529670596123; WER: 0.022349253296852112; val_loss: 8.911824226379395; val_CER: 0.03502008691430092; val_WER: 0.10343856364488602
2023-10-17 10:27:44,817 - root - INFO - Epoch 42; loss: 1.106198787689209; CER: 0.006461793556809425; WER: 0.024548813700675964; val_loss: 8.95129108428955; val_CER: 0.03213582932949066; val_WER: 0.09651986509561539
2023-10-17 10:29:04,926 - root - INFO - Epoch 43; loss: 1.1471389532089233; CER: 0.007212611380964518; WER: 0.024214837700128555; val_loss: 8.070527076721191; val_CER: 0.04138759896159172; val_WER: 0.11842081695795059
2023-10-17 10:30:28,262 - root - INFO - Epoch 44; loss: 1.22100031375885; CER: 0.008257178589701653; WER: 0.02809183858335018; val_loss: 7.98836612701416; val_CER: 0.03609481081366539; val_WER: 0.11611999571323395
2023-10-17 10:31:50,007 - root - INFO - Epoch 45; loss: 1.0701985359191895; CER: 0.0062482766807079315; WER: 0.023085610941052437; val_loss: 8.663966178894043; val_CER: 0.03456505760550499; val_WER: 0.1078944131731987
2023-10-17 10:33:12,039 - root - INFO - Epoch 46; loss: 1.0714857578277588; CER: 0.00709658395498991; WER: 0.02538098394870758; val_loss: 8.980463027954102; val_CER: 0.03621571883559227; val_WER: 0.10349114239215851
2023-10-17 10:34:38,548 - root - INFO - Epoch 47; loss: 0.8420138359069824; CER: 0.004808560945093632; WER: 0.018984055146574974; val_loss: 8.326269149780273; val_CER: 0.03264771029353142; val_WER: 0.10331092774868011
2023-10-17 10:35:58,705 - root - INFO - Epoch 48; loss: 1.0691163539886475; CER: 0.005095311906188726; WER: 0.017812063917517662; val_loss: 8.373605728149414; val_CER: 0.034461695700883865; val_WER: 0.10874037444591522
2023-10-17 10:37:20,258 - root - INFO - Epoch 49; loss: 0.9482496380805969; CER: 0.00702637666836381; WER: 0.022992858663201332; val_loss: 8.886002540588379; val_CER: 0.03796454146504402; val_WER: 0.10775292664766312
2023-10-17 10:37:23,219 - tf2onnx.tfonnx - INFO - Using tensorflow=2.12.0, onnx=1.14.1, tf2onnx=1.15.1/37820d
2023-10-17 10:37:23,219 - tf2onnx.tfonnx - INFO - Using opset <onnx, 15>
2023-10-17 10:37:23,360 - tf2onnx.tf_utils - INFO - Computed 0 values for constant folding
2023-10-17 10:37:23,365 - tf2onnx.tf_utils - INFO - Computed 0 values for constant folding
2023-10-17 10:37:23,367 - tf2onnx.tf_utils - INFO - Computed 0 values for constant folding
2023-10-17 10:37:23,370 - tf2onnx.tf_utils - INFO - Computed 0 values for constant folding
2023-10-17 10:37:23,375 - tf2onnx.tf_utils - INFO - Computed 0 values for constant folding
2023-10-17 10:37:23,380 - tf2onnx.tf_utils - INFO - Computed 0 values for constant folding
2023-10-17 10:37:23,383 - tf2onnx.tf_utils - INFO - Computed 0 values for constant folding
2023-10-17 10:37:23,387 - tf2onnx.tf_utils - INFO - Computed 0 values for constant folding
2023-10-17 10:37:23,457 - tf2onnx.tf_utils - INFO - Computed 2 values for constant folding
2023-10-17 10:37:23,550 - tf2onnx.tfonnx - INFO - folding node using tf type=StridedSlice, name=model/bidirectional/forward_lstm/PartitionedCall/strided_slice
2023-10-17 10:37:23,550 - tf2onnx.tfonnx - INFO - folding node using tf type=StridedSlice, name=model/bidirectional/backward_lstm/PartitionedCall/strided_slice
2023-10-17 10:37:23,779 - tf2onnx.optimizer - INFO - Optimizing ONNX model
2023-10-17 10:37:24,548 - tf2onnx.optimizer - INFO - After optimization: BatchNormalization -18 (18->0), Cast -8 (17->9), Concat -8 (17->9), Const -173 (243->70), Expand -6 (8->2), Gather +3 (2->5), Identity -2 (2->0), Shape -2 (6->4), Slice -2 (9->7), Squeeze -5 (9->4), Transpose -86 (90->4), Unsqueeze -25 (29->4)
2023-10-17 12:23:14,341 - tensorflow - INFO - batch_all_reduce: 98 all-reduces with algorithm = nccl, num_packs = 1
2023-10-17 12:23:29,052 - tensorflow - INFO - batch_all_reduce: 98 all-reduces with algorithm = nccl, num_packs = 1
2023-10-17 12:25:51,198 - root - INFO - Epoch 0; loss: 1.4416760206222534; CER: 0.010606210678815842; WER: 0.0382508747279644; val_loss: 9.112716674804688; val_CER: 0.0413091666996479; val_WER: 0.11703037470579147
2023-10-17 12:27:14,965 - root - INFO - Epoch 1; loss: 1.4548873901367188; CER: 0.009403486736118793; WER: 0.0344746932387352; val_loss: 9.336037635803223; val_CER: 0.038153138011693954; val_WER: 0.1251513957977295
2023-10-17 12:28:37,890 - root - INFO - Epoch 2; loss: 1.274731993675232; CER: 0.008210881613194942; WER: 0.030624426901340485; val_loss: 8.698638916015625; val_CER: 0.04324932023882866; val_WER: 0.1270768940448761
2023-10-17 12:35:44,148 - tensorflow - INFO - batch_all_reduce: 98 all-reduces with algorithm = nccl, num_packs = 1
2023-10-17 12:35:58,434 - tensorflow - INFO - batch_all_reduce: 98 all-reduces with algorithm = nccl, num_packs = 1
2023-10-17 12:38:19,169 - root - INFO - Epoch 0; loss: 1.370047688484192; CER: 0.009970043785870075; WER: 0.032751504331827164; val_loss: 8.830232620239258; val_CER: 0.037899963557720184; val_WER: 0.10781833529472351
2023-10-17 12:39:42,361 - root - INFO - Epoch 1; loss: 1.207912802696228; CER: 0.006941742729395628; WER: 0.02552826516330242; val_loss: 8.650644302368164; val_CER: 0.0353207029402256; val_WER: 0.10707493871450424
2023-10-17 12:42:02,739 - root - INFO - Epoch 2; loss: 1.1225874423980713; CER: 0.007081431336700916; WER: 0.02575145848095417; val_loss: 8.654905319213867; val_CER: 0.04217321798205376; val_WER: 0.11382003873586655
2023-10-17 12:43:25,425 - root - INFO - Epoch 3; loss: 1.126291275024414; CER: 0.006881579756736755; WER: 0.024665165692567825; val_loss: 8.695061683654785; val_CER: 0.04401443526148796; val_WER: 0.12682026624679565
2023-10-17 12:44:46,849 - root - INFO - Epoch 4; loss: 1.214091181755066; CER: 0.007906265556812286; WER: 0.026016145944595337; val_loss: 8.992765426635742; val_CER: 0.03981027379631996; val_WER: 0.1076446995139122
2023-10-17 12:46:09,953 - root - INFO - Epoch 5; loss: 1.239798903465271; CER: 0.006911441683769226; WER: 0.02457127347588539; val_loss: 8.778558731079102; val_CER: 0.036639876663684845; val_WER: 0.11254149675369263
2023-10-17 12:48:31,747 - root - INFO - Epoch 6; loss: 1.2210439443588257; CER: 0.006669999565929174; WER: 0.02418837696313858; val_loss: 8.877216339111328; val_CER: 0.042250391095876694; val_WER: 0.12139710038900375
2023-10-17 12:49:55,127 - root - INFO - Epoch 7; loss: 1.0574923753738403; CER: 0.007532970048487186; WER: 0.025448137894272804; val_loss: 8.515706062316895; val_CER: 0.03591226786375046; val_WER: 0.11321201920509338
2023-10-17 12:51:18,212 - root - INFO - Epoch 8; loss: 0.9927669763565063; CER: 0.006388483103364706; WER: 0.023376399651169777; val_loss: 8.793235778808594; val_CER: 0.0425213947892189; val_WER: 0.12259168177843094
2023-10-17 12:52:40,369 - root - INFO - Epoch 9; loss: 1.1505968570709229; CER: 0.006176457274705172; WER: 0.021644607186317444; val_loss: 8.633321762084961; val_CER: 0.03885751962661743; val_WER: 0.11084067076444626
2023-10-17 12:54:03,343 - root - INFO - Epoch 10; loss: 1.1470788717269897; CER: 0.006655010860413313; WER: 0.021517900750041008; val_loss: 8.657763481140137; val_CER: 0.037696823477745056; val_WER: 0.10843147337436676
2023-10-17 12:55:31,092 - root - INFO - Epoch 11; loss: 1.0116479396820068; CER: 0.00613024178892374; WER: 0.02059715799987316; val_loss: 8.727739334106445; val_CER: 0.04208294302225113; val_WER: 0.12151768803596497
2023-10-17 12:56:53,412 - root - INFO - Epoch 12; loss: 0.9223976731300354; CER: 0.004385245498269796; WER: 0.01679961010813713; val_loss: 8.414529800415039; val_CER: 0.03733638674020767; val_WER: 0.11340995877981186
2023-10-17 12:58:16,094 - root - INFO - Epoch 13; loss: 0.9924529790878296; CER: 0.00491980230435729; WER: 0.01748151332139969; val_loss: 9.007580757141113; val_CER: 0.036074332892894745; val_WER: 0.10409621149301529
2023-10-17 12:59:39,318 - root - INFO - Epoch 14; loss: 0.9370682239532471; CER: 0.004399642813950777; WER: 0.01656011864542961; val_loss: 8.700909614562988; val_CER: 0.0324026383459568; val_WER: 0.10400544106960297
2023-10-17 13:01:02,595 - root - INFO - Epoch 15; loss: 0.9705073237419128; CER: 0.00630956469103694; WER: 0.020438220351934433; val_loss: 8.80848217010498; val_CER: 0.031283337622880936; val_WER: 0.0972556620836258
2023-10-17 13:02:24,382 - root - INFO - Epoch 16; loss: 0.7945865988731384; CER: 0.004199590999633074; WER: 0.015993453562259674; val_loss: 8.109601974487305; val_CER: 0.03473026305437088; val_WER: 0.10957213491201401
2023-10-17 13:03:46,625 - root - INFO - Epoch 17; loss: 1.2338310480117798; CER: 0.00746487220749259; WER: 0.0226543340831995; val_loss: 8.636685371398926; val_CER: 0.03567993640899658; val_WER: 0.10218680649995804
2023-10-17 13:06:10,200 - root - INFO - Epoch 18; loss: 0.8574501872062683; CER: 0.006064207758754492; WER: 0.021324342116713524; val_loss: 8.436630249023438; val_CER: 0.03317693620920181; val_WER: 0.1001066043972969
2023-10-17 13:07:32,384 - root - INFO - Epoch 19; loss: 0.9017373323440552; CER: 0.005772523581981659; WER: 0.018750926479697227; val_loss: 8.500079154968262; val_CER: 0.04256569966673851; val_WER: 0.11281895637512207
2023-10-17 13:08:55,685 - root - INFO - Epoch 20; loss: 1.0609337091445923; CER: 0.0068569849245250225; WER: 0.022998560220003128; val_loss: 9.002219200134277; val_CER: 0.031244825571775436; val_WER: 0.09758292883634567
2023-10-17 13:10:19,152 - root - INFO - Epoch 21; loss: 0.8940281867980957; CER: 0.0050781951285898685; WER: 0.01784513331949711; val_loss: 8.64290714263916; val_CER: 0.03837883844971657; val_WER: 0.11047099530696869
2023-10-17 13:12:39,282 - root - INFO - Epoch 22; loss: 1.0936115980148315; CER: 0.005525300279259682; WER: 0.019232653081417084; val_loss: 8.93494987487793; val_CER: 0.040223006159067154; val_WER: 0.10859005898237228
2023-10-17 13:14:02,274 - root - INFO - Epoch 23; loss: 0.8962625861167908; CER: 0.0054480391554534435; WER: 0.019072335213422775; val_loss: 8.306899070739746; val_CER: 0.032192979007959366; val_WER: 0.09968307614326477
2023-10-17 13:16:22,878 - root - INFO - Epoch 24; loss: 0.8681544065475464; CER: 0.00623113289475441; WER: 0.02300344966351986; val_loss: 8.422025680541992; val_CER: 0.03819675371050835; val_WER: 0.10346682369709015
2023-10-17 13:17:44,142 - root - INFO - Epoch 25; loss: 0.8913410902023315; CER: 0.0056711104698479176; WER: 0.019657660275697708; val_loss: 8.941150665283203; val_CER: 0.039382923394441605; val_WER: 0.12084090709686279
2023-10-17 13:19:05,107 - root - INFO - Epoch 26; loss: 0.9276568293571472; CER: 0.006369560956954956; WER: 0.021218178793787956; val_loss: 8.919279098510742; val_CER: 0.03939405828714371; val_WER: 0.10823390632867813
2023-10-17 13:20:26,893 - root - INFO - Epoch 27; loss: 0.847104012966156; CER: 0.005641943775117397; WER: 0.01923331804573536; val_loss: 8.935443878173828; val_CER: 0.03501702472567558; val_WER: 0.09830683469772339
2023-10-17 13:21:47,775 - root - INFO - Epoch 28; loss: 0.8568676114082336; CER: 0.005274137482047081; WER: 0.018765266984701157; val_loss: 8.729063034057617; val_CER: 0.037261463701725006; val_WER: 0.10594923049211502
2023-10-17 13:23:09,712 - root - INFO - Epoch 29; loss: 0.9337310791015625; CER: 0.0038066976703703403; WER: 0.014265735633671284; val_loss: 8.449567794799805; val_CER: 0.03945364058017731; val_WER: 0.11819028854370117
2023-10-17 13:24:31,806 - root - INFO - Epoch 30; loss: 0.8109477162361145; CER: 0.005318114068359137; WER: 0.01840927079319954; val_loss: 8.898086547851562; val_CER: 0.037498027086257935; val_WER: 0.11147508770227432
2023-10-17 13:25:53,997 - root - INFO - Epoch 31; loss: 0.8302770853042603; CER: 0.005280662793666124; WER: 0.01674163155257702; val_loss: 8.540608406066895; val_CER: 0.0347624346613884; val_WER: 0.11113101243972778
2023-10-17 13:27:16,598 - root - INFO - Epoch 32; loss: 0.7978580594062805; CER: 0.004516147077083588; WER: 0.015836749225854874; val_loss: 8.785524368286133; val_CER: 0.03303572162985802; val_WER: 0.09949697554111481
2023-10-17 13:28:39,123 - root - INFO - Epoch 33; loss: 0.673571765422821; CER: 0.003670592326670885; WER: 0.013244367204606533; val_loss: 8.63071060180664; val_CER: 0.0415244922041893; val_WER: 0.1177365854382515
2023-10-17 13:30:02,438 - root - INFO - Epoch 34; loss: 0.6954041123390198; CER: 0.004245637450367212; WER: 0.016229931265115738; val_loss: 8.649887084960938; val_CER: 0.03945135325193405; val_WER: 0.11955663561820984
2023-10-17 13:31:24,703 - root - INFO - Epoch 35; loss: 0.7512974739074707; CER: 0.00486989039927721; WER: 0.01631459780037403; val_loss: 8.581612586975098; val_CER: 0.043390192091464996; val_WER: 0.11912810802459717
2023-10-17 13:32:46,185 - root - INFO - Epoch 36; loss: 0.7936679720878601; CER: 0.004337041638791561; WER: 0.01467149518430233; val_loss: 8.608232498168945; val_CER: 0.038126327097415924; val_WER: 0.10472957789897919
2023-10-17 13:34:08,683 - root - INFO - Epoch 37; loss: 0.7535293698310852; CER: 0.004084385931491852; WER: 0.015579963102936745; val_loss: 8.785006523132324; val_CER: 0.037984106689691544; val_WER: 0.10790099203586578
2023-10-17 13:35:30,874 - root - INFO - Epoch 38; loss: 0.7694317102432251; CER: 0.005249009933322668; WER: 0.016850849613547325; val_loss: 9.029367446899414; val_CER: 0.037861887365579605; val_WER: 0.099616639316082
2023-10-17 13:36:53,962 - root - INFO - Epoch 39; loss: 0.7097168564796448; CER: 0.003719546366482973; WER: 0.014532146975398064; val_loss: 8.7846040725708; val_CER: 0.03839166834950447; val_WER: 0.10900957137346268
2023-10-17 13:38:15,960 - root - INFO - Epoch 40; loss: 0.6591250896453857; CER: 0.004336106590926647; WER: 0.014321106486022472; val_loss: 9.039997100830078; val_CER: 0.03942228853702545; val_WER: 0.10349307954311371
2023-10-17 13:38:19,043 - tf2onnx.tfonnx - INFO - Using tensorflow=2.12.0, onnx=1.14.1, tf2onnx=1.15.1/37820d
2023-10-17 13:38:19,043 - tf2onnx.tfonnx - INFO - Using opset <onnx, 15>
2023-10-17 13:38:19,183 - tf2onnx.tf_utils - INFO - Computed 0 values for constant folding
2023-10-17 13:38:19,188 - tf2onnx.tf_utils - INFO - Computed 0 values for constant folding
2023-10-17 13:38:19,190 - tf2onnx.tf_utils - INFO - Computed 0 values for constant folding
2023-10-17 13:38:19,192 - tf2onnx.tf_utils - INFO - Computed 0 values for constant folding
2023-10-17 13:38:19,194 - tf2onnx.tf_utils - INFO - Computed 0 values for constant folding
2023-10-17 13:38:19,200 - tf2onnx.tf_utils - INFO - Computed 0 values for constant folding
2023-10-17 13:38:19,204 - tf2onnx.tf_utils - INFO - Computed 0 values for constant folding
2023-10-17 13:38:19,207 - tf2onnx.tf_utils - INFO - Computed 0 values for constant folding
2023-10-17 13:38:19,287 - tf2onnx.tf_utils - INFO - Computed 2 values for constant folding
2023-10-17 13:38:19,380 - tf2onnx.tfonnx - INFO - folding node using tf type=StridedSlice, name=model/bidirectional/forward_lstm/PartitionedCall/strided_slice
2023-10-17 13:38:19,380 - tf2onnx.tfonnx - INFO - folding node using tf type=StridedSlice, name=model/bidirectional/backward_lstm/PartitionedCall/strided_slice
2023-10-17 13:38:19,607 - tf2onnx.optimizer - INFO - Optimizing ONNX model
2023-10-17 13:38:20,418 - tf2onnx.optimizer - INFO - After optimization: BatchNormalization -18 (18->0), Cast -8 (17->9), Concat -8 (17->9), Const -173 (243->70), Expand -6 (8->2), Gather +3 (2->5), Identity -2 (2->0), Shape -2 (6->4), Slice -2 (9->7), Squeeze -5 (9->4), Transpose -86 (90->4), Unsqueeze -25 (29->4)
2023-10-17 14:21:30,625 - tensorflow - INFO - batch_all_reduce: 98 all-reduces with algorithm = nccl, num_packs = 1
2023-10-17 14:21:44,966 - tensorflow - INFO - batch_all_reduce: 98 all-reduces with algorithm = nccl, num_packs = 1
2023-10-17 14:24:13,352 - root - INFO - Epoch 0; loss: 0.7998586893081665; CER: 0.005252768285572529; WER: 0.019138680770993233; val_loss: 8.832425117492676; val_CER: 0.036389220505952835; val_WER: 0.10713844001293182
2023-10-17 14:25:37,119 - root - INFO - Epoch 1; loss: 0.9273661971092224; CER: 0.005725739523768425; WER: 0.01872764155268669; val_loss: 8.97144889831543; val_CER: 0.02931351214647293; val_WER: 0.0894077867269516
2023-10-17 14:27:57,696 - root - INFO - Epoch 2; loss: 0.876753568649292; CER: 0.00514021422713995; WER: 0.01707424782216549; val_loss: 8.835927963256836; val_CER: 0.03718552738428116; val_WER: 0.1013200655579567
2023-10-17 14:29:19,896 - root - INFO - Epoch 3; loss: 0.7544009685516357; CER: 0.005399488843977451; WER: 0.01854889653623104; val_loss: 8.667598724365234; val_CER: 0.0307747945189476; val_WER: 0.0961298793554306
2023-10-17 14:30:41,089 - root - INFO - Epoch 4; loss: 0.763677716255188; CER: 0.004658633843064308; WER: 0.01758633181452751; val_loss: 8.822059631347656; val_CER: 0.037959858775138855; val_WER: 0.11108528077602386
2023-10-17 14:32:03,837 - root - INFO - Epoch 5; loss: 0.8026872873306274; CER: 0.004616026766598225; WER: 0.015067131258547306; val_loss: 8.997042655944824; val_CER: 0.03573756292462349; val_WER: 0.10227278620004654
2023-10-17 14:34:25,054 - root - INFO - Epoch 6; loss: 0.8737173676490784; CER: 0.004893305245786905; WER: 0.01695394329726696; val_loss: 8.45486068725586; val_CER: 0.04118203744292259; val_WER: 0.11213211715221405
2023-10-17 14:35:47,231 - root - INFO - Epoch 7; loss: 0.8803395628929138; CER: 0.004545188508927822; WER: 0.015958361327648163; val_loss: 7.523886203765869; val_CER: 0.03458213061094284; val_WER: 0.10044367611408234
2023-10-17 14:37:14,530 - root - INFO - Epoch 8; loss: 0.8564144372940063; CER: 0.004669161979109049; WER: 0.015055699273943901; val_loss: 8.798748016357422; val_CER: 0.03891279175877571; val_WER: 0.11261097341775894
2023-10-17 14:38:36,268 - root - INFO - Epoch 9; loss: 0.794893741607666; CER: 0.0057934788055717945; WER: 0.019843775779008865; val_loss: 8.745322227478027; val_CER: 0.035142771899700165; val_WER: 0.0986463725566864
2023-10-17 14:39:58,629 - root - INFO - Epoch 10; loss: 0.7771130204200745; CER: 0.005112124606966972; WER: 0.016492553055286407; val_loss: 8.868590354919434; val_CER: 0.039316825568675995; val_WER: 0.11563502997159958
2023-10-17 14:42:20,297 - root - INFO - Epoch 11; loss: 0.768734872341156; CER: 0.004959377460181713; WER: 0.01640157960355282; val_loss: 8.608220100402832; val_CER: 0.03107897751033306; val_WER: 0.0993204265832901
2023-10-17 14:43:42,111 - root - INFO - Epoch 12; loss: 0.8654186129570007; CER: 0.005116462707519531; WER: 0.01676129177212715; val_loss: 8.95943832397461; val_CER: 0.03922608122229576; val_WER: 0.11323393136262894
2023-10-17 14:45:09,038 - root - INFO - Epoch 13; loss: 0.7489451766014099; CER: 0.0050065526738762856; WER: 0.01626606658101082; val_loss: 8.102001190185547; val_CER: 0.033544279634952545; val_WER: 0.09005402773618698
2023-10-17 14:46:30,589 - root - INFO - Epoch 14; loss: 0.7705637812614441; CER: 0.00421147933229804; WER: 0.014457345940172672; val_loss: 8.589916229248047; val_CER: 0.03556112200021744; val_WER: 0.10300084948539734
2023-10-17 14:47:52,478 - root - INFO - Epoch 15; loss: 0.7919480800628662; CER: 0.004404354374855757; WER: 0.015929827466607094; val_loss: 8.223005294799805; val_CER: 0.035191670060157776; val_WER: 0.09600342065095901
2023-10-17 14:49:13,961 - root - INFO - Epoch 16; loss: 0.6342125535011292; CER: 0.0034177403431385756; WER: 0.012748421169817448; val_loss: 8.953326225280762; val_CER: 0.036197323352098465; val_WER: 0.10587257146835327
2023-10-17 14:50:35,718 - root - INFO - Epoch 17; loss: 0.6274653673171997; CER: 0.0033412398770451546; WER: 0.01357459556311369; val_loss: 8.877779960632324; val_CER: 0.029674766585230827; val_WER: 0.09035716950893402
2023-10-17 14:51:57,250 - root - INFO - Epoch 18; loss: 0.8003816604614258; CER: 0.004296218976378441; WER: 0.014455529861152172; val_loss: 8.856677055358887; val_CER: 0.03410711511969566; val_WER: 0.10066453367471695
2023-10-17 14:53:18,382 - root - INFO - Epoch 19; loss: 0.7267571091651917; CER: 0.0033948549535125494; WER: 0.012422350235283375; val_loss: 7.866915702819824; val_CER: 0.03309861198067665; val_WER: 0.09951964020729065
2023-10-17 14:54:40,330 - root - INFO - Epoch 20; loss: 0.6775960922241211; CER: 0.004096510354429483; WER: 0.014827925711870193; val_loss: 8.705364227294922; val_CER: 0.03431813418865204; val_WER: 0.10299936681985855
2023-10-17 14:56:01,581 - root - INFO - Epoch 21; loss: 0.968917727470398; CER: 0.005074677523225546; WER: 0.017156444489955902; val_loss: 8.309005737304688; val_CER: 0.039095308631658554; val_WER: 0.1153448224067688
2023-10-17 14:56:04,577 - tf2onnx.tfonnx - INFO - Using tensorflow=2.12.0, onnx=1.14.1, tf2onnx=1.15.1/37820d
2023-10-17 14:56:04,578 - tf2onnx.tfonnx - INFO - Using opset <onnx, 15>
2023-10-17 14:56:04,715 - tf2onnx.tf_utils - INFO - Computed 0 values for constant folding
2023-10-17 14:56:04,720 - tf2onnx.tf_utils - INFO - Computed 0 values for constant folding
2023-10-17 14:56:04,722 - tf2onnx.tf_utils - INFO - Computed 0 values for constant folding
2023-10-17 14:56:04,724 - tf2onnx.tf_utils - INFO - Computed 0 values for constant folding
2023-10-17 14:56:04,730 - tf2onnx.tf_utils - INFO - Computed 0 values for constant folding
2023-10-17 14:56:04,735 - tf2onnx.tf_utils - INFO - Computed 0 values for constant folding
2023-10-17 14:56:04,737 - tf2onnx.tf_utils - INFO - Computed 0 values for constant folding
2023-10-17 14:56:04,740 - tf2onnx.tf_utils - INFO - Computed 0 values for constant folding
2023-10-17 14:56:04,815 - tf2onnx.tf_utils - INFO - Computed 2 values for constant folding
2023-10-17 14:56:04,908 - tf2onnx.tfonnx - INFO - folding node using tf type=StridedSlice, name=model/bidirectional/forward_lstm/PartitionedCall/strided_slice
2023-10-17 14:56:04,908 - tf2onnx.tfonnx - INFO - folding node using tf type=StridedSlice, name=model/bidirectional/backward_lstm/PartitionedCall/strided_slice
2023-10-17 14:56:05,138 - tf2onnx.optimizer - INFO - Optimizing ONNX model
2023-10-17 14:56:05,935 - tf2onnx.optimizer - INFO - After optimization: BatchNormalization -18 (18->0), Cast -8 (17->9), Concat -8 (17->9), Const -173 (243->70), Expand -6 (8->2), Gather +3 (2->5), Identity -2 (2->0), Shape -2 (6->4), Slice -2 (9->7), Squeeze -5 (9->4), Transpose -86 (90->4), Unsqueeze -25 (29->4)
2023-10-17 15:16:21,549 - tensorflow - INFO - Using MirroredStrategy with devices ('/job:localhost/replica:0/task:0/device:GPU:0', '/job:localhost/replica:0/task:0/device:GPU:1')
2023-10-17 15:16:21,549 - DataProvider - INFO - Skipping Dataset validation...
2023-10-17 15:16:25,617 - tensorflow - INFO - Error reported to Coordinator: 
Traceback (most recent call last):
  File "/opt/conda/lib/python3.10/site-packages/tensorflow/python/training/coordinator.py", line 293, in stop_on_exception
    yield
  File "/opt/conda/lib/python3.10/site-packages/tensorflow/python/distribute/mirrored_run.py", line 226, in _call_for_each_replica
    t.has_paused.wait()
  File "/opt/conda/lib/python3.10/threading.py", line 607, in wait
    signaled = self._cond.wait(timeout)
  File "/opt/conda/lib/python3.10/threading.py", line 320, in wait
    waiter.acquire()
KeyboardInterrupt
2023-10-17 15:16:43,143 - tensorflow - INFO - Using MirroredStrategy with devices ('/job:localhost/replica:0/task:0/device:GPU:0', '/job:localhost/replica:0/task:0/device:GPU:1')
2023-10-17 15:16:43,144 - DataProvider - INFO - Skipping Dataset validation...
2023-10-17 15:16:52,131 - tensorflow - INFO - batch_all_reduce: 98 all-reduces with algorithm = nccl, num_packs = 1
2023-10-17 15:17:05,662 - tensorflow - INFO - batch_all_reduce: 98 all-reduces with algorithm = nccl, num_packs = 1
2023-10-17 15:18:59,902 - root - INFO - Epoch 0; loss: 0.7529487013816833; CER: 0.00521959038451314; WER: 0.01818503811955452; val_loss: 8.8397855758667; val_CER: 0.03636441379785538; val_WER: 0.10266406834125519
2023-10-17 15:20:22,497 - root - INFO - Epoch 1; loss: 0.8729987740516663; CER: 0.005058649927377701; WER: 0.017126278951764107; val_loss: 8.808042526245117; val_CER: 0.03970920294523239; val_WER: 0.11134015023708344
2023-10-17 15:21:45,822 - root - INFO - Epoch 2; loss: 0.8513628840446472; CER: 0.003974005579948425; WER: 0.013664561323821545; val_loss: 8.803335189819336; val_CER: 0.039945706725120544; val_WER: 0.10975074768066406
2023-10-17 15:24:06,801 - root - INFO - Epoch 3; loss: 0.8087714314460754; CER: 0.00492312666028738; WER: 0.015797635540366173; val_loss: 8.75125503540039; val_CER: 0.037169914692640305; val_WER: 0.11157868802547455
2023-10-17 15:26:29,787 - root - INFO - Epoch 4; loss: 0.7485654354095459; CER: 0.0037010228261351585; WER: 0.013838991522789001; val_loss: 8.779131889343262; val_CER: 0.04033631831407547; val_WER: 0.11260803043842316
2023-10-17 15:28:51,337 - root - INFO - Epoch 5; loss: 0.8113479018211365; CER: 0.0039081936702132225; WER: 0.014068068005144596; val_loss: 8.50709056854248; val_CER: 0.030679995194077492; val_WER: 0.09102088212966919
2023-10-17 15:30:14,308 - root - INFO - Epoch 6; loss: 0.6277673244476318; CER: 0.003341633128002286; WER: 0.012099562212824821; val_loss: 9.02940845489502; val_CER: 0.03189198672771454; val_WER: 0.10491473972797394
2023-10-17 15:31:36,401 - root - INFO - Epoch 7; loss: 0.7837603092193604; CER: 0.004861449357122183; WER: 0.015818875283002853; val_loss: 8.967138290405273; val_CER: 0.0389397107064724; val_WER: 0.11340471357107162
2023-10-17 15:33:58,651 - root - INFO - Epoch 8; loss: 0.8382737636566162; CER: 0.004863504786044359; WER: 0.015627112239599228; val_loss: 8.339158058166504; val_CER: 0.037970464676618576; val_WER: 0.10700279474258423
2023-10-17 15:36:20,471 - root - INFO - Epoch 9; loss: 0.7881081104278564; CER: 0.0054297735914587975; WER: 0.017148731276392937; val_loss: 8.797621726989746; val_CER: 0.0322168692946434; val_WER: 0.10069256275892258
2023-10-17 15:36:23,388 - tf2onnx.tfonnx - INFO - Using tensorflow=2.12.0, onnx=1.14.1, tf2onnx=1.15.1/37820d
2023-10-17 15:36:23,388 - tf2onnx.tfonnx - INFO - Using opset <onnx, 15>
2023-10-17 15:36:23,530 - tf2onnx.tf_utils - INFO - Computed 0 values for constant folding
2023-10-17 15:36:23,532 - tf2onnx.tf_utils - INFO - Computed 0 values for constant folding
2023-10-17 15:36:23,535 - tf2onnx.tf_utils - INFO - Computed 0 values for constant folding
2023-10-17 15:36:23,540 - tf2onnx.tf_utils - INFO - Computed 0 values for constant folding
2023-10-17 15:36:23,546 - tf2onnx.tf_utils - INFO - Computed 0 values for constant folding
2023-10-17 15:36:23,548 - tf2onnx.tf_utils - INFO - Computed 0 values for constant folding
2023-10-17 15:36:23,553 - tf2onnx.tf_utils - INFO - Computed 0 values for constant folding
2023-10-17 15:36:23,555 - tf2onnx.tf_utils - INFO - Computed 0 values for constant folding
2023-10-17 15:36:23,623 - tf2onnx.tf_utils - INFO - Computed 2 values for constant folding
2023-10-17 15:36:23,716 - tf2onnx.tfonnx - INFO - folding node using tf type=StridedSlice, name=model_2/bidirectional_4/forward_lstm_4/PartitionedCall/strided_slice
2023-10-17 15:36:23,716 - tf2onnx.tfonnx - INFO - folding node using tf type=StridedSlice, name=model_2/bidirectional_4/backward_lstm_4/PartitionedCall/strided_slice
2023-10-17 15:36:23,948 - tf2onnx.optimizer - INFO - Optimizing ONNX model
2023-10-17 15:36:24,608 - tf2onnx.optimizer - INFO - After optimization: BatchNormalization -18 (18->0), Cast -8 (17->9), Concat -8 (17->9), Const -173 (243->70), Expand -6 (8->2), Gather +3 (2->5), Identity -2 (2->0), Shape -2 (6->4), Slice -2 (9->7), Squeeze -5 (9->4), Transpose -86 (90->4), Unsqueeze -25 (29->4)
