2023-10-14 15:17:32,994 - root - INFO - Epoch 0; loss: 335.2356872558594; CER: 1.2215979099273682; WER: 1.1439595222473145; val_loss: 189.5365447998047; val_CER: 0.9703122973442078; val_WER: 1.0
2023-10-14 15:19:16,661 - root - INFO - Epoch 1; loss: 157.6101837158203; CER: 0.97014319896698; WER: 1.0; val_loss: 221.19143676757812; val_CER: 0.9703124165534973; val_WER: 1.0
2023-10-14 15:21:39,613 - root - INFO - Epoch 2; loss: 137.98500061035156; CER: 0.9407280683517456; WER: 1.0007773637771606; val_loss: 237.10585021972656; val_CER: 0.9703122973442078; val_WER: 1.0
2023-10-14 15:23:23,804 - root - INFO - Epoch 3; loss: 132.94866943359375; CER: 0.9020755887031555; WER: 1.0001543760299683; val_loss: 208.75917053222656; val_CER: 0.9428035020828247; val_WER: 1.0
2023-10-14 15:25:46,320 - root - INFO - Epoch 4; loss: 130.8501739501953; CER: 0.8849906921386719; WER: 1.000184416770935; val_loss: 157.04205322265625; val_CER: 0.9406194090843201; val_WER: 1.0
2023-10-14 15:28:13,670 - root - INFO - Epoch 5; loss: 129.5771484375; CER: 0.8755859136581421; WER: 0.9997745752334595; val_loss: 145.99305725097656; val_CER: 0.9238330721855164; val_WER: 0.999252200126648
2023-10-14 15:29:58,050 - root - INFO - Epoch 6; loss: 128.25289916992188; CER: 0.866528332233429; WER: 0.9998889565467834; val_loss: 129.09080505371094; val_CER: 0.9059483408927917; val_WER: 0.999252200126648
2023-10-14 15:31:42,239 - root - INFO - Epoch 7; loss: 127.24181365966797; CER: 0.8624907732009888; WER: 1.0001884698867798; val_loss: 127.37130737304688; val_CER: 0.9053836464881897; val_WER: 0.9995370507240295
2023-10-14 15:33:32,007 - root - INFO - Epoch 8; loss: 126.20967864990234; CER: 0.8528751134872437; WER: 0.9996734857559204; val_loss: 124.78748321533203; val_CER: 0.8952128887176514; val_WER: 0.9997151494026184
2023-10-14 15:35:16,993 - root - INFO - Epoch 9; loss: 124.96721649169922; CER: 0.8420737981796265; WER: 1.0000948905944824; val_loss: 124.40802764892578; val_CER: 0.8860291242599487; val_WER: 0.999252200126648
2023-10-14 15:37:01,182 - root - INFO - Epoch 10; loss: 123.97575378417969; CER: 0.827461302280426; WER: 0.9992688894271851; val_loss: 123.76728820800781; val_CER: 0.8823128938674927; val_WER: 0.9997151494026184
2023-10-14 15:38:45,181 - root - INFO - Epoch 11; loss: 118.31713104248047; CER: 0.7324296236038208; WER: 1.0064277648925781; val_loss: 110.09952545166016; val_CER: 0.6985546946525574; val_WER: 1.0019372701644897
2023-10-14 15:41:12,414 - root - INFO - Epoch 12; loss: 103.38948822021484; CER: 0.6345147490501404; WER: 1.0094847679138184; val_loss: 97.909423828125; val_CER: 0.6138325333595276; val_WER: 1.0008468627929688
2023-10-14 15:43:34,712 - root - INFO - Epoch 13; loss: 96.09901428222656; CER: 0.6147050857543945; WER: 1.0031245946884155; val_loss: 92.70697021484375; val_CER: 0.5928611159324646; val_WER: 0.9925195574760437
2023-10-14 15:45:51,153 - root - INFO - Epoch 14; loss: 90.21683502197266; CER: 0.5872578620910645; WER: 0.9939543604850769; val_loss: 84.52080535888672; val_CER: 0.55781489610672; val_WER: 0.9748957753181458
2023-10-14 15:47:34,795 - root - INFO - Epoch 15; loss: 85.19952392578125; CER: 0.5622601509094238; WER: 0.9838132858276367; val_loss: 84.28995513916016; val_CER: 0.5524278879165649; val_WER: 0.9832143187522888
2023-10-14 15:49:57,690 - root - INFO - Epoch 16; loss: 80.25265502929688; CER: 0.5375596284866333; WER: 0.9697389006614685; val_loss: 82.5586929321289; val_CER: 0.5479631423950195; val_WER: 0.9610322117805481
2023-10-14 15:51:46,934 - root - INFO - Epoch 17; loss: 75.65276336669922; CER: 0.5099732875823975; WER: 0.9465376138687134; val_loss: 80.2120590209961; val_CER: 0.5412890315055847; val_WER: 0.9521040320396423
2023-10-14 15:54:05,425 - root - INFO - Epoch 18; loss: 71.60555267333984; CER: 0.4892333447933197; WER: 0.9228577017784119; val_loss: 69.54926300048828; val_CER: 0.4836668372154236; val_WER: 0.9017179012298584
2023-10-14 15:55:55,053 - root - INFO - Epoch 19; loss: 68.0103530883789; CER: 0.4678107500076294; WER: 0.9010941982269287; val_loss: 70.02507019042969; val_CER: 0.48321545124053955; val_WER: 0.9047001600265503
2023-10-14 15:57:39,232 - root - INFO - Epoch 20; loss: 64.53190612792969; CER: 0.447528600692749; WER: 0.8792954683303833; val_loss: 61.75497817993164; val_CER: 0.4329773485660553; val_WER: 0.8616925477981567
2023-10-14 15:59:24,363 - root - INFO - Epoch 21; loss: 61.655879974365234; CER: 0.42943647503852844; WER: 0.8604106307029724; val_loss: 58.04973220825195; val_CER: 0.4056437313556671; val_WER: 0.8299832344055176
2023-10-14 16:01:51,064 - root - INFO - Epoch 22; loss: 58.47806930541992; CER: 0.4061795473098755; WER: 0.8361474871635437; val_loss: 54.22701644897461; val_CER: 0.3686426877975464; val_WER: 0.780646562576294
2023-10-14 16:04:07,123 - root - INFO - Epoch 23; loss: 55.8004264831543; CER: 0.3893246352672577; WER: 0.8080160021781921; val_loss: 63.419124603271484; val_CER: 0.42695528268814087; val_WER: 0.834511399269104
2023-10-14 16:05:51,652 - root - INFO - Epoch 24; loss: 52.963531494140625; CER: 0.366424024105072; WER: 0.7778924107551575; val_loss: 47.55887985229492; val_CER: 0.3219972252845764; val_WER: 0.7143542170524597
2023-10-14 16:07:35,254 - root - INFO - Epoch 25; loss: 50.19221496582031; CER: 0.3483542501926422; WER: 0.7523152232170105; val_loss: 63.21195602416992; val_CER: 0.4347693622112274; val_WER: 0.8346143960952759
2023-10-14 16:09:58,721 - root - INFO - Epoch 26; loss: 49.123775482177734; CER: 0.3401031196117401; WER: 0.7405973672866821; val_loss: 44.06988525390625; val_CER: 0.30022740364074707; val_WER: 0.6740877628326416
2023-10-14 16:11:47,682 - root - INFO - Epoch 27; loss: 45.36810302734375; CER: 0.3136589229106903; WER: 0.6960181593894958; val_loss: 41.87005615234375; val_CER: 0.28386902809143066; val_WER: 0.643697202205658
2023-10-14 16:13:32,413 - root - INFO - Epoch 28; loss: 42.86565399169922; CER: 0.29711633920669556; WER: 0.6690910458564758; val_loss: 46.23310852050781; val_CER: 0.31505826115608215; val_WER: 0.6779046058654785
2023-10-14 16:15:54,200 - root - INFO - Epoch 29; loss: 40.579769134521484; CER: 0.2823916971683502; WER: 0.6412217617034912; val_loss: 37.48229217529297; val_CER: 0.2564074993133545; val_WER: 0.5930064916610718
2023-10-14 16:18:17,302 - root - INFO - Epoch 30; loss: 39.55890655517578; CER: 0.2756139039993286; WER: 0.6260921955108643; val_loss: 36.6121940612793; val_CER: 0.2492971569299698; val_WER: 0.5811764597892761
2023-10-14 16:20:37,901 - root - INFO - Epoch 31; loss: 37.933570861816406; CER: 0.2641999423503876; WER: 0.6063830256462097; val_loss: 33.7949333190918; val_CER: 0.2335927039384842; val_WER: 0.5460768938064575
2023-10-14 16:22:26,915 - root - INFO - Epoch 32; loss: 35.77491760253906; CER: 0.2494063526391983; WER: 0.5817561149597168; val_loss: 33.261573791503906; val_CER: 0.2331920862197876; val_WER: 0.5481019020080566
2023-10-14 16:24:12,080 - root - INFO - Epoch 33; loss: 33.7435188293457; CER: 0.23580515384674072; WER: 0.5599555969238281; val_loss: 30.219989776611328; val_CER: 0.2109839767217636; val_WER: 0.5024085640907288
2023-10-14 16:26:33,108 - root - INFO - Epoch 34; loss: 32.402442932128906; CER: 0.2262929081916809; WER: 0.5424246788024902; val_loss: 29.17877197265625; val_CER: 0.20617803931236267; val_WER: 0.48504266142845154
2023-10-14 16:28:22,390 - root - INFO - Epoch 35; loss: 31.016103744506836; CER: 0.21784718334674835; WER: 0.5244091749191284; val_loss: 27.75473403930664; val_CER: 0.19300249218940735; val_WER: 0.4613513648509979
2023-10-14 16:30:39,194 - root - INFO - Epoch 36; loss: 29.60160255432129; CER: 0.2069595605134964; WER: 0.5014733672142029; val_loss: 27.267433166503906; val_CER: 0.1920785903930664; val_WER: 0.45415809750556946
2023-10-14 16:32:23,295 - root - INFO - Epoch 37; loss: 28.482528686523438; CER: 0.19832897186279297; WER: 0.48406144976615906; val_loss: 26.284326553344727; val_CER: 0.1777273416519165; val_WER: 0.4328014552593231
2023-10-14 16:34:50,855 - root - INFO - Epoch 38; loss: 27.589527130126953; CER: 0.191533625125885; WER: 0.47484084963798523; val_loss: 25.579164505004883; val_CER: 0.1762857586145401; val_WER: 0.419437050819397
2023-10-14 16:36:35,082 - root - INFO - Epoch 39; loss: 26.061628341674805; CER: 0.18025074899196625; WER: 0.4533611536026001; val_loss: 24.596755981445312; val_CER: 0.1704302877187729; val_WER: 0.41173499822616577
2023-10-14 16:38:24,214 - root - INFO - Epoch 40; loss: 24.722883224487305; CER: 0.17164674401283264; WER: 0.44027164578437805; val_loss: 22.550594329833984; val_CER: 0.15629489719867706; val_WER: 0.39126020669937134
2023-10-14 16:40:13,279 - root - INFO - Epoch 41; loss: 23.755781173706055; CER: 0.16479048132896423; WER: 0.42700058221817017; val_loss: 22.861804962158203; val_CER: 0.15814591944217682; val_WER: 0.39904269576072693
2023-10-14 16:42:35,844 - root - INFO - Epoch 42; loss: 22.75244903564453; CER: 0.15826012194156647; WER: 0.4121127128601074; val_loss: 21.373178482055664; val_CER: 0.14376065135002136; val_WER: 0.3619464337825775
2023-10-14 16:44:20,455 - root - INFO - Epoch 43; loss: 21.61419677734375; CER: 0.15122829377651215; WER: 0.39811962842941284; val_loss: 20.103673934936523; val_CER: 0.13562113046646118; val_WER: 0.3440686762332916
2023-10-14 16:46:47,219 - root - INFO - Epoch 44; loss: 20.897232055664062; CER: 0.14476525783538818; WER: 0.38610249757766724; val_loss: 20.53621482849121; val_CER: 0.14021249115467072; val_WER: 0.3553512692451477
2023-10-14 16:48:36,537 - root - INFO - Epoch 45; loss: 19.523197174072266; CER: 0.1349681168794632; WER: 0.3672821819782257; val_loss: 19.023164749145508; val_CER: 0.12291600555181503; val_WER: 0.32529693841934204
2023-10-14 16:50:20,604 - root - INFO - Epoch 46; loss: 18.371896743774414; CER: 0.1281082034111023; WER: 0.350410521030426; val_loss: 17.989709854125977; val_CER: 0.12051869183778763; val_WER: 0.32314765453338623
2023-10-14 16:52:04,647 - root - INFO - Epoch 47; loss: 17.86436653137207; CER: 0.12417425215244293; WER: 0.34206968545913696; val_loss: 17.288480758666992; val_CER: 0.1164577379822731; val_WER: 0.3049814999103546
2023-10-14 16:53:47,632 - root - INFO - Epoch 48; loss: 17.6833553314209; CER: 0.1235877275466919; WER: 0.3413277864456177; val_loss: 26.790069580078125; val_CER: 0.1807798594236374; val_WER: 0.44683167338371277
2023-10-14 16:55:36,981 - root - INFO - Epoch 49; loss: 17.877784729003906; CER: 0.1244364008307457; WER: 0.3432805836200714; val_loss: 16.29865264892578; val_CER: 0.1094551682472229; val_WER: 0.3025969862937927
2023-10-14 16:57:26,539 - root - INFO - Epoch 50; loss: 15.756792068481445; CER: 0.11071978509426117; WER: 0.314069926738739; val_loss: 16.399539947509766; val_CER: 0.10632028430700302; val_WER: 0.29484283924102783
2023-10-14 16:59:43,562 - root - INFO - Epoch 51; loss: 15.049509048461914; CER: 0.10581844300031662; WER: 0.30453842878341675; val_loss: 15.656439781188965; val_CER: 0.1025431677699089; val_WER: 0.28189072012901306
2023-10-14 17:01:32,752 - root - INFO - Epoch 52; loss: 13.866069793701172; CER: 0.09660279750823975; WER: 0.28400760889053345; val_loss: 14.823627471923828; val_CER: 0.09388219565153122; val_WER: 0.2699114680290222
2023-10-14 17:03:16,856 - root - INFO - Epoch 53; loss: 13.972211837768555; CER: 0.0982222929596901; WER: 0.28568848967552185; val_loss: 16.47620964050293; val_CER: 0.10529332607984543; val_WER: 0.285758376121521
2023-10-14 17:05:39,038 - root - INFO - Epoch 54; loss: 13.463788032531738; CER: 0.0940234363079071; WER: 0.2757663428783417; val_loss: 14.107866287231445; val_CER: 0.08987225592136383; val_WER: 0.2546267509460449
2023-10-14 17:07:24,402 - root - INFO - Epoch 55; loss: 12.623040199279785; CER: 0.08703431487083435; WER: 0.2586318850517273; val_loss: 13.652250289916992; val_CER: 0.08755706995725632; val_WER: 0.25370267033576965
2023-10-14 17:09:13,585 - root - INFO - Epoch 56; loss: 12.020308494567871; CER: 0.08276639878749847; WER: 0.24860066175460815; val_loss: 13.737994194030762; val_CER: 0.08615664392709732; val_WER: 0.24825447797775269
2023-10-14 17:11:02,393 - root - INFO - Epoch 57; loss: 11.289143562316895; CER: 0.07788702845573425; WER: 0.2380041778087616; val_loss: 12.649425506591797; val_CER: 0.08245180547237396; val_WER: 0.23210430145263672
2023-10-14 17:12:46,595 - root - INFO - Epoch 58; loss: 10.877227783203125; CER: 0.07435958087444305; WER: 0.2285802960395813; val_loss: 12.779476165771484; val_CER: 0.07813121378421783; val_WER: 0.22609956562519073
2023-10-14 17:14:35,871 - root - INFO - Epoch 59; loss: 10.644075393676758; CER: 0.07294277846813202; WER: 0.22559495270252228; val_loss: 12.775691986083984; val_CER: 0.07466887682676315; val_WER: 0.21887624263763428
2023-10-14 17:16:20,856 - root - INFO - Epoch 60; loss: 10.230793952941895; CER: 0.07045261561870575; WER: 0.21692700684070587; val_loss: 11.955511093139648; val_CER: 0.07232455164194107; val_WER: 0.2125304639339447
2023-10-14 17:18:47,444 - root - INFO - Epoch 61; loss: 9.630859375; CER: 0.06595829129219055; WER: 0.21049070358276367; val_loss: 12.06769847869873; val_CER: 0.07131710648536682; val_WER: 0.20894281566143036
2023-10-14 17:20:36,411 - root - INFO - Epoch 62; loss: 9.504526138305664; CER: 0.06584705412387848; WER: 0.20706707239151; val_loss: 11.915867805480957; val_CER: 0.07038812339305878; val_WER: 0.20764312148094177
2023-10-14 17:22:53,380 - root - INFO - Epoch 63; loss: 9.308338165283203; CER: 0.0630037933588028; WER: 0.19752250611782074; val_loss: 12.090920448303223; val_CER: 0.07320871949195862; val_WER: 0.21241608262062073
2023-10-14 17:24:37,406 - root - INFO - Epoch 64; loss: 8.74642562866211; CER: 0.059146683663129807; WER: 0.18924570083618164; val_loss: 11.56941032409668; val_CER: 0.06830713897943497; val_WER: 0.19542302191257477
2023-10-14 17:27:04,936 - root - INFO - Epoch 65; loss: 8.256531715393066; CER: 0.05591418594121933; WER: 0.17956316471099854; val_loss: 11.65020751953125; val_CER: 0.06651538610458374; val_WER: 0.20004762709140778
2023-10-14 17:28:53,957 - root - INFO - Epoch 66; loss: 8.070344924926758; CER: 0.05333138257265091; WER: 0.17203915119171143; val_loss: 11.374258995056152; val_CER: 0.06657738238573074; val_WER: 0.19532547891139984
2023-10-14 17:31:16,340 - root - INFO - Epoch 67; loss: 7.739603519439697; CER: 0.05235649272799492; WER: 0.16823993623256683; val_loss: 11.064534187316895; val_CER: 0.060635440051555634; val_WER: 0.1811521351337433
2023-10-14 17:33:00,292 - root - INFO - Epoch 68; loss: 7.560595989227295; CER: 0.05036722496151924; WER: 0.16286766529083252; val_loss: 10.686911582946777; val_CER: 0.06082051619887352; val_WER: 0.18139009177684784
2023-10-14 17:35:22,612 - root - INFO - Epoch 69; loss: 7.062788009643555; CER: 0.046180058270692825; WER: 0.14960025250911713; val_loss: 10.556355476379395; val_CER: 0.057385724037885666; val_WER: 0.17485292255878448
2023-10-14 17:37:06,387 - root - INFO - Epoch 70; loss: 7.1163530349731445; CER: 0.046460531651973724; WER: 0.1494506299495697; val_loss: 10.482324600219727; val_CER: 0.05657302215695381; val_WER: 0.17142342031002045
2023-10-14 17:39:28,731 - root - INFO - Epoch 71; loss: 6.429689884185791; CER: 0.04177362844347954; WER: 0.13681745529174805; val_loss: 10.20556640625; val_CER: 0.057575665414333344; val_WER: 0.1716185361146927
2023-10-14 17:41:12,478 - root - INFO - Epoch 72; loss: 6.418214797973633; CER: 0.041591279208660126; WER: 0.13635694980621338; val_loss: 10.28633975982666; val_CER: 0.05564817413687706; val_WER: 0.16838213801383972
2023-10-14 17:42:56,362 - root - INFO - Epoch 73; loss: 6.093532562255859; CER: 0.040039222687482834; WER: 0.13089311122894287; val_loss: 9.894906997680664; val_CER: 0.05230173468589783; val_WER: 0.15985670685768127
2023-10-14 17:44:44,964 - root - INFO - Epoch 74; loss: 5.798083782196045; CER: 0.03853858262300491; WER: 0.12861792743206024; val_loss: 10.253143310546875; val_CER: 0.05675113573670387; val_WER: 0.16790957748889923
2023-10-14 17:46:33,922 - root - INFO - Epoch 75; loss: 5.749715328216553; CER: 0.03833300620317459; WER: 0.12820909917354584; val_loss: 10.19642448425293; val_CER: 0.05641711503267288; val_WER: 0.16843965649604797
2023-10-14 17:48:51,057 - root - INFO - Epoch 76; loss: 5.716860294342041; CER: 0.037765853106975555; WER: 0.12467198073863983; val_loss: 9.778105735778809; val_CER: 0.05293165519833565; val_WER: 0.15738970041275024
2023-10-14 17:51:13,012 - root - INFO - Epoch 77; loss: 5.081423759460449; CER: 0.0336419939994812; WER: 0.11455461382865906; val_loss: 10.17665958404541; val_CER: 0.053836677223443985; val_WER: 0.15990573167800903
2023-10-14 17:53:35,724 - root - INFO - Epoch 78; loss: 5.219550609588623; CER: 0.034820541739463806; WER: 0.11570389568805695; val_loss: 9.953036308288574; val_CER: 0.05371953547000885; val_WER: 0.15821054577827454
2023-10-14 17:56:01,976 - root - INFO - Epoch 79; loss: 5.418961524963379; CER: 0.035471923649311066; WER: 0.11552967876195908; val_loss: 9.49046516418457; val_CER: 0.05108727142214775; val_WER: 0.15143024921417236
2023-10-14 17:57:46,061 - root - INFO - Epoch 80; loss: 4.9411211013793945; CER: 0.032671164721250534; WER: 0.11066840589046478; val_loss: 9.335807800292969; val_CER: 0.0509682334959507; val_WER: 0.14984498918056488
2023-10-14 17:59:30,371 - root - INFO - Epoch 81; loss: 4.370954513549805; CER: 0.02903885766863823; WER: 0.09851709753274918; val_loss: 9.631597518920898; val_CER: 0.049704115837812424; val_WER: 0.1482296735048294
2023-10-14 18:01:57,140 - root - INFO - Epoch 82; loss: 4.645216941833496; CER: 0.03019384667277336; WER: 0.10105705261230469; val_loss: 9.82631778717041; val_CER: 0.05227671191096306; val_WER: 0.15760217607021332
2023-10-14 18:03:46,140 - root - INFO - Epoch 83; loss: 4.673088073730469; CER: 0.031659651547670364; WER: 0.10580537468194962; val_loss: 9.961904525756836; val_CER: 0.05449998006224632; val_WER: 0.162641704082489
2023-10-14 18:06:04,103 - root - INFO - Epoch 84; loss: 4.3839006423950195; CER: 0.02892777882516384; WER: 0.0970335528254509; val_loss: 9.085589408874512; val_CER: 0.04755273461341858; val_WER: 0.1411818414926529
2023-10-14 18:07:52,701 - root - INFO - Epoch 85; loss: 4.3039422035217285; CER: 0.028876127675175667; WER: 0.09703050553798676; val_loss: 9.346293449401855; val_CER: 0.045961495488882065; val_WER: 0.13486972451210022
2023-10-14 18:09:36,773 - root - INFO - Epoch 86; loss: 4.121204853057861; CER: 0.02659856155514717; WER: 0.09087072312831879; val_loss: 9.3637113571167; val_CER: 0.04531944915652275; val_WER: 0.13664881885051727
2023-10-14 18:11:20,152 - root - INFO - Epoch 87; loss: 3.9209821224212646; CER: 0.02626614086329937; WER: 0.08915587514638901; val_loss: 9.279083251953125; val_CER: 0.046557795256376266; val_WER: 0.1370910108089447
2023-10-14 18:13:08,790 - root - INFO - Epoch 88; loss: 3.6810975074768066; CER: 0.024411700665950775; WER: 0.08253680169582367; val_loss: 9.310919761657715; val_CER: 0.04690595716238022; val_WER: 0.14191831648349762
2023-10-14 18:14:52,378 - root - INFO - Epoch 89; loss: 3.8775949478149414; CER: 0.024772578850388527; WER: 0.08172078430652618; val_loss: 9.334700584411621; val_CER: 0.04839837923645973; val_WER: 0.1442590206861496
2023-10-14 18:16:41,371 - root - INFO - Epoch 90; loss: 4.138010501861572; CER: 0.028147881850600243; WER: 0.09446795284748077; val_loss: 9.485655784606934; val_CER: 0.05168022960424423; val_WER: 0.15507687628269196
2023-10-14 18:18:25,937 - root - INFO - Epoch 91; loss: 4.7478179931640625; CER: 0.03225952014327049; WER: 0.10647939890623093; val_loss: 10.299915313720703; val_CER: 0.0568338967859745; val_WER: 0.16604293882846832
2023-10-14 18:20:09,419 - root - INFO - Epoch 92; loss: 3.9720282554626465; CER: 0.027100300416350365; WER: 0.09081918746232986; val_loss: 9.358437538146973; val_CER: 0.0471365712583065; val_WER: 0.14049726724624634
2023-10-14 18:21:52,597 - root - INFO - Epoch 93; loss: 3.48376202583313; CER: 0.023359477519989014; WER: 0.0791153833270073; val_loss: 9.199954986572266; val_CER: 0.045672569423913956; val_WER: 0.13947682082653046
2023-10-14 18:23:35,480 - root - INFO - Epoch 94; loss: 3.3089380264282227; CER: 0.02240747958421707; WER: 0.07603028416633606; val_loss: 9.240971565246582; val_CER: 0.04650687798857689; val_WER: 0.13955749571323395
2023-10-14 18:25:58,825 - root - INFO - Epoch 95; loss: 3.3547306060791016; CER: 0.02261279709637165; WER: 0.07770432531833649; val_loss: 8.055691719055176; val_CER: 0.043753307312726974; val_WER: 0.13280509412288666
2023-10-14 18:27:42,942 - root - INFO - Epoch 96; loss: 2.892446279525757; CER: 0.018946029245853424; WER: 0.06720126420259476; val_loss: 8.575183868408203; val_CER: 0.042965907603502274; val_WER: 0.13108403980731964
2023-10-14 18:29:31,237 - root - INFO - Epoch 97; loss: 2.908520460128784; CER: 0.018865663558244705; WER: 0.06408091634511948; val_loss: 8.586139678955078; val_CER: 0.04758736863732338; val_WER: 0.14026552438735962
2023-10-14 18:31:20,238 - root - INFO - Epoch 98; loss: 3.7121686935424805; CER: 0.026189329102635384; WER: 0.0864764079451561; val_loss: 9.137158393859863; val_CER: 0.044423043727874756; val_WER: 0.13205844163894653
2023-10-14 18:33:42,007 - root - INFO - Epoch 99; loss: 3.0674099922180176; CER: 0.019825061783194542; WER: 0.06649240106344223; val_loss: 9.298036575317383; val_CER: 0.04608900472521782; val_WER: 0.13680429756641388
2023-10-14 18:33:44,322 - tf2onnx.tfonnx - INFO - Using tensorflow=2.12.0, onnx=1.14.1, tf2onnx=1.15.1/37820d
2023-10-14 18:33:44,322 - tf2onnx.tfonnx - INFO - Using opset <onnx, 15>
2023-10-14 18:33:44,462 - tf2onnx.tf_utils - INFO - Computed 0 values for constant folding
2023-10-14 18:33:44,468 - tf2onnx.tf_utils - INFO - Computed 0 values for constant folding
2023-10-14 18:33:44,470 - tf2onnx.tf_utils - INFO - Computed 0 values for constant folding
2023-10-14 18:33:44,472 - tf2onnx.tf_utils - INFO - Computed 0 values for constant folding
2023-10-14 18:33:44,477 - tf2onnx.tf_utils - INFO - Computed 0 values for constant folding
2023-10-14 18:33:44,479 - tf2onnx.tf_utils - INFO - Computed 0 values for constant folding
2023-10-14 18:33:44,482 - tf2onnx.tf_utils - INFO - Computed 0 values for constant folding
2023-10-14 18:33:44,487 - tf2onnx.tf_utils - INFO - Computed 0 values for constant folding
2023-10-14 18:33:44,584 - tf2onnx.tf_utils - INFO - Computed 2 values for constant folding
2023-10-14 18:33:44,679 - tf2onnx.tfonnx - INFO - folding node using tf type=StridedSlice, name=model/bidirectional/forward_lstm/PartitionedCall/strided_slice
2023-10-14 18:33:44,679 - tf2onnx.tfonnx - INFO - folding node using tf type=StridedSlice, name=model/bidirectional/backward_lstm/PartitionedCall/strided_slice
2023-10-14 18:33:44,901 - tf2onnx.optimizer - INFO - Optimizing ONNX model
2023-10-14 18:33:45,713 - tf2onnx.optimizer - INFO - After optimization: BatchNormalization -18 (18->0), Cast -8 (17->9), Concat -8 (17->9), Const -173 (243->70), Expand -6 (8->2), Gather +3 (2->5), Identity -2 (2->0), Shape -2 (6->4), Slice -2 (9->7), Squeeze -5 (9->4), Transpose -86 (90->4), Unsqueeze -25 (29->4)
