2023-10-15 06:59:56,546 - tensorflow - INFO - batch_all_reduce: 98 all-reduces with algorithm = nccl, num_packs = 1
2023-10-15 07:00:12,359 - tensorflow - INFO - batch_all_reduce: 98 all-reduces with algorithm = nccl, num_packs = 1
2023-10-15 07:02:38,009 - root - INFO - Epoch 0; loss: 598.1773681640625; CER: 1.735780954360962; WER: 2.5061755180358887; val_loss: 217.07290649414062; val_CER: 0.9719679951667786; val_WER: 1.0
2023-10-15 07:04:12,726 - root - INFO - Epoch 1; loss: 193.3968505859375; CER: 0.9709263443946838; WER: 1.0; val_loss: 182.2614288330078; val_CER: 0.9719712734222412; val_WER: 1.0
2023-10-15 07:05:37,698 - root - INFO - Epoch 2; loss: 159.84188842773438; CER: 0.9687814712524414; WER: 1.0004115104675293; val_loss: 150.89028930664062; val_CER: 0.9727527499198914; val_WER: 1.0
2023-10-15 07:07:01,936 - root - INFO - Epoch 3; loss: 145.3843231201172; CER: 0.9575498700141907; WER: 1.0008230209350586; val_loss: 164.68655395507812; val_CER: 0.9716293811798096; val_WER: 1.0
2023-10-15 07:08:31,730 - root - INFO - Epoch 4; loss: 140.2688751220703; CER: 0.9449275135993958; WER: 1.002057671546936; val_loss: 168.83932495117188; val_CER: 0.96358722448349; val_WER: 1.0
2023-10-15 07:09:56,560 - root - INFO - Epoch 5; loss: 136.63983154296875; CER: 0.9192731380462646; WER: 1.0016460418701172; val_loss: 152.58306884765625; val_CER: 0.9483864307403564; val_WER: 1.0
2023-10-15 07:11:22,560 - root - INFO - Epoch 6; loss: 134.5039520263672; CER: 0.9038761854171753; WER: 1.0004115104675293; val_loss: 154.5565185546875; val_CER: 0.943490743637085; val_WER: 1.0
2023-10-15 07:12:51,206 - root - INFO - Epoch 7; loss: 133.24314880371094; CER: 0.8884884119033813; WER: 1.0007315874099731; val_loss: 142.25723266601562; val_CER: 0.9440239071846008; val_WER: 1.0
2023-10-15 07:14:15,866 - root - INFO - Epoch 8; loss: 132.00352478027344; CER: 0.8743887543678284; WER: 1.0009654760360718; val_loss: 140.9459991455078; val_CER: 0.934045672416687; val_WER: 1.0
2023-10-15 07:15:41,710 - root - INFO - Epoch 9; loss: 131.3384552001953; CER: 0.865420937538147; WER: 1.0005699396133423; val_loss: 136.45700073242188; val_CER: 0.8993517160415649; val_WER: 1.0
2023-10-15 07:17:11,070 - root - INFO - Epoch 10; loss: 130.1938018798828; CER: 0.852096676826477; WER: 1.0; val_loss: 133.44656372070312; val_CER: 0.900481641292572; val_WER: 1.0
2023-10-15 07:18:36,365 - root - INFO - Epoch 11; loss: 129.7014923095703; CER: 0.8509979844093323; WER: 1.000617265701294; val_loss: 145.82044982910156; val_CER: 0.9012754559516907; val_WER: 1.0
2023-10-15 07:21:00,092 - root - INFO - Epoch 12; loss: 129.4794921875; CER: 0.8542712330818176; WER: 0.9997308254241943; val_loss: 130.0727081298828; val_CER: 0.8919860124588013; val_WER: 1.0
2023-10-15 07:22:30,527 - root - INFO - Epoch 13; loss: 128.75863647460938; CER: 0.8456248641014099; WER: 1.0003200769424438; val_loss: 135.0984344482422; val_CER: 0.8937211036682129; val_WER: 1.0
2023-10-15 07:23:56,204 - root - INFO - Epoch 14; loss: 128.1601104736328; CER: 0.8470861911773682; WER: 1.0003200769424438; val_loss: 130.01380920410156; val_CER: 0.8862445950508118; val_WER: 1.0
2023-10-15 07:25:20,249 - root - INFO - Epoch 15; loss: 127.41375732421875; CER: 0.8374398946762085; WER: 1.0; val_loss: 128.73672485351562; val_CER: 0.8881356120109558; val_WER: 1.0
2023-10-15 07:26:50,005 - root - INFO - Epoch 16; loss: 127.04373168945312; CER: 0.8361642360687256; WER: 1.0004115104675293; val_loss: 136.00048828125; val_CER: 0.8896510004997253; val_WER: 1.0
2023-10-15 07:28:20,245 - root - INFO - Epoch 17; loss: 126.52701568603516; CER: 0.8281348347663879; WER: 1.0003200769424438; val_loss: 127.46625518798828; val_CER: 0.8830099105834961; val_WER: 1.0
2023-10-15 07:29:45,070 - root - INFO - Epoch 18; loss: 125.99199676513672; CER: 0.8223202228546143; WER: 0.9999542832374573; val_loss: 130.8073272705078; val_CER: 0.8829274773597717; val_WER: 1.0
2023-10-15 07:31:11,249 - root - INFO - Epoch 19; loss: 125.61653137207031; CER: 0.8128569722175598; WER: 1.0008803606033325; val_loss: 141.4982452392578; val_CER: 0.8779025673866272; val_WER: 1.0
2023-10-15 07:33:31,960 - root - INFO - Epoch 20; loss: 124.77779388427734; CER: 0.7894328236579895; WER: 1.0015580654144287; val_loss: 125.04450988769531; val_CER: 0.8370470404624939; val_WER: 1.0
2023-10-15 07:35:54,104 - root - INFO - Epoch 21; loss: 124.01422119140625; CER: 0.763420045375824; WER: 1.0028427839279175; val_loss: 124.65956115722656; val_CER: 0.8085924983024597; val_WER: 1.0
2023-10-15 07:37:18,852 - root - INFO - Epoch 22; loss: 122.3918228149414; CER: 0.7173646092414856; WER: 1.0071054697036743; val_loss: 124.05731201171875; val_CER: 0.7230477929115295; val_WER: 1.0006734132766724
2023-10-15 07:38:43,301 - root - INFO - Epoch 23; loss: 119.57955169677734; CER: 0.6811800003051758; WER: 1.0154104232788086; val_loss: 119.78683471679688; val_CER: 0.710647463798523; val_WER: 1.0015637874603271
2023-10-15 07:40:08,093 - root - INFO - Epoch 24; loss: 116.00592041015625; CER: 0.6654258966445923; WER: 1.0181366205215454; val_loss: 119.79861450195312; val_CER: 0.675611138343811; val_WER: 1.0036662817001343
2023-10-15 07:42:29,679 - root - INFO - Epoch 25; loss: 113.2276611328125; CER: 0.6559184789657593; WER: 1.0234678983688354; val_loss: 113.53904724121094; val_CER: 0.6592327356338501; val_WER: 1.0098971128463745
2023-10-15 07:43:55,299 - root - INFO - Epoch 26; loss: 111.1557846069336; CER: 0.6530376672744751; WER: 1.0170316696166992; val_loss: 111.88184356689453; val_CER: 0.6563507318496704; val_WER: 1.0028338432312012
2023-10-15 07:45:24,836 - root - INFO - Epoch 27; loss: 109.84846496582031; CER: 0.6543928384780884; WER: 1.0165293216705322; val_loss: 108.51868438720703; val_CER: 0.644709587097168; val_WER: 1.0043190717697144
2023-10-15 07:46:48,622 - root - INFO - Epoch 28; loss: 108.01860809326172; CER: 0.6531105041503906; WER: 1.0142197608947754; val_loss: 108.94217681884766; val_CER: 0.6599138379096985; val_WER: 0.9945827722549438
2023-10-15 07:49:11,919 - root - INFO - Epoch 29; loss: 106.95887756347656; CER: 0.6561256647109985; WER: 1.0127947330474854; val_loss: 109.84500122070312; val_CER: 0.6658254861831665; val_WER: 0.9940797090530396
2023-10-15 07:50:36,345 - root - INFO - Epoch 30; loss: 106.45709228515625; CER: 0.6553434729576111; WER: 1.0174847841262817; val_loss: 105.33525085449219; val_CER: 0.6514700651168823; val_WER: 1.0108006000518799
2023-10-15 07:52:00,410 - root - INFO - Epoch 31; loss: 104.93612670898438; CER: 0.6495968699455261; WER: 1.0157313346862793; val_loss: 227.5763702392578; val_CER: 0.8695223331451416; val_WER: 0.9992237091064453
2023-10-15 07:54:25,482 - root - INFO - Epoch 32; loss: 104.0985336303711; CER: 0.6497024297714233; WER: 1.0112019777297974; val_loss: 102.7240982055664; val_CER: 0.6445761322975159; val_WER: 1.0048353672027588
2023-10-15 07:56:45,949 - root - INFO - Epoch 33; loss: 103.22863006591797; CER: 0.648582398891449; WER: 1.0107712745666504; val_loss: 102.37937927246094; val_CER: 0.6509568095207214; val_WER: 1.0078787803649902
2023-10-15 07:59:08,200 - root - INFO - Epoch 34; loss: 102.882080078125; CER: 0.6509116291999817; WER: 1.0124906301498413; val_loss: 105.92463684082031; val_CER: 0.6445170640945435; val_WER: 0.9958941340446472
2023-10-15 08:00:33,099 - root - INFO - Epoch 35; loss: 101.87109375; CER: 0.6477534770965576; WER: 1.0112725496292114; val_loss: 102.13866424560547; val_CER: 0.6437108516693115; val_WER: 1.0215178728103638
2023-10-15 08:01:59,092 - root - INFO - Epoch 36; loss: 101.36917114257812; CER: 0.6430057883262634; WER: 1.0128012895584106; val_loss: 100.0597915649414; val_CER: 0.6334377527236938; val_WER: 1.00556480884552
2023-10-15 08:03:24,726 - root - INFO - Epoch 37; loss: 100.27103424072266; CER: 0.6423015594482422; WER: 1.010610580444336; val_loss: 99.7935562133789; val_CER: 0.6406141519546509; val_WER: 1.0081013441085815
2023-10-15 08:04:48,342 - root - INFO - Epoch 38; loss: 99.75859832763672; CER: 0.6416370868682861; WER: 1.0105100870132446; val_loss: 100.45870208740234; val_CER: 0.641308605670929; val_WER: 1.003292202949524
2023-10-15 08:06:13,094 - root - INFO - Epoch 39; loss: 100.08507537841797; CER: 0.6428384184837341; WER: 1.0158096551895142; val_loss: 108.36808013916016; val_CER: 0.6616848707199097; val_WER: 1.0197830200195312
2023-10-15 08:07:37,067 - root - INFO - Epoch 40; loss: 98.94568634033203; CER: 0.64357990026474; WER: 1.0109821557998657; val_loss: 104.31405639648438; val_CER: 0.6466259956359863; val_WER: 1.0011972188949585
2023-10-15 08:10:00,298 - root - INFO - Epoch 41; loss: 99.46400451660156; CER: 0.6411460638046265; WER: 1.0112745761871338; val_loss: 102.40927124023438; val_CER: 0.6493778824806213; val_WER: 1.0039656162261963
2023-10-15 08:11:24,865 - root - INFO - Epoch 42; loss: 101.5197525024414; CER: 0.6511437892913818; WER: 1.0231739282608032; val_loss: 113.83920288085938; val_CER: 0.6750614643096924; val_WER: 1.181936264038086
2023-10-15 08:13:46,814 - root - INFO - Epoch 43; loss: 98.45018768310547; CER: 0.6424925327301025; WER: 1.008419394493103; val_loss: 96.13375091552734; val_CER: 0.6306266784667969; val_WER: 1.0146065950393677
2023-10-15 08:15:11,125 - root - INFO - Epoch 44; loss: 95.04252624511719; CER: 0.6258599758148193; WER: 0.9992357492446899; val_loss: 93.593017578125; val_CER: 0.6173263192176819; val_WER: 0.992377519607544
2023-10-15 08:16:36,245 - root - INFO - Epoch 45; loss: 93.6685791015625; CER: 0.6210514307022095; WER: 0.9928625822067261; val_loss: 97.75517272949219; val_CER: 0.6217655539512634; val_WER: 0.9915714859962463
2023-10-15 08:18:01,810 - root - INFO - Epoch 46; loss: 91.99153137207031; CER: 0.6127554178237915; WER: 0.9843473434448242; val_loss: 91.09215545654297; val_CER: 0.6063283085823059; val_WER: 0.9871699810028076
2023-10-15 08:19:31,605 - root - INFO - Epoch 47; loss: 90.77173614501953; CER: 0.6091934442520142; WER: 0.9833295941352844; val_loss: 89.80069732666016; val_CER: 0.6049236059188843; val_WER: 0.9720146059989929
2023-10-15 08:20:55,459 - root - INFO - Epoch 48; loss: 89.6326904296875; CER: 0.611004114151001; WER: 0.9782796502113342; val_loss: 88.019287109375; val_CER: 0.6109962463378906; val_WER: 0.9718304872512817
2023-10-15 08:22:20,344 - root - INFO - Epoch 49; loss: 88.34019470214844; CER: 0.6010556817054749; WER: 0.969475269317627; val_loss: 87.28128814697266; val_CER: 0.5999791026115417; val_WER: 0.969889760017395
2023-10-15 08:24:46,489 - root - INFO - Epoch 50; loss: 87.42623138427734; CER: 0.6018359065055847; WER: 0.9706713557243347; val_loss: 86.42963409423828; val_CER: 0.5898747444152832; val_WER: 0.9502683281898499
2023-10-15 08:26:10,056 - root - INFO - Epoch 51; loss: 86.44842529296875; CER: 0.5929911732673645; WER: 0.9626200795173645; val_loss: 85.22549438476562; val_CER: 0.5852321982383728; val_WER: 0.9463310241699219
2023-10-15 08:27:40,973 - root - INFO - Epoch 52; loss: 85.778564453125; CER: 0.5932055711746216; WER: 0.9578495621681213; val_loss: 84.74333953857422; val_CER: 0.585818886756897; val_WER: 0.9347122311592102
2023-10-15 08:30:02,075 - root - INFO - Epoch 53; loss: 84.50088500976562; CER: 0.5884976387023926; WER: 0.9521434307098389; val_loss: 83.0675048828125; val_CER: 0.5751080513000488; val_WER: 0.929530143737793
2023-10-15 08:31:26,707 - root - INFO - Epoch 54; loss: 83.86800384521484; CER: 0.5800293684005737; WER: 0.9471917748451233; val_loss: 82.96786499023438; val_CER: 0.5665386915206909; val_WER: 0.9198223352432251
2023-10-15 08:33:47,753 - root - INFO - Epoch 55; loss: 82.79147338867188; CER: 0.5771770477294922; WER: 0.9436445832252502; val_loss: 81.59732818603516; val_CER: 0.5675660967826843; val_WER: 0.9266729354858398
2023-10-15 08:36:11,240 - root - INFO - Epoch 56; loss: 81.85896301269531; CER: 0.5707241296768188; WER: 0.9430680274963379; val_loss: 81.01107025146484; val_CER: 0.5594563484191895; val_WER: 0.9186456203460693
2023-10-15 08:37:42,527 - root - INFO - Epoch 57; loss: 80.99512481689453; CER: 0.5628217458724976; WER: 0.9345115423202515; val_loss: 80.73902130126953; val_CER: 0.551556408405304; val_WER: 0.9086935520172119
2023-10-15 08:39:07,815 - root - INFO - Epoch 58; loss: 79.79364776611328; CER: 0.5530960559844971; WER: 0.9291910529136658; val_loss: 79.0708236694336; val_CER: 0.5309210419654846; val_WER: 0.8925848007202148
2023-10-15 08:40:31,529 - root - INFO - Epoch 59; loss: 78.98635864257812; CER: 0.5457558035850525; WER: 0.9268382787704468; val_loss: 79.86431121826172; val_CER: 0.5488633513450623; val_WER: 0.8977044224739075
2023-10-15 08:42:55,387 - root - INFO - Epoch 60; loss: 78.07262420654297; CER: 0.5403675436973572; WER: 0.9234646558761597; val_loss: 76.70491790771484; val_CER: 0.5232497453689575; val_WER: 0.8976858854293823
2023-10-15 08:44:24,809 - root - INFO - Epoch 61; loss: 76.67484283447266; CER: 0.5310243368148804; WER: 0.9140357971191406; val_loss: 76.53085327148438; val_CER: 0.5245928764343262; val_WER: 0.89242023229599
2023-10-15 08:46:43,353 - root - INFO - Epoch 62; loss: 75.81668853759766; CER: 0.5248323082923889; WER: 0.9070239067077637; val_loss: 74.89402770996094; val_CER: 0.5154741406440735; val_WER: 0.8901340961456299
2023-10-15 08:48:08,808 - root - INFO - Epoch 63; loss: 74.60124969482422; CER: 0.52131587266922; WER: 0.9070354700088501; val_loss: 73.70001220703125; val_CER: 0.5027511119842529; val_WER: 0.8805373311042786
2023-10-15 08:49:32,894 - root - INFO - Epoch 64; loss: 73.27518463134766; CER: 0.5089594721794128; WER: 0.8992442488670349; val_loss: 72.31934356689453; val_CER: 0.4984123408794403; val_WER: 0.8657037615776062
2023-10-15 08:51:57,354 - root - INFO - Epoch 65; loss: 72.07061004638672; CER: 0.49966874718666077; WER: 0.8915814757347107; val_loss: 71.49388122558594; val_CER: 0.4890563488006592; val_WER: 0.8543701171875
2023-10-15 08:53:21,135 - root - INFO - Epoch 66; loss: 70.87825775146484; CER: 0.49316757917404175; WER: 0.8817850947380066; val_loss: 70.3796615600586; val_CER: 0.4668613076210022; val_WER: 0.8276558518409729
2023-10-15 08:55:43,449 - root - INFO - Epoch 67; loss: 69.52666473388672; CER: 0.4819657802581787; WER: 0.8756787776947021; val_loss: 68.64297485351562; val_CER: 0.47339770197868347; val_WER: 0.8476077318191528
2023-10-15 08:57:07,960 - root - INFO - Epoch 68; loss: 68.41451263427734; CER: 0.47172027826309204; WER: 0.8631002902984619; val_loss: 67.88562774658203; val_CER: 0.47289854288101196; val_WER: 0.8541918396949768
2023-10-15 08:58:30,888 - root - INFO - Epoch 69; loss: 67.12136840820312; CER: 0.46624433994293213; WER: 0.8584516644477844; val_loss: 67.90538787841797; val_CER: 0.4803086519241333; val_WER: 0.8617793917655945
2023-10-15 08:59:55,015 - root - INFO - Epoch 70; loss: 65.52005004882812; CER: 0.46084603667259216; WER: 0.853011965751648; val_loss: 66.618896484375; val_CER: 0.4679200351238251; val_WER: 0.8401049971580505
2023-10-15 09:02:16,134 - root - INFO - Epoch 71; loss: 64.52914428710938; CER: 0.4517178237438202; WER: 0.8419099450111389; val_loss: 64.00526428222656; val_CER: 0.45270469784736633; val_WER: 0.8175525665283203
2023-10-15 09:03:38,983 - root - INFO - Epoch 72; loss: 63.49555969238281; CER: 0.4519181549549103; WER: 0.8377164006233215; val_loss: 64.32474517822266; val_CER: 0.46361085772514343; val_WER: 0.8605084419250488
2023-10-15 09:05:09,728 - root - INFO - Epoch 73; loss: 62.42873764038086; CER: 0.4467144012451172; WER: 0.8374475836753845; val_loss: 62.84592056274414; val_CER: 0.44656825065612793; val_WER: 0.8328089118003845
2023-10-15 09:06:33,991 - root - INFO - Epoch 74; loss: 61.4119987487793; CER: 0.4336150586605072; WER: 0.8199433088302612; val_loss: 60.9858283996582; val_CER: 0.4344848096370697; val_WER: 0.8054324388504028
2023-10-15 09:08:00,183 - root - INFO - Epoch 75; loss: 59.99690628051758; CER: 0.4244462251663208; WER: 0.8124370574951172; val_loss: 59.95079040527344; val_CER: 0.4321807622909546; val_WER: 0.7853220701217651
2023-10-15 09:09:26,609 - root - INFO - Epoch 76; loss: 59.68937301635742; CER: 0.42520248889923096; WER: 0.8132339715957642; val_loss: 58.8648681640625; val_CER: 0.41164112091064453; val_WER: 0.7869606018066406
2023-10-15 09:10:50,858 - root - INFO - Epoch 77; loss: 58.37163162231445; CER: 0.4162287414073944; WER: 0.804416835308075; val_loss: 56.96736526489258; val_CER: 0.39644449949264526; val_WER: 0.7685112357139587
2023-10-15 09:12:16,926 - root - INFO - Epoch 78; loss: 57.5940055847168; CER: 0.41211792826652527; WER: 0.8017506003379822; val_loss: 56.39167785644531; val_CER: 0.40027812123298645; val_WER: 0.7666228413581848
2023-10-15 09:13:46,908 - root - INFO - Epoch 79; loss: 56.7062873840332; CER: 0.4046591520309448; WER: 0.7889437675476074; val_loss: 55.410186767578125; val_CER: 0.3933457136154175; val_WER: 0.7704971432685852
2023-10-15 09:15:11,039 - root - INFO - Epoch 80; loss: 55.44217300415039; CER: 0.395296186208725; WER: 0.7777369618415833; val_loss: 54.51795959472656; val_CER: 0.3719296157360077; val_WER: 0.7343587875366211
2023-10-15 09:16:35,981 - root - INFO - Epoch 81; loss: 54.53603744506836; CER: 0.3925732672214508; WER: 0.777576744556427; val_loss: 55.04563522338867; val_CER: 0.40336671471595764; val_WER: 0.7725238800048828
2023-10-15 09:18:00,762 - root - INFO - Epoch 82; loss: 54.501441955566406; CER: 0.3907623291015625; WER: 0.7804415225982666; val_loss: 53.67730712890625; val_CER: 0.37596163153648376; val_WER: 0.7498729825019836
2023-10-15 09:19:25,030 - root - INFO - Epoch 83; loss: 52.80300521850586; CER: 0.3756597936153412; WER: 0.7570162415504456; val_loss: 53.823551177978516; val_CER: 0.37973207235336304; val_WER: 0.7435409426689148
2023-10-15 09:21:47,879 - root - INFO - Epoch 84; loss: 52.17552947998047; CER: 0.37106984853744507; WER: 0.7540111541748047; val_loss: 51.16304397583008; val_CER: 0.368508517742157; val_WER: 0.7332477569580078
2023-10-15 09:23:13,475 - root - INFO - Epoch 85; loss: 50.902976989746094; CER: 0.36701080203056335; WER: 0.7457476854324341; val_loss: 51.80181884765625; val_CER: 0.36136603355407715; val_WER: 0.7285107374191284
2023-10-15 09:24:37,673 - root - INFO - Epoch 86; loss: 49.96194076538086; CER: 0.3569548428058624; WER: 0.737241268157959; val_loss: 49.47508239746094; val_CER: 0.3466337323188782; val_WER: 0.6921467185020447
2023-10-15 09:27:05,083 - root - INFO - Epoch 87; loss: 49.3407096862793; CER: 0.3501957058906555; WER: 0.7286394238471985; val_loss: 47.96929168701172; val_CER: 0.33747515082359314; val_WER: 0.6860607266426086
2023-10-15 09:28:29,334 - root - INFO - Epoch 88; loss: 48.77741241455078; CER: 0.35149869322776794; WER: 0.7346828579902649; val_loss: 50.10841369628906; val_CER: 0.3712957799434662; val_WER: 0.7183888554573059
2023-10-15 09:29:55,259 - root - INFO - Epoch 89; loss: 48.505184173583984; CER: 0.34801632165908813; WER: 0.724644660949707; val_loss: 46.73048782348633; val_CER: 0.3317002058029175; val_WER: 0.6742225289344788
2023-10-15 09:31:20,159 - root - INFO - Epoch 90; loss: 46.906097412109375; CER: 0.33704873919487; WER: 0.7072502970695496; val_loss: 45.161190032958984; val_CER: 0.3207966387271881; val_WER: 0.6694111824035645
2023-10-15 09:32:44,296 - root - INFO - Epoch 91; loss: 46.16117477416992; CER: 0.3263203799724579; WER: 0.6958631277084351; val_loss: 44.338748931884766; val_CER: 0.3051055073738098; val_WER: 0.638259768486023
2023-10-15 09:35:07,300 - root - INFO - Epoch 92; loss: 44.80703353881836; CER: 0.3242674171924591; WER: 0.6905134320259094; val_loss: 43.98219299316406; val_CER: 0.3166840970516205; val_WER: 0.6611214876174927
2023-10-15 09:36:33,365 - root - INFO - Epoch 93; loss: 44.52035140991211; CER: 0.31753405928611755; WER: 0.690656304359436; val_loss: 44.80918502807617; val_CER: 0.3121303617954254; val_WER: 0.6610457897186279
2023-10-15 09:38:59,922 - root - INFO - Epoch 94; loss: 43.89711380004883; CER: 0.3110688030719757; WER: 0.6778329610824585; val_loss: 42.16323471069336; val_CER: 0.30189234018325806; val_WER: 0.6449315547943115
2023-10-15 09:41:16,475 - root - INFO - Epoch 95; loss: 41.92741775512695; CER: 0.2981793284416199; WER: 0.6667490005493164; val_loss: 42.993045806884766; val_CER: 0.3000095784664154; val_WER: 0.646517276763916
2023-10-15 09:42:40,867 - root - INFO - Epoch 96; loss: 40.95033264160156; CER: 0.2845972180366516; WER: 0.645106315612793; val_loss: 39.3784065246582; val_CER: 0.2737191915512085; val_WER: 0.599456250667572
2023-10-15 09:45:04,539 - root - INFO - Epoch 97; loss: 40.21426010131836; CER: 0.28431013226509094; WER: 0.635162353515625; val_loss: 38.866737365722656; val_CER: 0.27123746275901794; val_WER: 0.6027325987815857
2023-10-15 09:46:34,652 - root - INFO - Epoch 98; loss: 39.2550048828125; CER: 0.2726270258426666; WER: 0.6284881830215454; val_loss: 38.65536880493164; val_CER: 0.2581436336040497; val_WER: 0.5820640921592712
2023-10-15 09:48:51,987 - root - INFO - Epoch 99; loss: 38.18300247192383; CER: 0.2691165506839752; WER: 0.6251631379127502; val_loss: 36.415740966796875; val_CER: 0.2547278106212616; val_WER: 0.578341543674469
2023-10-15 09:51:13,612 - root - INFO - Epoch 100; loss: 37.18085479736328; CER: 0.2609998285770416; WER: 0.6057106852531433; val_loss: 35.743343353271484; val_CER: 0.23840996623039246; val_WER: 0.563970685005188
2023-10-15 09:52:38,894 - root - INFO - Epoch 101; loss: 36.9556884765625; CER: 0.25616544485092163; WER: 0.5989723801612854; val_loss: 44.2834587097168; val_CER: 0.27712416648864746; val_WER: 0.5656442642211914
2023-10-15 09:54:05,581 - root - INFO - Epoch 102; loss: 35.70415115356445; CER: 0.25073203444480896; WER: 0.582925021648407; val_loss: 35.428794860839844; val_CER: 0.23616649210453033; val_WER: 0.561853289604187
2023-10-15 09:56:26,279 - root - INFO - Epoch 103; loss: 34.768653869628906; CER: 0.24095609784126282; WER: 0.5711796283721924; val_loss: 34.58363342285156; val_CER: 0.22016458213329315; val_WER: 0.517864465713501
2023-10-15 09:57:55,955 - root - INFO - Epoch 104; loss: 33.84550476074219; CER: 0.234082892537117; WER: 0.5655649900436401; val_loss: 33.59457015991211; val_CER: 0.22285673022270203; val_WER: 0.525695264339447
2023-10-15 10:00:18,894 - root - INFO - Epoch 105; loss: 33.17611312866211; CER: 0.22823189198970795; WER: 0.5556156635284424; val_loss: 32.22807312011719; val_CER: 0.21929702162742615; val_WER: 0.5060892701148987
2023-10-15 10:01:45,080 - root - INFO - Epoch 106; loss: 32.360504150390625; CER: 0.22257846593856812; WER: 0.5457289814949036; val_loss: 33.40236282348633; val_CER: 0.20653875172138214; val_WER: 0.4953748881816864
2023-10-15 10:03:14,746 - root - INFO - Epoch 107; loss: 31.65239715576172; CER: 0.2161751240491867; WER: 0.5351590514183044; val_loss: 30.7679443359375; val_CER: 0.2108633816242218; val_WER: 0.5057968497276306
2023-10-15 10:05:31,646 - root - INFO - Epoch 108; loss: 30.96067237854004; CER: 0.20836061239242554; WER: 0.513489305973053; val_loss: 31.23491859436035; val_CER: 0.21743111312389374; val_WER: 0.4995110332965851
2023-10-15 10:06:56,628 - root - INFO - Epoch 109; loss: 30.146484375; CER: 0.20587676763534546; WER: 0.5112045407295227; val_loss: 28.99738311767578; val_CER: 0.18780912458896637; val_WER: 0.4540987014770508
2023-10-15 10:08:20,316 - root - INFO - Epoch 110; loss: 30.043363571166992; CER: 0.20364145934581757; WER: 0.5036365389823914; val_loss: 29.73089599609375; val_CER: 0.20463703572750092; val_WER: 0.4853609502315521
2023-10-15 10:09:44,704 - root - INFO - Epoch 111; loss: 28.985153198242188; CER: 0.1986522674560547; WER: 0.4955865442752838; val_loss: 28.769330978393555; val_CER: 0.19377271831035614; val_WER: 0.4698517918586731
2023-10-15 10:11:10,775 - root - INFO - Epoch 112; loss: 29.51274871826172; CER: 0.202688530087471; WER: 0.5014656782150269; val_loss: 27.964534759521484; val_CER: 0.17957061529159546; val_WER: 0.44074001908302307
2023-10-15 10:12:34,750 - root - INFO - Epoch 113; loss: 28.347763061523438; CER: 0.19715309143066406; WER: 0.4879262447357178; val_loss: 27.16048812866211; val_CER: 0.1802595555782318; val_WER: 0.45052117109298706
2023-10-15 10:13:59,758 - root - INFO - Epoch 114; loss: 27.374727249145508; CER: 0.18490323424339294; WER: 0.47345101833343506; val_loss: 26.902225494384766; val_CER: 0.1765384078025818; val_WER: 0.4316045939922333
2023-10-15 10:15:25,287 - root - INFO - Epoch 115; loss: 26.7000732421875; CER: 0.18276819586753845; WER: 0.46927204728126526; val_loss: 26.940723419189453; val_CER: 0.1688275784254074; val_WER: 0.43366625905036926
2023-10-15 10:16:49,704 - root - INFO - Epoch 116; loss: 26.384340286254883; CER: 0.17667968571186066; WER: 0.45523983240127563; val_loss: 26.321626663208008; val_CER: 0.17669297754764557; val_WER: 0.4303068518638611
2023-10-15 10:18:15,699 - root - INFO - Epoch 117; loss: 25.964710235595703; CER: 0.17672431468963623; WER: 0.4536556899547577; val_loss: 26.47991943359375; val_CER: 0.16403186321258545; val_WER: 0.41813960671424866
2023-10-15 10:19:41,299 - root - INFO - Epoch 118; loss: 25.222484588623047; CER: 0.1729556769132614; WER: 0.44604578614234924; val_loss: 25.203155517578125; val_CER: 0.1550479233264923; val_WER: 0.3866092264652252
2023-10-15 10:21:10,080 - root - INFO - Epoch 119; loss: 24.84039878845215; CER: 0.166789710521698; WER: 0.4344129264354706; val_loss: 25.16501808166504; val_CER: 0.16174736618995667; val_WER: 0.3978469669818878
2023-10-15 10:22:40,430 - root - INFO - Epoch 120; loss: 24.430051803588867; CER: 0.1681288778781891; WER: 0.4370920956134796; val_loss: 24.00267791748047; val_CER: 0.16291740536689758; val_WER: 0.4078865647315979
2023-10-15 10:24:05,810 - root - INFO - Epoch 121; loss: 23.432477951049805; CER: 0.16030721366405487; WER: 0.4214266538619995; val_loss: 23.42403221130371; val_CER: 0.14718882739543915; val_WER: 0.3817766010761261
2023-10-15 10:25:34,314 - root - INFO - Epoch 122; loss: 22.936107635498047; CER: 0.15483060479164124; WER: 0.40942832827568054; val_loss: 22.851484298706055; val_CER: 0.1480608731508255; val_WER: 0.3822439908981323
2023-10-15 10:26:58,450 - root - INFO - Epoch 123; loss: 22.52616310119629; CER: 0.15204015374183655; WER: 0.4057447910308838; val_loss: 43.27754592895508; val_CER: 0.24445851147174835; val_WER: 0.5449659824371338
2023-10-15 10:29:21,159 - root - INFO - Epoch 124; loss: 22.75331687927246; CER: 0.15416309237480164; WER: 0.4127865135669708; val_loss: 23.85249900817871; val_CER: 0.14851868152618408; val_WER: 0.3709131181240082
2023-10-15 10:30:45,612 - root - INFO - Epoch 125; loss: 22.107563018798828; CER: 0.1525486558675766; WER: 0.4066927134990692; val_loss: 23.224252700805664; val_CER: 0.15049302577972412; val_WER: 0.38446173071861267
2023-10-15 10:33:08,124 - root - INFO - Epoch 126; loss: 21.232791900634766; CER: 0.14444221556186676; WER: 0.38704636693000793; val_loss: 22.633817672729492; val_CER: 0.1369648575782776; val_WER: 0.36828112602233887
2023-10-15 10:35:29,215 - root - INFO - Epoch 127; loss: 20.91696548461914; CER: 0.13977764546871185; WER: 0.38215383887290955; val_loss: 20.962575912475586; val_CER: 0.1228458434343338; val_WER: 0.3279231786727905
2023-10-15 10:37:51,840 - root - INFO - Epoch 128; loss: 20.48909568786621; CER: 0.13813960552215576; WER: 0.3729320764541626; val_loss: 21.300071716308594; val_CER: 0.13223198056221008; val_WER: 0.36100491881370544
2023-10-15 10:40:12,424 - root - INFO - Epoch 129; loss: 20.244604110717773; CER: 0.13626006245613098; WER: 0.369338721036911; val_loss: 20.931716918945312; val_CER: 0.1290876269340515; val_WER: 0.3370659053325653
2023-10-15 10:41:38,140 - root - INFO - Epoch 130; loss: 19.389066696166992; CER: 0.12911422550678253; WER: 0.35808733105659485; val_loss: 20.562755584716797; val_CER: 0.12673136591911316; val_WER: 0.32945892214775085
2023-10-15 10:43:02,485 - root - INFO - Epoch 131; loss: 19.319875717163086; CER: 0.13021087646484375; WER: 0.36199408769607544; val_loss: 20.610105514526367; val_CER: 0.12465833127498627; val_WER: 0.3210662305355072
2023-10-15 10:44:26,984 - root - INFO - Epoch 132; loss: 18.794837951660156; CER: 0.1263388991355896; WER: 0.35449907183647156; val_loss: 20.341541290283203; val_CER: 0.12313147634267807; val_WER: 0.3223653733730316
2023-10-15 10:45:51,102 - root - INFO - Epoch 133; loss: 18.390443801879883; CER: 0.12705270946025848; WER: 0.3539869785308838; val_loss: 19.90814208984375; val_CER: 0.12404006719589233; val_WER: 0.3257901966571808
2023-10-15 10:48:13,236 - root - INFO - Epoch 134; loss: 17.957609176635742; CER: 0.12163960188627243; WER: 0.33921653032302856; val_loss: 19.575519561767578; val_CER: 0.12206652760505676; val_WER: 0.3217529356479645
2023-10-15 10:49:37,588 - root - INFO - Epoch 135; loss: 17.405263900756836; CER: 0.11382932215929031; WER: 0.32452908158302307; val_loss: 19.60575294494629; val_CER: 0.12212534248828888; val_WER: 0.32339751720428467
2023-10-15 10:51:58,132 - root - INFO - Epoch 136; loss: 17.374292373657227; CER: 0.11834434419870377; WER: 0.33814480900764465; val_loss: 19.29010009765625; val_CER: 0.11412955820560455; val_WER: 0.2890872657299042
2023-10-15 10:53:23,074 - root - INFO - Epoch 137; loss: 17.36528778076172; CER: 0.11572542041540146; WER: 0.32826969027519226; val_loss: 19.099231719970703; val_CER: 0.11211638897657394; val_WER: 0.30324313044548035
2023-10-15 10:54:52,394 - root - INFO - Epoch 138; loss: 17.041461944580078; CER: 0.11446670442819595; WER: 0.3250088095664978; val_loss: 19.23312759399414; val_CER: 0.1230277419090271; val_WER: 0.31749096512794495
2023-10-15 10:56:16,727 - root - INFO - Epoch 139; loss: 16.238510131835938; CER: 0.10950426757335663; WER: 0.317929744720459; val_loss: 19.159521102905273; val_CER: 0.10334540158510208; val_WER: 0.2930263578891754
2023-10-15 10:57:46,538 - root - INFO - Epoch 140; loss: 16.202634811401367; CER: 0.10662193596363068; WER: 0.3077155649662018; val_loss: 18.852935791015625; val_CER: 0.11247652024030685; val_WER: 0.30041149258613586
2023-10-15 11:00:07,987 - root - INFO - Epoch 141; loss: 16.210094451904297; CER: 0.10763771086931229; WER: 0.30717238783836365; val_loss: 18.879741668701172; val_CER: 0.11765731126070023; val_WER: 0.31129440665245056
2023-10-15 11:01:31,500 - root - INFO - Epoch 142; loss: 16.169788360595703; CER: 0.10885793715715408; WER: 0.311763733625412; val_loss: 18.533172607421875; val_CER: 0.10833756625652313; val_WER: 0.29481565952301025
2023-10-15 11:02:56,211 - root - INFO - Epoch 143; loss: 15.410512924194336; CER: 0.10180458426475525; WER: 0.29284951090812683; val_loss: 17.872817993164062; val_CER: 0.11185143142938614; val_WER: 0.28544652462005615
2023-10-15 11:04:20,713 - root - INFO - Epoch 144; loss: 15.143909454345703; CER: 0.10042715817689896; WER: 0.29386135935783386; val_loss: 17.950090408325195; val_CER: 0.10628819465637207; val_WER: 0.287486732006073
2023-10-15 11:05:44,298 - root - INFO - Epoch 145; loss: 14.489375114440918; CER: 0.09725416451692581; WER: 0.2863829731941223; val_loss: 17.49408531188965; val_CER: 0.10941191762685776; val_WER: 0.27900636196136475
2023-10-15 11:07:08,171 - root - INFO - Epoch 146; loss: 14.598538398742676; CER: 0.0981391966342926; WER: 0.28826719522476196; val_loss: 17.8652400970459; val_CER: 0.10837312042713165; val_WER: 0.2819071114063263
2023-10-15 11:08:31,823 - root - INFO - Epoch 147; loss: 14.434300422668457; CER: 0.09924039989709854; WER: 0.28969135880470276; val_loss: 17.68109703063965; val_CER: 0.10629463940858841; val_WER: 0.28497278690338135
2023-10-15 11:10:54,262 - root - INFO - Epoch 148; loss: 14.23205852508545; CER: 0.09632796794176102; WER: 0.2767311930656433; val_loss: 17.928909301757812; val_CER: 0.10599211603403091; val_WER: 0.2802383005619049
2023-10-15 11:12:17,727 - root - INFO - Epoch 149; loss: 13.773025512695312; CER: 0.09258654713630676; WER: 0.27299588918685913; val_loss: 17.075271606445312; val_CER: 0.10960961133241653; val_WER: 0.28604161739349365
2023-10-15 11:13:41,277 - root - INFO - Epoch 150; loss: 13.286981582641602; CER: 0.09043291211128235; WER: 0.2682580351829529; val_loss: 16.73922348022461; val_CER: 0.09611266851425171; val_WER: 0.2617960274219513
2023-10-15 11:15:10,361 - root - INFO - Epoch 151; loss: 13.130852699279785; CER: 0.08653068542480469; WER: 0.26263293623924255; val_loss: 17.34088706970215; val_CER: 0.0942082330584526; val_WER: 0.24987512826919556
2023-10-15 11:16:39,417 - root - INFO - Epoch 152; loss: 13.024128913879395; CER: 0.08871765434741974; WER: 0.25887683033943176; val_loss: 16.768686294555664; val_CER: 0.09255891293287277; val_WER: 0.2495546191930771
2023-10-15 11:18:03,614 - root - INFO - Epoch 153; loss: 12.76865005493164; CER: 0.0842609778046608; WER: 0.2519069314002991; val_loss: 16.466228485107422; val_CER: 0.09981240332126617; val_WER: 0.27493783831596375
2023-10-15 11:19:27,401 - root - INFO - Epoch 154; loss: 13.034523010253906; CER: 0.0887162983417511; WER: 0.26184049248695374; val_loss: 16.552696228027344; val_CER: 0.10468144714832306; val_WER: 0.2780592739582062
2023-10-15 11:20:56,428 - root - INFO - Epoch 155; loss: 12.509674072265625; CER: 0.08623415976762772; WER: 0.25572633743286133; val_loss: 16.584260940551758; val_CER: 0.0917864441871643; val_WER: 0.24002006649971008
2023-10-15 11:23:19,903 - root - INFO - Epoch 156; loss: 12.343798637390137; CER: 0.08101785182952881; WER: 0.24090410768985748; val_loss: 16.241321563720703; val_CER: 0.0880061462521553; val_WER: 0.23803645372390747
2023-10-15 11:24:43,658 - root - INFO - Epoch 157; loss: 12.234557151794434; CER: 0.0816921517252922; WER: 0.24329543113708496; val_loss: 16.08626937866211; val_CER: 0.09444154798984528; val_WER: 0.2531529366970062
2023-10-15 11:26:07,307 - root - INFO - Epoch 158; loss: 11.78353214263916; CER: 0.07939177006483078; WER: 0.24061603844165802; val_loss: 15.487564086914062; val_CER: 0.09200425446033478; val_WER: 0.25420013070106506
2023-10-15 11:27:31,520 - root - INFO - Epoch 159; loss: 11.69854736328125; CER: 0.07936286181211472; WER: 0.23862552642822266; val_loss: 15.821611404418945; val_CER: 0.08323398977518082; val_WER: 0.22378723323345184
2023-10-15 11:28:55,512 - root - INFO - Epoch 160; loss: 11.647937774658203; CER: 0.0804927870631218; WER: 0.23971424996852875; val_loss: 16.61345672607422; val_CER: 0.10075598955154419; val_WER: 0.2671215534210205
2023-10-15 11:30:19,284 - root - INFO - Epoch 161; loss: 11.674756050109863; CER: 0.0793253481388092; WER: 0.23344281315803528; val_loss: 16.02403450012207; val_CER: 0.0868431106209755; val_WER: 0.2396419644355774
2023-10-15 11:31:49,588 - root - INFO - Epoch 162; loss: 11.400721549987793; CER: 0.07852614670991898; WER: 0.23699668049812317; val_loss: 16.36683464050293; val_CER: 0.09458958357572556; val_WER: 0.26290419697761536
2023-10-15 11:33:13,464 - root - INFO - Epoch 163; loss: 11.02579402923584; CER: 0.07522453367710114; WER: 0.22354161739349365; val_loss: 15.799759864807129; val_CER: 0.09087817370891571; val_WER: 0.2524784207344055
2023-10-15 11:35:35,661 - root - INFO - Epoch 164; loss: 11.287148475646973; CER: 0.07668422162532806; WER: 0.22808867692947388; val_loss: 15.551011085510254; val_CER: 0.08572740852832794; val_WER: 0.23192918300628662
2023-10-15 11:36:59,586 - root - INFO - Epoch 165; loss: 11.016300201416016; CER: 0.07518544793128967; WER: 0.226948082447052; val_loss: 15.586067199707031; val_CER: 0.0861840695142746; val_WER: 0.23898492753505707
2023-10-15 11:38:23,061 - root - INFO - Epoch 166; loss: 10.832776069641113; CER: 0.07436051964759827; WER: 0.22151391208171844; val_loss: 15.117600440979004; val_CER: 0.09274709969758987; val_WER: 0.24980305135250092
2023-10-15 11:39:47,200 - root - INFO - Epoch 167; loss: 10.43600082397461; CER: 0.06940367072820663; WER: 0.21359296143054962; val_loss: 15.335044860839844; val_CER: 0.08646158128976822; val_WER: 0.2405107021331787
2023-10-15 11:41:11,609 - root - INFO - Epoch 168; loss: 10.264501571655273; CER: 0.06926620006561279; WER: 0.21339762210845947; val_loss: 15.496903419494629; val_CER: 0.08552451431751251; val_WER: 0.22457513213157654
2023-10-15 11:42:35,520 - root - INFO - Epoch 169; loss: 9.973329544067383; CER: 0.0679677426815033; WER: 0.21128050982952118; val_loss: 15.08394718170166; val_CER: 0.08125751465559006; val_WER: 0.22231514751911163
2023-10-15 11:43:59,746 - root - INFO - Epoch 170; loss: 10.069358825683594; CER: 0.07090611010789871; WER: 0.21492958068847656; val_loss: 15.074764251708984; val_CER: 0.08422774076461792; val_WER: 0.22379669547080994
2023-10-15 11:45:23,930 - root - INFO - Epoch 171; loss: 10.23730182647705; CER: 0.06999126076698303; WER: 0.21599535644054413; val_loss: 15.047394752502441; val_CER: 0.077226422727108; val_WER: 0.21916550397872925
2023-10-15 11:46:47,671 - root - INFO - Epoch 172; loss: 9.789971351623535; CER: 0.06493987888097763; WER: 0.19877168536186218; val_loss: 15.179852485656738; val_CER: 0.0807502344250679; val_WER: 0.21970181167125702
2023-10-15 11:48:11,790 - root - INFO - Epoch 173; loss: 9.472894668579102; CER: 0.06250239908695221; WER: 0.194844588637352; val_loss: 14.618823051452637; val_CER: 0.07816076278686523; val_WER: 0.22037948668003082
2023-10-15 11:49:40,208 - root - INFO - Epoch 174; loss: 9.834856986999512; CER: 0.06720580160617828; WER: 0.20429395139217377; val_loss: 14.500855445861816; val_CER: 0.08125866204500198; val_WER: 0.22492367029190063
2023-10-15 11:49:43,504 - tf2onnx.tfonnx - INFO - Using tensorflow=2.12.0, onnx=1.14.1, tf2onnx=1.15.1/37820d
2023-10-15 11:49:43,504 - tf2onnx.tfonnx - INFO - Using opset <onnx, 15>
2023-10-15 11:49:43,654 - tf2onnx.tf_utils - INFO - Computed 0 values for constant folding
2023-10-15 11:49:43,656 - tf2onnx.tf_utils - INFO - Computed 0 values for constant folding
2023-10-15 11:49:43,659 - tf2onnx.tf_utils - INFO - Computed 0 values for constant folding
2023-10-15 11:49:43,664 - tf2onnx.tf_utils - INFO - Computed 0 values for constant folding
2023-10-15 11:49:43,667 - tf2onnx.tf_utils - INFO - Computed 0 values for constant folding
2023-10-15 11:49:43,672 - tf2onnx.tf_utils - INFO - Computed 0 values for constant folding
2023-10-15 11:49:43,678 - tf2onnx.tf_utils - INFO - Computed 0 values for constant folding
2023-10-15 11:49:43,680 - tf2onnx.tf_utils - INFO - Computed 0 values for constant folding
2023-10-15 11:49:43,758 - tf2onnx.tf_utils - INFO - Computed 2 values for constant folding
2023-10-15 11:49:43,859 - tf2onnx.tfonnx - INFO - folding node using tf type=StridedSlice, name=model/bidirectional/forward_lstm/PartitionedCall/strided_slice
2023-10-15 11:49:43,859 - tf2onnx.tfonnx - INFO - folding node using tf type=StridedSlice, name=model/bidirectional/backward_lstm/PartitionedCall/strided_slice
2023-10-15 11:49:44,108 - tf2onnx.optimizer - INFO - Optimizing ONNX model
2023-10-15 11:49:44,926 - tf2onnx.optimizer - INFO - After optimization: BatchNormalization -18 (18->0), Cast -8 (17->9), Concat -8 (17->9), Const -173 (243->70), Expand -6 (8->2), Gather +3 (2->5), Identity -2 (2->0), Shape -2 (6->4), Slice -2 (9->7), Squeeze -5 (9->4), Transpose -86 (90->4), Unsqueeze -25 (29->4)
